[2023/06/29 15:21:50.014] [DEBUG] [Operations.spec.ts:274] Starting simple operations test.
[2023/06/29 15:21:50.019] [DEBUG] [Operations.ts:243] Current operation index: 0 out of: 3
[2023/06/29 15:21:50.023] [DEBUG] [Operation.ts:501] *******************************************************************
[2023/06/29 15:21:50.024] [DEBUG] [Operation.ts:502] ***Operation: Initialize Test Sub Op 1 is starting ****************
[2023/06/29 15:21:50.024] [DEBUG] [Operation.ts:503] *******************************************************************
[2023/06/29 15:21:50.025] [INFO] [TestSubOp1.ts:36] Test sub operation 1 is beginning.
[2023/06/29 15:21:50.026] [DEBUG] [Operation.ts:387] Queued first operation to result list: Initialize Test Sub Op 1
[2023/06/29 15:21:50.027] [DEBUG] [Operation.ts:511] Operation: Initialize Test Sub Op 1 has ended.
[2023/06/29 15:21:50.028] [DEBUG] [Operation.ts:515] Operation has succeeded.
[2023/06/29 15:21:50.029] [DEBUG] [Operation.ts:571] Calling operation complete callback for: Initialize Test Sub Op 1
[2023/06/29 15:21:50.029] [DEBUG] [Operations.ts:192] Operation in list completed: Initialize Test Sub Op 1
[2023/06/29 15:21:50.030] [DEBUG] [Operation.ts:387] Queued first operation to result list: Initialize Test Sub Op 1
[2023/06/29 15:21:50.031] [DEBUG] [Operations.ts:243] Current operation index: 1 out of: 3
[2023/06/29 15:21:50.031] [DEBUG] [Operation.ts:501] *******************************************************************
[2023/06/29 15:21:50.032] [DEBUG] [Operation.ts:502] ***Operation: Initialize Test Sub Op 2 is starting ****************
[2023/06/29 15:21:50.033] [DEBUG] [Operation.ts:503] *******************************************************************
[2023/06/29 15:21:50.034] [INFO] [TestSubOp2.ts:36] Test sub operation 2 is beginning.
[2023/06/29 15:21:50.035] [DEBUG] [Operation.ts:387] Queued first operation to result list: Initialize Test Sub Op 2
[2023/06/29 15:21:50.035] [DEBUG] [Operation.ts:511] Operation: Initialize Test Sub Op 2 has ended.
[2023/06/29 15:21:50.036] [DEBUG] [Operation.ts:515] Operation has succeeded.
[2023/06/29 15:21:50.036] [DEBUG] [Operation.ts:571] Calling operation complete callback for: Initialize Test Sub Op 2
[2023/06/29 15:21:50.037] [DEBUG] [Operations.ts:192] Operation in list completed: Initialize Test Sub Op 2
[2023/06/29 15:21:50.038] [DEBUG] [Operation.ts:396] Queued additional operation to result list: Initialize Test Sub Op 2
[2023/06/29 15:21:50.038] [DEBUG] [Operations.ts:243] Current operation index: 2 out of: 3
[2023/06/29 15:21:50.039] [DEBUG] [Operation.ts:501] *******************************************************************
[2023/06/29 15:21:50.039] [DEBUG] [Operation.ts:502] ***Operation: Initialize Test Sub Op No Undo is starting **********
[2023/06/29 15:21:50.040] [DEBUG] [Operation.ts:503] *******************************************************************
[2023/06/29 15:21:50.041] [DEBUG] [TestSubOpNoUndo.ts:38] Test sub operation no undo is beginning.
[2023/06/29 15:21:50.041] [DEBUG] [Operation.ts:387] Queued first operation to result list: Initialize Test Sub Op No Undo
[2023/06/29 15:21:50.042] [DEBUG] [Operation.ts:511] Operation: Initialize Test Sub Op No Undo has ended.
[2023/06/29 15:21:50.042] [DEBUG] [Operation.ts:515] Operation has succeeded.
[2023/06/29 15:21:50.045] [DEBUG] [Operation.ts:571] Calling operation complete callback for: Initialize Test Sub Op No Undo
[2023/06/29 15:21:50.046] [DEBUG] [Operations.ts:192] Operation in list completed: Initialize Test Sub Op No Undo
[2023/06/29 15:21:50.046] [DEBUG] [Operation.ts:396] Queued additional operation to result list: Initialize Test Sub Op No Undo
[2023/06/29 15:21:50.047] [DEBUG] [Operations.ts:243] Current operation index: 3 out of: 3
[2023/06/29 15:21:50.047] [INFO] [Operations.ts:247] All operations in the list have completed.
[2023/06/29 15:21:50.048] [DEBUG] [Operations.spec.ts:278] All operations have completed
[2023/06/29 15:21:50.053] [DEBUG] [Operations.spec.ts:284] Starting complex operations tests.
[2023/06/29 15:21:50.053] [DEBUG] [Operations.ts:243] Current operation index: 0 out of: 3
[2023/06/29 15:21:50.054] [DEBUG] [Operations.ts:243] Current operation index: 0 out of: 3
[2023/06/29 15:21:50.055] [DEBUG] [Operation.ts:501] *******************************************************************
[2023/06/29 15:21:50.056] [DEBUG] [Operation.ts:502] ***Operation: Initialize Test Sub Op 1 is starting ****************
[2023/06/29 15:21:50.056] [DEBUG] [Operation.ts:503] *******************************************************************
[2023/06/29 15:21:50.057] [INFO] [TestSubOp1.ts:36] Test sub operation 1 is beginning.
[2023/06/29 15:21:50.057] [DEBUG] [Operation.ts:387] Queued first operation to result list: Initialize Test Sub Op 1
[2023/06/29 15:21:50.058] [DEBUG] [Operation.ts:511] Operation: Initialize Test Sub Op 1 has ended.
[2023/06/29 15:21:50.058] [DEBUG] [Operation.ts:515] Operation has succeeded.
[2023/06/29 15:21:50.059] [DEBUG] [Operation.ts:571] Calling operation complete callback for: Initialize Test Sub Op 1
[2023/06/29 15:21:50.060] [DEBUG] [Operations.ts:192] Operation in list completed: Initialize Test Sub Op 1
[2023/06/29 15:21:50.060] [DEBUG] [Operation.ts:387] Queued first operation to result list: Initialize Test Sub Op 1
[2023/06/29 15:21:50.061] [DEBUG] [Operations.ts:243] Current operation index: 1 out of: 3
[2023/06/29 15:21:50.061] [DEBUG] [Operation.ts:501] *******************************************************************
[2023/06/29 15:21:50.062] [DEBUG] [Operation.ts:502] ***Operation: Initialize Test Sub Op 2 is starting ****************
[2023/06/29 15:21:50.063] [DEBUG] [Operation.ts:503] *******************************************************************
[2023/06/29 15:21:50.063] [INFO] [TestSubOp2.ts:36] Test sub operation 2 is beginning.
[2023/06/29 15:21:50.064] [DEBUG] [Operation.ts:387] Queued first operation to result list: Initialize Test Sub Op 2
[2023/06/29 15:21:50.064] [DEBUG] [Operation.ts:511] Operation: Initialize Test Sub Op 2 has ended.
[2023/06/29 15:21:50.065] [DEBUG] [Operation.ts:515] Operation has succeeded.
[2023/06/29 15:21:50.066] [DEBUG] [Operation.ts:571] Calling operation complete callback for: Initialize Test Sub Op 2
[2023/06/29 15:21:50.066] [DEBUG] [Operations.ts:192] Operation in list completed: Initialize Test Sub Op 2
[2023/06/29 15:21:50.067] [DEBUG] [Operation.ts:396] Queued additional operation to result list: Initialize Test Sub Op 2
[2023/06/29 15:21:50.068] [DEBUG] [Operations.ts:243] Current operation index: 2 out of: 3
[2023/06/29 15:21:50.068] [DEBUG] [Operation.ts:501] *******************************************************************
[2023/06/29 15:21:50.069] [DEBUG] [Operation.ts:502] ***Operation: Initialize Test Sub Op No Undo is starting **********
[2023/06/29 15:21:50.070] [DEBUG] [Operation.ts:503] *******************************************************************
[2023/06/29 15:21:50.070] [DEBUG] [TestSubOpNoUndo.ts:38] Test sub operation no undo is beginning.
[2023/06/29 15:21:50.071] [DEBUG] [Operation.ts:387] Queued first operation to result list: Initialize Test Sub Op No Undo
[2023/06/29 15:21:50.071] [DEBUG] [Operation.ts:511] Operation: Initialize Test Sub Op No Undo has ended.
[2023/06/29 15:21:50.072] [DEBUG] [Operation.ts:515] Operation has succeeded.
[2023/06/29 15:21:50.073] [DEBUG] [Operation.ts:571] Calling operation complete callback for: Initialize Test Sub Op No Undo
[2023/06/29 15:21:50.073] [DEBUG] [Operations.ts:192] Operation in list completed: Initialize Test Sub Op No Undo
[2023/06/29 15:21:50.074] [DEBUG] [Operation.ts:396] Queued additional operation to result list: Initialize Test Sub Op No Undo
[2023/06/29 15:21:50.074] [DEBUG] [Operations.ts:243] Current operation index: 3 out of: 3
[2023/06/29 15:21:50.075] [INFO] [Operations.ts:247] All operations in the list have completed.
[2023/06/29 15:21:50.075] [DEBUG] [Operations.ts:192] Operation in list completed: Initialize Test Sub Op 1
[2023/06/29 15:21:50.076] [DEBUG] [Operation.ts:387] Queued first operation to result list: Initialize Test Sub Op 1
[2023/06/29 15:21:50.077] [DEBUG] [Operations.ts:243] Current operation index: 1 out of: 3
[2023/06/29 15:21:50.077] [DEBUG] [Operations.ts:243] Current operation index: 0 out of: 2
[2023/06/29 15:21:50.078] [DEBUG] [Operation.ts:501] *******************************************************************
[2023/06/29 15:21:50.079] [DEBUG] [Operation.ts:502] ***Operation: Initialize Test Sub Op 4 is starting ****************
[2023/06/29 15:21:50.079] [DEBUG] [Operation.ts:503] *******************************************************************
[2023/06/29 15:21:50.080] [INFO] [TestSubOp4.ts:39] Test sub operation 4 is beginning.
[2023/06/29 15:21:50.080] [DEBUG] [Operation.ts:387] Queued first operation to result list: Initialize Test Sub Op 4
[2023/06/29 15:21:50.081] [DEBUG] [Operation.ts:511] Operation: Initialize Test Sub Op 4 has ended.
[2023/06/29 15:21:50.082] [DEBUG] [Operation.ts:515] Operation has succeeded.
[2023/06/29 15:21:50.083] [DEBUG] [Operation.ts:571] Calling operation complete callback for: Initialize Test Sub Op 4
[2023/06/29 15:21:50.083] [DEBUG] [Operations.ts:192] Operation in list completed: Initialize Test Sub Op 4
[2023/06/29 15:21:50.084] [DEBUG] [Operation.ts:387] Queued first operation to result list: Initialize Test Sub Op 4
[2023/06/29 15:21:50.084] [DEBUG] [Operations.ts:243] Current operation index: 1 out of: 2
[2023/06/29 15:21:50.085] [DEBUG] [Operation.ts:501] *******************************************************************
[2023/06/29 15:21:50.086] [DEBUG] [Operation.ts:502] ***Operation: Initialize Test Sub Op 5 is starting ****************
[2023/06/29 15:21:50.086] [DEBUG] [Operation.ts:503] *******************************************************************
[2023/06/29 15:21:50.087] [DEBUG] [TestSubOp5.ts:39] Test sub operation 5 is beginning.
[2023/06/29 15:21:50.088] [DEBUG] [Operation.ts:387] Queued first operation to result list: Initialize Test Sub Op 5
[2023/06/29 15:21:50.088] [DEBUG] [Operation.ts:511] Operation: Initialize Test Sub Op 5 has ended.
[2023/06/29 15:21:50.089] [DEBUG] [Operation.ts:515] Operation has succeeded.
[2023/06/29 15:21:50.089] [DEBUG] [Operation.ts:571] Calling operation complete callback for: Initialize Test Sub Op 5
[2023/06/29 15:21:50.090] [DEBUG] [Operations.ts:192] Operation in list completed: Initialize Test Sub Op 5
[2023/06/29 15:21:50.090] [DEBUG] [Operation.ts:396] Queued additional operation to result list: Initialize Test Sub Op 5
[2023/06/29 15:21:50.091] [DEBUG] [Operations.ts:243] Current operation index: 2 out of: 2
[2023/06/29 15:21:50.092] [INFO] [Operations.ts:247] All operations in the list have completed.
[2023/06/29 15:21:50.092] [DEBUG] [Operations.ts:192] Operation in list completed: Initialize Test Sub Op 4
[2023/06/29 15:21:50.093] [DEBUG] [Operation.ts:396] Queued additional operation to result list: Initialize Test Sub Op 4
[2023/06/29 15:21:50.093] [DEBUG] [Operations.ts:243] Current operation index: 2 out of: 3
[2023/06/29 15:21:50.094] [DEBUG] [Operation.ts:501] *******************************************************************
[2023/06/29 15:21:50.095] [DEBUG] [Operation.ts:502] ***Operation: Initialize Test Sub Op 6 is starting ****************
[2023/06/29 15:21:50.095] [DEBUG] [Operation.ts:503] *******************************************************************
[2023/06/29 15:21:50.096] [DEBUG] [TestSubOp6.ts:39] Test sub operation 6 is beginning.
[2023/06/29 15:21:50.096] [DEBUG] [Operation.ts:387] Queued first operation to result list: Initialize Test Sub Op 6
[2023/06/29 15:21:50.097] [DEBUG] [Operation.ts:511] Operation: Initialize Test Sub Op 6 has ended.
[2023/06/29 15:21:50.098] [DEBUG] [Operation.ts:515] Operation has succeeded.
[2023/06/29 15:21:50.098] [DEBUG] [Operation.ts:571] Calling operation complete callback for: Initialize Test Sub Op 6
[2023/06/29 15:21:50.099] [DEBUG] [Operations.ts:192] Operation in list completed: Initialize Test Sub Op 6
[2023/06/29 15:21:50.100] [DEBUG] [Operation.ts:396] Queued additional operation to result list: Initialize Test Sub Op 6
[2023/06/29 15:21:50.100] [DEBUG] [Operations.ts:243] Current operation index: 3 out of: 3
[2023/06/29 15:21:50.101] [INFO] [Operations.ts:247] All operations in the list have completed.
[2023/06/29 15:21:50.101] [DEBUG] [Operations.spec.ts:288] All operations have completed
[2023/06/29 15:21:50.105] [DEBUG] [Operations.spec.ts:294] Starting simple undo test
[2023/06/29 15:21:50.106] [DEBUG] [Operations.ts:243] Current operation index: 0 out of: 3
[2023/06/29 15:21:50.106] [DEBUG] [Operations.ts:243] Current operation index: 0 out of: 3
[2023/06/29 15:21:50.107] [DEBUG] [Operation.ts:501] *******************************************************************
[2023/06/29 15:21:50.107] [DEBUG] [Operation.ts:502] ***Operation: Initialize Test Sub Op 1 is starting ****************
[2023/06/29 15:21:50.108] [DEBUG] [Operation.ts:503] *******************************************************************
[2023/06/29 15:21:50.109] [INFO] [TestSubOp1.ts:36] Test sub operation 1 is beginning.
[2023/06/29 15:21:50.109] [DEBUG] [Operation.ts:387] Queued first operation to result list: Initialize Test Sub Op 1
[2023/06/29 15:21:50.110] [DEBUG] [Operation.ts:511] Operation: Initialize Test Sub Op 1 has ended.
[2023/06/29 15:21:50.110] [DEBUG] [Operation.ts:515] Operation has succeeded.
[2023/06/29 15:21:50.111] [DEBUG] [Operation.ts:571] Calling operation complete callback for: Initialize Test Sub Op 1
[2023/06/29 15:21:50.111] [DEBUG] [Operations.ts:192] Operation in list completed: Initialize Test Sub Op 1
[2023/06/29 15:21:50.112] [DEBUG] [Operation.ts:387] Queued first operation to result list: Initialize Test Sub Op 1
[2023/06/29 15:21:50.112] [DEBUG] [Operations.ts:243] Current operation index: 1 out of: 3
[2023/06/29 15:21:50.113] [DEBUG] [Operation.ts:501] *******************************************************************
[2023/06/29 15:21:50.114] [DEBUG] [Operation.ts:502] ***Operation: Initialize Test Sub Op 2 is starting ****************
[2023/06/29 15:21:50.114] [DEBUG] [Operation.ts:503] *******************************************************************
[2023/06/29 15:21:50.115] [INFO] [TestSubOp2.ts:36] Test sub operation 2 is beginning.
[2023/06/29 15:21:50.116] [DEBUG] [Operation.ts:387] Queued first operation to result list: Initialize Test Sub Op 2
[2023/06/29 15:21:50.116] [DEBUG] [Operation.ts:511] Operation: Initialize Test Sub Op 2 has ended.
[2023/06/29 15:21:50.117] [DEBUG] [Operation.ts:515] Operation has succeeded.
[2023/06/29 15:21:50.118] [DEBUG] [Operation.ts:571] Calling operation complete callback for: Initialize Test Sub Op 2
[2023/06/29 15:21:50.118] [DEBUG] [Operations.ts:192] Operation in list completed: Initialize Test Sub Op 2
[2023/06/29 15:21:50.119] [DEBUG] [Operation.ts:396] Queued additional operation to result list: Initialize Test Sub Op 2
[2023/06/29 15:21:50.120] [DEBUG] [Operations.ts:243] Current operation index: 2 out of: 3
[2023/06/29 15:21:50.124] [DEBUG] [Operation.ts:501] *******************************************************************
[2023/06/29 15:21:50.124] [DEBUG] [Operation.ts:502] ***Operation: Initialize Test Sub Op No Undo is starting **********
[2023/06/29 15:21:50.125] [DEBUG] [Operation.ts:503] *******************************************************************
[2023/06/29 15:21:50.126] [DEBUG] [TestSubOpNoUndo.ts:38] Test sub operation no undo is beginning.
[2023/06/29 15:21:50.126] [DEBUG] [Operation.ts:387] Queued first operation to result list: Initialize Test Sub Op No Undo
[2023/06/29 15:21:50.127] [DEBUG] [Operation.ts:511] Operation: Initialize Test Sub Op No Undo has ended.
[2023/06/29 15:21:50.128] [DEBUG] [Operation.ts:515] Operation has succeeded.
[2023/06/29 15:21:50.128] [DEBUG] [Operation.ts:571] Calling operation complete callback for: Initialize Test Sub Op No Undo
[2023/06/29 15:21:50.129] [DEBUG] [Operations.ts:192] Operation in list completed: Initialize Test Sub Op No Undo
[2023/06/29 15:21:50.129] [DEBUG] [Operation.ts:396] Queued additional operation to result list: Initialize Test Sub Op No Undo
[2023/06/29 15:21:50.130] [DEBUG] [Operations.ts:243] Current operation index: 3 out of: 3
[2023/06/29 15:21:50.131] [INFO] [Operations.ts:247] All operations in the list have completed.
[2023/06/29 15:21:50.131] [DEBUG] [Operations.ts:192] Operation in list completed: Initialize Test Sub Op 1
[2023/06/29 15:21:50.132] [DEBUG] [Operation.ts:387] Queued first operation to result list: Initialize Test Sub Op 1
[2023/06/29 15:21:50.133] [DEBUG] [Operations.ts:243] Current operation index: 1 out of: 3
[2023/06/29 15:21:50.134] [DEBUG] [Operations.ts:243] Current operation index: 0 out of: 2
[2023/06/29 15:21:50.134] [DEBUG] [Operation.ts:501] *******************************************************************
[2023/06/29 15:21:50.135] [DEBUG] [Operation.ts:502] ***Operation: Initialize Test Sub Op 4 is starting ****************
[2023/06/29 15:21:50.135] [DEBUG] [Operation.ts:503] *******************************************************************
[2023/06/29 15:21:50.136] [INFO] [TestSubOp4.ts:39] Test sub operation 4 is beginning.
[2023/06/29 15:21:50.136] [DEBUG] [Operation.ts:387] Queued first operation to result list: Initialize Test Sub Op 4
[2023/06/29 15:21:50.137] [DEBUG] [Operation.ts:511] Operation: Initialize Test Sub Op 4 has ended.
[2023/06/29 15:21:50.138] [DEBUG] [Operation.ts:515] Operation has succeeded.
[2023/06/29 15:21:50.138] [DEBUG] [Operation.ts:571] Calling operation complete callback for: Initialize Test Sub Op 4
[2023/06/29 15:21:50.139] [DEBUG] [Operations.ts:192] Operation in list completed: Initialize Test Sub Op 4
[2023/06/29 15:21:50.139] [DEBUG] [Operation.ts:387] Queued first operation to result list: Initialize Test Sub Op 4
[2023/06/29 15:21:50.140] [DEBUG] [Operations.ts:243] Current operation index: 1 out of: 2
[2023/06/29 15:21:50.140] [DEBUG] [Operation.ts:501] *******************************************************************
[2023/06/29 15:21:50.141] [DEBUG] [Operation.ts:502] ***Operation: Initialize Test Sub Op 5 is starting ****************
[2023/06/29 15:21:50.141] [DEBUG] [Operation.ts:503] *******************************************************************
[2023/06/29 15:21:50.142] [DEBUG] [TestSubOp5.ts:39] Test sub operation 5 is beginning.
[2023/06/29 15:21:50.143] [DEBUG] [Operation.ts:387] Queued first operation to result list: Initialize Test Sub Op 5
[2023/06/29 15:21:50.143] [DEBUG] [Operation.ts:511] Operation: Initialize Test Sub Op 5 has ended.
[2023/06/29 15:21:50.144] [DEBUG] [Operation.ts:515] Operation has succeeded.
[2023/06/29 15:21:50.144] [DEBUG] [Operation.ts:571] Calling operation complete callback for: Initialize Test Sub Op 5
[2023/06/29 15:21:50.145] [DEBUG] [Operations.ts:192] Operation in list completed: Initialize Test Sub Op 5
[2023/06/29 15:21:50.145] [DEBUG] [Operation.ts:396] Queued additional operation to result list: Initialize Test Sub Op 5
[2023/06/29 15:21:50.146] [DEBUG] [Operations.ts:243] Current operation index: 2 out of: 2
[2023/06/29 15:21:50.147] [INFO] [Operations.ts:247] All operations in the list have completed.
[2023/06/29 15:21:50.147] [DEBUG] [Operations.ts:192] Operation in list completed: Initialize Test Sub Op 4
[2023/06/29 15:21:50.148] [DEBUG] [Operation.ts:396] Queued additional operation to result list: Initialize Test Sub Op 4
[2023/06/29 15:21:50.149] [DEBUG] [Operations.ts:243] Current operation index: 2 out of: 3
[2023/06/29 15:21:50.149] [DEBUG] [Operation.ts:501] *******************************************************************
[2023/06/29 15:21:50.150] [DEBUG] [Operation.ts:502] ***Operation: Initialize Test Sub Op fail is starting *************
[2023/06/29 15:21:50.150] [DEBUG] [Operation.ts:503] *******************************************************************
[2023/06/29 15:21:50.151] [INFO] [TestSubOpFail.ts:37] Test sub operation failed is beginning.
[2023/06/29 15:21:50.152] [ERROR] [Operation.ts:538] Operation: Initialize Test Sub Op fail has failed.
[2023/06/29 15:21:50.153] [ERROR] [Operation.ts:539] Will attempt undo operations where applicable.
[2023/06/29 15:21:50.153] [DEBUG] [Operation.ts:387] Queued first operation to result list: Initialize Test Sub Op fail
[2023/06/29 15:21:50.154] [DEBUG] [Operation.ts:511] Operation: Initialize Test Sub Op fail has ended.
[2023/06/29 15:21:50.154] [ERROR] [Operation.ts:513] Operation Initialize Test Sub Op fail has failed.
[2023/06/29 15:21:50.155] [INFO] [Operation.ts:243] Operation: Initialize Test Sub Op fail attempting undo action.
[2023/06/29 15:21:50.156] [INFO] [Operation.ts:461] Cleaning all files and directories marked as 'undo-able'.
[2023/06/29 15:21:50.156] [INFO] [TestSubOpFail.ts:32] Performing undo action for test sub op fail.
[2023/06/29 15:21:50.157] [DEBUG] [Operation.ts:581] Calling operation complete callback after undo: Initialize Test Sub Op fail
[2023/06/29 15:21:50.157] [DEBUG] [Operations.ts:192] Operation in list completed: Initialize Test Sub Op fail
[2023/06/29 15:21:50.158] [DEBUG] [Operation.ts:396] Queued additional operation to result list: Initialize Test Sub Op fail
[2023/06/29 15:21:50.158] [DEBUG] [Operations.ts:200] Operation (Initialize Test Sub Op fail) chose to quit current path
[2023/06/29 15:21:50.159] [DEBUG] [Operations.ts:270] Building list of undo operation actions
[2023/06/29 15:21:50.160] [DEBUG] [Operations.ts:274] Adding operation (Initialize Test Sub Op 1) to undo list.
[2023/06/29 15:21:50.160] [DEBUG] [Operations.ts:274] Adding operation (Initialize Test Sub Op 2) to undo list.
[2023/06/29 15:21:50.161] [DEBUG] [Operations.ts:274] Adding operation (Initialize Test Sub Op 4) to undo list.
[2023/06/29 15:21:50.161] [DEBUG] [Operations.ts:274] Adding operation (Initialize Test Sub Op 5) to undo list.
[2023/06/29 15:21:50.162] [DEBUG] [Operations.ts:284] There are operations to undo, invoking undo functions now.
[2023/06/29 15:21:50.163] [DEBUG] [Operations.ts:297] Execute next undo entered. Current index: 4
[2023/06/29 15:21:50.163] [DEBUG] [Operations.ts:303] Decrementing undo index and performing next undo. Index: 3
[2023/06/29 15:21:50.164] [INFO] [Operation.ts:243] Operation: Initialize Test Sub Op 5 attempting undo action.
[2023/06/29 15:21:50.164] [INFO] [Operation.ts:461] Cleaning all files and directories marked as 'undo-able'.
[2023/06/29 15:21:50.166] [DEBUG] [TestSubOp5.ts:34] Performing undo action for test sub op 5.
[2023/06/29 15:21:50.168] [DEBUG] [Operations.ts:297] Execute next undo entered. Current index: 3
[2023/06/29 15:21:50.169] [DEBUG] [Operations.ts:303] Decrementing undo index and performing next undo. Index: 2
[2023/06/29 15:21:50.169] [INFO] [Operation.ts:243] Operation: Initialize Test Sub Op 4 attempting undo action.
[2023/06/29 15:21:50.170] [INFO] [Operation.ts:461] Cleaning all files and directories marked as 'undo-able'.
[2023/06/29 15:21:50.170] [INFO] [TestSubOp4.ts:34] Performing undo action for test sub op 4.
[2023/06/29 15:21:50.171] [DEBUG] [Operations.ts:297] Execute next undo entered. Current index: 2
[2023/06/29 15:21:50.171] [DEBUG] [Operations.ts:303] Decrementing undo index and performing next undo. Index: 1
[2023/06/29 15:21:50.172] [INFO] [Operation.ts:243] Operation: Initialize Test Sub Op 2 attempting undo action.
[2023/06/29 15:21:50.172] [INFO] [Operation.ts:461] Cleaning all files and directories marked as 'undo-able'.
[2023/06/29 15:21:50.173] [INFO] [TestSubOp2.ts:31] Performing undo action for test sub op 2.
[2023/06/29 15:21:50.174] [DEBUG] [Operations.ts:297] Execute next undo entered. Current index: 1
[2023/06/29 15:21:50.174] [DEBUG] [Operations.ts:303] Decrementing undo index and performing next undo. Index: 0
[2023/06/29 15:21:50.175] [INFO] [Operation.ts:243] Operation: Initialize Test Sub Op 1 attempting undo action.
[2023/06/29 15:21:50.175] [INFO] [Operation.ts:461] Cleaning all files and directories marked as 'undo-able'.
[2023/06/29 15:21:50.176] [INFO] [TestSubOp1.ts:31] Performing undo action for test sub op 1.
[2023/06/29 15:21:50.176] [DEBUG] [Operations.ts:297] Execute next undo entered. Current index: 0
[2023/06/29 15:21:50.177] [DEBUG] [Operations.ts:299] Invoke the callers operation complete callback.
[2023/06/29 15:21:50.177] [DEBUG] [Operations.spec.ts:298] All operations have completed
[2023/06/29 15:42:15.156] [INFO] [TestUtil.ts:180] Executing node --require ts-node/register C:\ourstuff\repos\dev\imperative\__tests__\src\packages\imperative\plugins\test_cli\TestCLI.ts --help
[2023/06/29 15:42:15.159] [DEBUG] [TestUtil.ts:182] [Object: null prototype] {} Executing node --require ts-node/register C:\ourstuff\repos\dev\imperative\__tests__\src\packages\imperative\plugins\test_cli\TestCLI.ts --help
[2023/06/29 15:42:23.143] [DEBUG] [TestUtil.ts:203] Command output: 
 
 DESCRIPTION
 -----------

   Sample command line interface

 USAGE
 -----

   C:\ourstuff\repos\dev\imperative\__tests__\src\packages\imperative\plugins\test_cli\TestCLI.ts <group>

   Where <group> is one of the following:

 GROUPS
 ------

   config   Manage JSON project and global configuration          
   plugins  Install and manage plug-ins.                          
   profiles Create and manage configuration profiles. (deprecated)

 OPTIONS
 -------

   --version | -V (boolean)

      Display the current version of Test CLI for Plugins

   --available-commands | --ac (boolean)

      Displays a list of available commands

 GLOBAL OPTIONS
 --------------

   --response-format-json | --rfj (boolean)

      Produce JSON formatted data from a command

   --help | -h (boolean)

      Display help text

   --help-web | --hw (boolean)

      Display HTML help in browser

 
exit code: 0
[2023/06/29 15:42:23.146] [INFO] [TestUtil.ts:180] Executing node --require ts-node/register C:\ourstuff\repos\dev\imperative\__tests__\src\packages\imperative\plugins\test_cli\TestCLI.ts config init --global-config --prompt false
[2023/06/29 15:42:23.147] [DEBUG] [TestUtil.ts:182] [Object: null prototype] {} Executing node --require ts-node/register C:\ourstuff\repos\dev\imperative\__tests__\src\packages\imperative\plugins\test_cli\TestCLI.ts config init --global-config --prompt false
[2023/06/29 15:42:25.002] [DEBUG] [TestUtil.ts:203] Command output: 
 Saved config template to C:\ourstuff\repos\dev\imperative\__tests__\__results__\.pluginstest\plugins_test.config.json
 
exit code: 0
[2023/06/29 15:42:25.003] [INFO] [TestUtil.ts:180] Executing node --require ts-node/register C:\ourstuff\repos\dev\imperative\__tests__\src\packages\imperative\plugins\test_cli\TestCLI.ts plugins install C:\ourstuff\repos\dev\imperative\__tests__\src\packages\imperative\plugins\test_plugins\normal_plugin
[2023/06/29 15:42:25.004] [DEBUG] [TestUtil.ts:182] [Object: null prototype] {} Executing node --require ts-node/register C:\ourstuff\repos\dev\imperative\__tests__\src\packages\imperative\plugins\test_cli\TestCLI.ts plugins install C:\ourstuff\repos\dev\imperative\__tests__\src\packages\imperative\plugins\test_plugins\normal_plugin
[2023/06/29 15:42:35.144] [DEBUG] [TestUtil.ts:203] Command output: 
 Plug-ins within the Imperative CLI Framework can legitimately gain
control of the C:\ourstuff\repos\dev\imperative\__tests__\src\packages\imperative\plugins\test_cli\TestCLI.ts CLI application during the execution of every command.
Install 3rd party plug-ins at your own risk.

Registry = https://registry.npmjs.org/

_______________________________________________________________
Installed plugin name = 'normal-plugin'

_____ Validation results for plugin 'normal-plugin' _____
This plugin was successfully validated. Enjoy the plugin.


 
exit code: 0
[2023/06/29 15:42:35.146] [INFO] [TestUtil.ts:180] Executing node --require ts-node/register C:\ourstuff\repos\dev\imperative\__tests__\src\packages\imperative\plugins\test_cli\TestCLI.ts --help
[2023/06/29 15:42:35.147] [DEBUG] [TestUtil.ts:182] [Object: null prototype] {} Executing node --require ts-node/register C:\ourstuff\repos\dev\imperative\__tests__\src\packages\imperative\plugins\test_cli\TestCLI.ts --help
[2023/06/29 15:42:36.918] [DEBUG] [TestUtil.ts:203] Command output: 
 
 DESCRIPTION
 -----------

   Sample command line interface

 USAGE
 -----

   C:\ourstuff\repos\dev\imperative\__tests__\src\packages\imperative\plugins\test_cli\TestCLI.ts <group>

   Where <group> is one of the following:

 GROUPS
 ------

   config                       Manage JSON project and global configuration 
   normal-plugin | np | normalp This summary is completely different from the
                                description!                                 
   plugins                      Install and manage plug-ins.                 
   profiles                     Create and manage configuration profiles.    
                                (deprecated)                                 

 OPTIONS
 -------

   --version | -V (boolean)

      Display the current version of Test CLI for Plugins

   --available-commands | --ac (boolean)

      Displays a list of available commands

 GLOBAL OPTIONS
 --------------

   --response-format-json | --rfj (boolean)

      Produce JSON formatted data from a command

   --help | -h (boolean)

      Display help text

   --help-web | --hw (boolean)

      Display HTML help in browser

 
exit code: 0
[2023/06/29 15:42:37.360] [INFO] [TestUtil.ts:180] Executing node --require ts-node/register C:\ourstuff\repos\dev\imperative\__tests__\src\packages\imperative\plugins\test_cli\TestCLI.ts --help
[2023/06/29 15:42:37.361] [DEBUG] [TestUtil.ts:182] [Object: null prototype] {} Executing node --require ts-node/register C:\ourstuff\repos\dev\imperative\__tests__\src\packages\imperative\plugins\test_cli\TestCLI.ts --help
[2023/06/29 15:42:39.116] [DEBUG] [TestUtil.ts:203] Command output: 
 
 DESCRIPTION
 -----------

   Sample command line interface

 USAGE
 -----

   C:\ourstuff\repos\dev\imperative\__tests__\src\packages\imperative\plugins\test_cli\TestCLI.ts <group>

   Where <group> is one of the following:

 GROUPS
 ------

   config   Manage JSON project and global configuration          
   plugins  Install and manage plug-ins.                          
   profiles Create and manage configuration profiles. (deprecated)

 OPTIONS
 -------

   --version | -V (boolean)

      Display the current version of Test CLI for Plugins

   --available-commands | --ac (boolean)

      Displays a list of available commands

 GLOBAL OPTIONS
 --------------

   --response-format-json | --rfj (boolean)

      Produce JSON formatted data from a command

   --help | -h (boolean)

      Display help text

   --help-web | --hw (boolean)

      Display HTML help in browser

 
exit code: 0
[2023/06/29 15:42:39.118] [INFO] [TestUtil.ts:180] Executing node --require ts-node/register C:\ourstuff\repos\dev\imperative\__tests__\src\packages\imperative\plugins\test_cli\TestCLI.ts plugins install C:\ourstuff\repos\dev\imperative\__tests__\src\packages\imperative\plugins\test_plugins\override_plugin
[2023/06/29 15:42:39.119] [DEBUG] [TestUtil.ts:182] [Object: null prototype] {} Executing node --require ts-node/register C:\ourstuff\repos\dev\imperative\__tests__\src\packages\imperative\plugins\test_cli\TestCLI.ts plugins install C:\ourstuff\repos\dev\imperative\__tests__\src\packages\imperative\plugins\test_plugins\override_plugin
[2023/06/29 15:42:47.824] [DEBUG] [TestUtil.ts:203] Command output: 
 Plug-ins within the Imperative CLI Framework can legitimately gain
control of the C:\ourstuff\repos\dev\imperative\__tests__\src\packages\imperative\plugins\test_cli\TestCLI.ts CLI application during the execution of every command.
Install 3rd party plug-ins at your own risk.

Registry = https://registry.npmjs.org/

_______________________________________________________________
 Command Error:
Install Failed
Error Details:
The plugin '@zowe/secrets-for-kubernetes-for-zowe-cli' attempted to override the CLI Credential Manager without providing a 'pluginLifeCycle' class. The previous Credential Manager remains in place.

exit code: 1
[2023/06/29 15:42:47.826] [INFO] [TestUtil.ts:180] Executing node --require ts-node/register C:\ourstuff\repos\dev\imperative\__tests__\src\packages\imperative\plugins\test_cli\TestCLI.ts --help
[2023/06/29 15:42:47.827] [DEBUG] [TestUtil.ts:182] [Object: null prototype] {} Executing node --require ts-node/register C:\ourstuff\repos\dev\imperative\__tests__\src\packages\imperative\plugins\test_cli\TestCLI.ts --help
[2023/06/29 15:42:49.640] [DEBUG] [TestUtil.ts:203] Command output: 
 
 DESCRIPTION
 -----------

   Sample command line interface

 USAGE
 -----

   C:\ourstuff\repos\dev\imperative\__tests__\src\packages\imperative\plugins\test_cli\TestCLI.ts <group>

   Where <group> is one of the following:

 GROUPS
 ------

   config          Manage JSON project and global configuration          
   override-plugin imperative override plugin pluginSummary              
   plugins         Install and manage plug-ins.                          
   profiles        Create and manage configuration profiles. (deprecated)

 OPTIONS
 -------

   --version | -V (boolean)

      Display the current version of Test CLI for Plugins

   --available-commands | --ac (boolean)

      Displays a list of available commands

 GLOBAL OPTIONS
 --------------

   --response-format-json | --rfj (boolean)

      Produce JSON formatted data from a command

   --help | -h (boolean)

      Display help text

   --help-web | --hw (boolean)

      Display HTML help in browser

 
exit code: 0
[2023/06/29 15:42:50.105] [INFO] [TestUtil.ts:180] Executing node --require ts-node/register C:\ourstuff\repos\dev\imperative\__tests__\src\packages\imperative\plugins\test_cli\TestCLI.ts --help
[2023/06/29 15:42:50.107] [DEBUG] [TestUtil.ts:182] [Object: null prototype] {} Executing node --require ts-node/register C:\ourstuff\repos\dev\imperative\__tests__\src\packages\imperative\plugins\test_cli\TestCLI.ts --help
[2023/06/29 15:42:51.924] [DEBUG] [TestUtil.ts:203] Command output: 
 
 DESCRIPTION
 -----------

   Sample command line interface

 USAGE
 -----

   C:\ourstuff\repos\dev\imperative\__tests__\src\packages\imperative\plugins\test_cli\TestCLI.ts <group>

   Where <group> is one of the following:

 GROUPS
 ------

   config   Manage JSON project and global configuration          
   plugins  Install and manage plug-ins.                          
   profiles Create and manage configuration profiles. (deprecated)

 OPTIONS
 -------

   --version | -V (boolean)

      Display the current version of Test CLI for Plugins

   --available-commands | --ac (boolean)

      Displays a list of available commands

 GLOBAL OPTIONS
 --------------

   --response-format-json | --rfj (boolean)

      Produce JSON formatted data from a command

   --help | -h (boolean)

      Display help text

   --help-web | --hw (boolean)

      Display HTML help in browser

 
exit code: 0
[2023/06/29 15:42:51.925] [INFO] [TestUtil.ts:180] Executing node --require ts-node/register C:\ourstuff\repos\dev\imperative\__tests__\src\packages\imperative\plugins\test_cli\TestCLI.ts plugins install C:\ourstuff\repos\dev\imperative\__tests__\src\packages\imperative\plugins\test_plugins\override_plugin
[2023/06/29 15:42:51.926] [DEBUG] [TestUtil.ts:182] [Object: null prototype] {} Executing node --require ts-node/register C:\ourstuff\repos\dev\imperative\__tests__\src\packages\imperative\plugins\test_cli\TestCLI.ts plugins install C:\ourstuff\repos\dev\imperative\__tests__\src\packages\imperative\plugins\test_plugins\override_plugin
[2023/06/29 15:43:00.387] [DEBUG] [TestUtil.ts:203] Command output: 
 Plug-ins within the Imperative CLI Framework can legitimately gain
control of the C:\ourstuff\repos\dev\imperative\__tests__\src\packages\imperative\plugins\test_cli\TestCLI.ts CLI application during the execution of every command.
Install 3rd party plug-ins at your own risk.

Registry = https://registry.npmjs.org/

_______________________________________________________________
 Command Error:
Install Failed
Error Details:
Unable to perform the post-install action for plugin 'override-plugin'.
Reason: The credential manager name 'A CredMgr name that is not known' is an unknown credential manager. The previous credential manager will NOT be overridden. Valid credential managers are:
@zowe/cli
Secrets for Kubernetes

exit code: 1
[2023/06/29 15:43:00.391] [INFO] [TestUtil.ts:180] Executing node --require ts-node/register C:\ourstuff\repos\dev\imperative\__tests__\src\packages\imperative\plugins\test_cli\TestCLI.ts --help
[2023/06/29 15:43:00.394] [DEBUG] [TestUtil.ts:182] [Object: null prototype] {} Executing node --require ts-node/register C:\ourstuff\repos\dev\imperative\__tests__\src\packages\imperative\plugins\test_cli\TestCLI.ts --help
[2023/06/29 15:43:02.192] [DEBUG] [TestUtil.ts:203] Command output: 
 
 DESCRIPTION
 -----------

   Sample command line interface

 USAGE
 -----

   C:\ourstuff\repos\dev\imperative\__tests__\src\packages\imperative\plugins\test_cli\TestCLI.ts <group>

   Where <group> is one of the following:

 GROUPS
 ------

   config          Manage JSON project and global configuration          
   override-plugin imperative override plugin pluginSummary              
   plugins         Install and manage plug-ins.                          
   profiles        Create and manage configuration profiles. (deprecated)

 OPTIONS
 -------

   --version | -V (boolean)

      Display the current version of Test CLI for Plugins

   --available-commands | --ac (boolean)

      Displays a list of available commands

 GLOBAL OPTIONS
 --------------

   --response-format-json | --rfj (boolean)

      Produce JSON formatted data from a command

   --help | -h (boolean)

      Display help text

   --help-web | --hw (boolean)

      Display HTML help in browser

 
exit code: 0
[2023/06/29 15:43:02.640] [INFO] [TestUtil.ts:180] Executing node --require ts-node/register C:\ourstuff\repos\dev\imperative\__tests__\src\packages\imperative\plugins\test_cli\TestCLI.ts --help
[2023/06/29 15:43:02.642] [DEBUG] [TestUtil.ts:182] [Object: null prototype] {} Executing node --require ts-node/register C:\ourstuff\repos\dev\imperative\__tests__\src\packages\imperative\plugins\test_cli\TestCLI.ts --help
[2023/06/29 15:43:04.394] [DEBUG] [TestUtil.ts:203] Command output: 
 
 DESCRIPTION
 -----------

   Sample command line interface

 USAGE
 -----

   C:\ourstuff\repos\dev\imperative\__tests__\src\packages\imperative\plugins\test_cli\TestCLI.ts <group>

   Where <group> is one of the following:

 GROUPS
 ------

   config   Manage JSON project and global configuration          
   plugins  Install and manage plug-ins.                          
   profiles Create and manage configuration profiles. (deprecated)

 OPTIONS
 -------

   --version | -V (boolean)

      Display the current version of Test CLI for Plugins

   --available-commands | --ac (boolean)

      Displays a list of available commands

 GLOBAL OPTIONS
 --------------

   --response-format-json | --rfj (boolean)

      Produce JSON formatted data from a command

   --help | -h (boolean)

      Display help text

   --help-web | --hw (boolean)

      Display HTML help in browser

 
exit code: 0
[2023/06/29 15:43:04.395] [INFO] [TestUtil.ts:180] Executing node --require ts-node/register C:\ourstuff\repos\dev\imperative\__tests__\src\packages\imperative\plugins\test_cli\TestCLI.ts plugins install C:\ourstuff\repos\dev\imperative\__tests__\src\packages\imperative\plugins\test_plugins\override_plugin
[2023/06/29 15:43:04.398] [DEBUG] [TestUtil.ts:182] [Object: null prototype] {} Executing node --require ts-node/register C:\ourstuff\repos\dev\imperative\__tests__\src\packages\imperative\plugins\test_cli\TestCLI.ts plugins install C:\ourstuff\repos\dev\imperative\__tests__\src\packages\imperative\plugins\test_plugins\override_plugin
[2023/06/29 15:43:12.875] [DEBUG] [TestUtil.ts:203] Command output: 
 Plug-ins within the Imperative CLI Framework can legitimately gain
control of the C:\ourstuff\repos\dev\imperative\__tests__\src\packages\imperative\plugins\test_cli\TestCLI.ts CLI application during the execution of every command.
Install 3rd party plug-ins at your own risk.

Registry = https://registry.npmjs.org/

_______________________________________________________________
 Command Error:
Install Failed
Error Details:
Unable to perform the post-install action for plugin 'override-plugin'.
Reason: lifeCycleInstance.postInstall is not a function

exit code: 1
[2023/06/29 15:43:12.877] [INFO] [TestUtil.ts:180] Executing node --require ts-node/register C:\ourstuff\repos\dev\imperative\__tests__\src\packages\imperative\plugins\test_cli\TestCLI.ts --help
[2023/06/29 15:43:12.878] [DEBUG] [TestUtil.ts:182] [Object: null prototype] {} Executing node --require ts-node/register C:\ourstuff\repos\dev\imperative\__tests__\src\packages\imperative\plugins\test_cli\TestCLI.ts --help
[2023/06/29 15:43:14.697] [DEBUG] [TestUtil.ts:203] Command output: 
 
 DESCRIPTION
 -----------

   Sample command line interface

 USAGE
 -----

   C:\ourstuff\repos\dev\imperative\__tests__\src\packages\imperative\plugins\test_cli\TestCLI.ts <group>

   Where <group> is one of the following:

 GROUPS
 ------

   config          Manage JSON project and global configuration          
   override-plugin imperative override plugin pluginSummary              
   plugins         Install and manage plug-ins.                          
   profiles        Create and manage configuration profiles. (deprecated)

 OPTIONS
 -------

   --version | -V (boolean)

      Display the current version of Test CLI for Plugins

   --available-commands | --ac (boolean)

      Displays a list of available commands

 GLOBAL OPTIONS
 --------------

   --response-format-json | --rfj (boolean)

      Produce JSON formatted data from a command

   --help | -h (boolean)

      Display help text

   --help-web | --hw (boolean)

      Display HTML help in browser

 
exit code: 0
[2023/06/29 15:43:15.144] [INFO] [TestUtil.ts:180] Executing node --require ts-node/register C:\ourstuff\repos\dev\imperative\__tests__\src\packages\imperative\plugins\test_cli\TestCLI.ts --help
[2023/06/29 15:43:15.145] [DEBUG] [TestUtil.ts:182] [Object: null prototype] {} Executing node --require ts-node/register C:\ourstuff\repos\dev\imperative\__tests__\src\packages\imperative\plugins\test_cli\TestCLI.ts --help
[2023/06/29 15:43:16.969] [DEBUG] [TestUtil.ts:203] Command output: 
 
 DESCRIPTION
 -----------

   Sample command line interface

 USAGE
 -----

   C:\ourstuff\repos\dev\imperative\__tests__\src\packages\imperative\plugins\test_cli\TestCLI.ts <group>

   Where <group> is one of the following:

 GROUPS
 ------

   config   Manage JSON project and global configuration          
   plugins  Install and manage plug-ins.                          
   profiles Create and manage configuration profiles. (deprecated)

 OPTIONS
 -------

   --version | -V (boolean)

      Display the current version of Test CLI for Plugins

   --available-commands | --ac (boolean)

      Displays a list of available commands

 GLOBAL OPTIONS
 --------------

   --response-format-json | --rfj (boolean)

      Produce JSON formatted data from a command

   --help | -h (boolean)

      Display help text

   --help-web | --hw (boolean)

      Display HTML help in browser

 
exit code: 0
[2023/06/29 15:43:16.970] [INFO] [TestUtil.ts:180] Executing node --require ts-node/register C:\ourstuff\repos\dev\imperative\__tests__\src\packages\imperative\plugins\test_cli\TestCLI.ts plugins install C:\ourstuff\repos\dev\imperative\__tests__\src\packages\imperative\plugins\test_plugins\override_plugin
[2023/06/29 15:43:16.971] [DEBUG] [TestUtil.ts:182] [Object: null prototype] {} Executing node --require ts-node/register C:\ourstuff\repos\dev\imperative\__tests__\src\packages\imperative\plugins\test_cli\TestCLI.ts plugins install C:\ourstuff\repos\dev\imperative\__tests__\src\packages\imperative\plugins\test_plugins\override_plugin
[2023/06/29 15:43:27.471] [DEBUG] [TestUtil.ts:203] Command output: 
 Plug-ins within the Imperative CLI Framework can legitimately gain
control of the C:\ourstuff\repos\dev\imperative\__tests__\src\packages\imperative\plugins\test_cli\TestCLI.ts CLI application during the execution of every command.
Install 3rd party plug-ins at your own risk.

Registry = https://registry.npmjs.org/

_______________________________________________________________
Installed plugin name = 'override-plugin'

_____ Validation results for plugin 'override-plugin' _____
This plugin was successfully validated. Enjoy the plugin.


 
exit code: 0
[2023/06/29 15:43:27.476] [INFO] [TestUtil.ts:180] Executing node --require ts-node/register C:\ourstuff\repos\dev\imperative\__tests__\src\packages\imperative\plugins\test_cli\TestCLI.ts --help
[2023/06/29 15:43:27.477] [DEBUG] [TestUtil.ts:182] [Object: null prototype] {} Executing node --require ts-node/register C:\ourstuff\repos\dev\imperative\__tests__\src\packages\imperative\plugins\test_cli\TestCLI.ts --help
[2023/06/29 15:43:29.317] [DEBUG] [TestUtil.ts:203] Command output: 
 
 DESCRIPTION
 -----------

   Sample command line interface

 USAGE
 -----

   C:\ourstuff\repos\dev\imperative\__tests__\src\packages\imperative\plugins\test_cli\TestCLI.ts <group>

   Where <group> is one of the following:

 GROUPS
 ------

   config          Manage JSON project and global configuration          
   override-plugin imperative override plugin pluginSummary              
   plugins         Install and manage plug-ins.                          
   profiles        Create and manage configuration profiles. (deprecated)

 OPTIONS
 -------

   --version | -V (boolean)

      Display the current version of Test CLI for Plugins

   --available-commands | --ac (boolean)

      Displays a list of available commands

 GLOBAL OPTIONS
 --------------

   --response-format-json | --rfj (boolean)

      Produce JSON formatted data from a command

   --help | -h (boolean)

      Display help text

   --help-web | --hw (boolean)

      Display HTML help in browser

 
exit code: 0
[2023/06/29 15:43:29.824] [INFO] [TestUtil.ts:180] Executing node --require ts-node/register C:\ourstuff\repos\dev\imperative\__tests__\src\packages\imperative\plugins\test_cli\TestCLI.ts --help
[2023/06/29 15:43:29.825] [DEBUG] [TestUtil.ts:182] [Object: null prototype] {} Executing node --require ts-node/register C:\ourstuff\repos\dev\imperative\__tests__\src\packages\imperative\plugins\test_cli\TestCLI.ts --help
[2023/06/29 15:43:31.875] [DEBUG] [TestUtil.ts:203] Command output: 
 
 DESCRIPTION
 -----------

   Sample command line interface

 USAGE
 -----

   C:\ourstuff\repos\dev\imperative\__tests__\src\packages\imperative\plugins\test_cli\TestCLI.ts <group>

   Where <group> is one of the following:

 GROUPS
 ------

   config   Manage JSON project and global configuration          
   plugins  Install and manage plug-ins.                          
   profiles Create and manage configuration profiles. (deprecated)

 OPTIONS
 -------

   --version | -V (boolean)

      Display the current version of Test CLI for Plugins

   --available-commands | --ac (boolean)

      Displays a list of available commands

 GLOBAL OPTIONS
 --------------

   --response-format-json | --rfj (boolean)

      Produce JSON formatted data from a command

   --help | -h (boolean)

      Display help text

   --help-web | --hw (boolean)

      Display HTML help in browser

 
exit code: 0
[2023/06/29 15:43:31.876] [INFO] [TestUtil.ts:180] Executing node --require ts-node/register C:\ourstuff\repos\dev\imperative\__tests__\src\packages\imperative\plugins\test_cli\TestCLI.ts plugins install C:\ourstuff\repos\dev\imperative\__tests__\src\packages\imperative\plugins\test_plugins\normal_plugin C:\ourstuff\repos\dev\imperative\__tests__\src\packages\imperative\plugins\test_plugins\normal_plugin_2 --registry http://imperative-npm-registry:4873
[2023/06/29 15:43:31.878] [DEBUG] [TestUtil.ts:182] [Object: null prototype] {} Executing node --require ts-node/register C:\ourstuff\repos\dev\imperative\__tests__\src\packages\imperative\plugins\test_cli\TestCLI.ts plugins install C:\ourstuff\repos\dev\imperative\__tests__\src\packages\imperative\plugins\test_plugins\normal_plugin C:\ourstuff\repos\dev\imperative\__tests__\src\packages\imperative\plugins\test_plugins\normal_plugin_2 --registry http://imperative-npm-registry:4873
[2023/06/29 15:43:46.415] [DEBUG] [TestUtil.ts:203] Command output: 
 Plug-ins within the Imperative CLI Framework can legitimately gain
control of the C:\ourstuff\repos\dev\imperative\__tests__\src\packages\imperative\plugins\test_cli\TestCLI.ts CLI application during the execution of every command.
Install 3rd party plug-ins at your own risk.

Registry = http://imperative-npm-registry:4873

_______________________________________________________________
Installed plugin name = 'normal-plugin'

_____ Validation results for plugin 'normal-plugin' _____
This plugin was successfully validated. Enjoy the plugin.



_______________________________________________________________
Installed plugin name = 'normal-plugin-2'

_____ Validation results for plugin 'normal-plugin-2' _____
This plugin was successfully validated. Enjoy the plugin.


 
exit code: 0
[2023/06/29 15:43:46.420] [INFO] [TestUtil.ts:180] Executing node --require ts-node/register C:\ourstuff\repos\dev\imperative\__tests__\src\packages\imperative\plugins\test_cli\TestCLI.ts --help
[2023/06/29 15:43:46.421] [DEBUG] [TestUtil.ts:182] [Object: null prototype] {} Executing node --require ts-node/register C:\ourstuff\repos\dev\imperative\__tests__\src\packages\imperative\plugins\test_cli\TestCLI.ts --help
[2023/06/29 15:43:49.072] [DEBUG] [TestUtil.ts:203] Command output: 
 
 DESCRIPTION
 -----------

   Sample command line interface

 USAGE
 -----

   C:\ourstuff\repos\dev\imperative\__tests__\src\packages\imperative\plugins\test_cli\TestCLI.ts <group>

   Where <group> is one of the following:

 GROUPS
 ------

   config                       Manage JSON project and global configuration 
   normal-plugin | np | normalp This summary is completely different from the
                                description!                                 
   normal-plugin-2              imperative working test plugin 2             
   plugins                      Install and manage plug-ins.                 
   profiles                     Create and manage configuration profiles.    
                                (deprecated)                                 

 OPTIONS
 -------

   --version | -V (boolean)

      Display the current version of Test CLI for Plugins

   --available-commands | --ac (boolean)

      Displays a list of available commands

 GLOBAL OPTIONS
 --------------

   --response-format-json | --rfj (boolean)

      Produce JSON formatted data from a command

   --help | -h (boolean)

      Display help text

   --help-web | --hw (boolean)

      Display HTML help in browser

 
exit code: 0
[2023/06/29 15:43:49.628] [INFO] [TestUtil.ts:180] Executing node --require ts-node/register C:\ourstuff\repos\dev\imperative\__tests__\src\packages\imperative\plugins\test_cli\TestCLI.ts --help
[2023/06/29 15:43:49.630] [DEBUG] [TestUtil.ts:182] [Object: null prototype] {} Executing node --require ts-node/register C:\ourstuff\repos\dev\imperative\__tests__\src\packages\imperative\plugins\test_cli\TestCLI.ts --help
[2023/06/29 15:43:51.429] [DEBUG] [TestUtil.ts:203] Command output: 
 
 DESCRIPTION
 -----------

   Sample command line interface

 USAGE
 -----

   C:\ourstuff\repos\dev\imperative\__tests__\src\packages\imperative\plugins\test_cli\TestCLI.ts <group>

   Where <group> is one of the following:

 GROUPS
 ------

   config   Manage JSON project and global configuration          
   plugins  Install and manage plug-ins.                          
   profiles Create and manage configuration profiles. (deprecated)

 OPTIONS
 -------

   --version | -V (boolean)

      Display the current version of Test CLI for Plugins

   --available-commands | --ac (boolean)

      Displays a list of available commands

 GLOBAL OPTIONS
 --------------

   --response-format-json | --rfj (boolean)

      Produce JSON formatted data from a command

   --help | -h (boolean)

      Display help text

   --help-web | --hw (boolean)

      Display HTML help in browser

 
exit code: 0
[2023/06/29 15:43:51.431] [INFO] [TestUtil.ts:180] Executing node --require ts-node/register C:\ourstuff\repos\dev\imperative\__tests__\src\packages\imperative\plugins\test_cli\TestCLI.ts plugins install C:\ourstuff\repos\dev\imperative\__tests__\src\packages\imperative\plugins\test_plugins\normal_plugin
[2023/06/29 15:43:51.431] [DEBUG] [TestUtil.ts:182] [Object: null prototype] {} Executing node --require ts-node/register C:\ourstuff\repos\dev\imperative\__tests__\src\packages\imperative\plugins\test_cli\TestCLI.ts plugins install C:\ourstuff\repos\dev\imperative\__tests__\src\packages\imperative\plugins\test_plugins\normal_plugin
[2023/06/29 15:44:01.889] [DEBUG] [TestUtil.ts:203] Command output: 
 Plug-ins within the Imperative CLI Framework can legitimately gain
control of the C:\ourstuff\repos\dev\imperative\__tests__\src\packages\imperative\plugins\test_cli\TestCLI.ts CLI application during the execution of every command.
Install 3rd party plug-ins at your own risk.

Registry = https://registry.npmjs.org/

_______________________________________________________________
Installed plugin name = 'normal-plugin'

_____ Validation results for plugin 'normal-plugin' _____
This plugin was successfully validated. Enjoy the plugin.


 
exit code: 0
[2023/06/29 15:44:01.890] [INFO] [TestUtil.ts:180] Executing node --require ts-node/register C:\ourstuff\repos\dev\imperative\__tests__\src\packages\imperative\plugins\test_cli\TestCLI.ts --help
[2023/06/29 15:44:01.891] [DEBUG] [TestUtil.ts:182] [Object: null prototype] {} Executing node --require ts-node/register C:\ourstuff\repos\dev\imperative\__tests__\src\packages\imperative\plugins\test_cli\TestCLI.ts --help
[2023/06/29 15:44:03.968] [DEBUG] [TestUtil.ts:203] Command output: 
 
 DESCRIPTION
 -----------

   Sample command line interface

 USAGE
 -----

   C:\ourstuff\repos\dev\imperative\__tests__\src\packages\imperative\plugins\test_cli\TestCLI.ts <group>

   Where <group> is one of the following:

 GROUPS
 ------

   config                       Manage JSON project and global configuration 
   normal-plugin | np | normalp This summary is completely different from the
                                description!                                 
   plugins                      Install and manage plug-ins.                 
   profiles                     Create and manage configuration profiles.    
                                (deprecated)                                 

 OPTIONS
 -------

   --version | -V (boolean)

      Display the current version of Test CLI for Plugins

   --available-commands | --ac (boolean)

      Displays a list of available commands

 GLOBAL OPTIONS
 --------------

   --response-format-json | --rfj (boolean)

      Produce JSON formatted data from a command

   --help | -h (boolean)

      Display help text

   --help-web | --hw (boolean)

      Display HTML help in browser

 
exit code: 0
[2023/06/29 15:44:04.392] [INFO] [TestUtil.ts:180] Executing node --require ts-node/register C:\ourstuff\repos\dev\imperative\__tests__\src\packages\imperative\plugins\test_cli\TestCLI.ts --help
[2023/06/29 15:44:04.394] [DEBUG] [TestUtil.ts:182] [Object: null prototype] {} Executing node --require ts-node/register C:\ourstuff\repos\dev\imperative\__tests__\src\packages\imperative\plugins\test_cli\TestCLI.ts --help
[2023/06/29 15:44:07.074] [DEBUG] [TestUtil.ts:203] Command output: 
 
 DESCRIPTION
 -----------

   Sample command line interface

 USAGE
 -----

   C:\ourstuff\repos\dev\imperative\__tests__\src\packages\imperative\plugins\test_cli\TestCLI.ts <group>

   Where <group> is one of the following:

 GROUPS
 ------

   config   Manage JSON project and global configuration          
   plugins  Install and manage plug-ins.                          
   profiles Create and manage configuration profiles. (deprecated)

 OPTIONS
 -------

   --version | -V (boolean)

      Display the current version of Test CLI for Plugins

   --available-commands | --ac (boolean)

      Displays a list of available commands

 GLOBAL OPTIONS
 --------------

   --response-format-json | --rfj (boolean)

      Produce JSON formatted data from a command

   --help | -h (boolean)

      Display help text

   --help-web | --hw (boolean)

      Display HTML help in browser

 
exit code: 0
[2023/06/29 15:44:07.076] [INFO] [TestUtil.ts:180] Executing node --require ts-node/register C:\ourstuff\repos\dev\imperative\__tests__\src\packages\imperative\plugins\test_cli\TestCLI.ts plugins install
[2023/06/29 15:44:07.077] [DEBUG] [TestUtil.ts:182] [Object: null prototype] {} Executing node --require ts-node/register C:\ourstuff\repos\dev\imperative\__tests__\src\packages\imperative\plugins\test_cli\TestCLI.ts plugins install
[2023/06/29 15:44:17.771] [DEBUG] [TestUtil.ts:203] Command output: 
 Plug-ins within the Imperative CLI Framework can legitimately gain
control of the C:\ourstuff\repos\dev\imperative\__tests__\src\packages\imperative\plugins\test_cli\TestCLI.ts CLI application during the execution of every command.
Install 3rd party plug-ins at your own risk.

Registry = https://registry.npmjs.org/

_______________________________________________________________
Installed plugin name = 'normal-plugin'

_____ Validation results for plugin 'normal-plugin' _____
This plugin was successfully validated. Enjoy the plugin.


 
exit code: 0
[2023/06/29 15:44:17.773] [INFO] [TestUtil.ts:180] Executing node --require ts-node/register C:\ourstuff\repos\dev\imperative\__tests__\src\packages\imperative\plugins\test_cli\TestCLI.ts --help
[2023/06/29 15:44:17.774] [DEBUG] [TestUtil.ts:182] [Object: null prototype] {} Executing node --require ts-node/register C:\ourstuff\repos\dev\imperative\__tests__\src\packages\imperative\plugins\test_cli\TestCLI.ts --help
[2023/06/29 15:44:19.535] [DEBUG] [TestUtil.ts:203] Command output: 
 
 DESCRIPTION
 -----------

   Sample command line interface

 USAGE
 -----

   C:\ourstuff\repos\dev\imperative\__tests__\src\packages\imperative\plugins\test_cli\TestCLI.ts <group>

   Where <group> is one of the following:

 GROUPS
 ------

   config                       Manage JSON project and global configuration 
   normal-plugin | np | normalp This summary is completely different from the
                                description!                                 
   plugins                      Install and manage plug-ins.                 
   profiles                     Create and manage configuration profiles.    
                                (deprecated)                                 

 OPTIONS
 -------

   --version | -V (boolean)

      Display the current version of Test CLI for Plugins

   --available-commands | --ac (boolean)

      Displays a list of available commands

 GLOBAL OPTIONS
 --------------

   --response-format-json | --rfj (boolean)

      Produce JSON formatted data from a command

   --help | -h (boolean)

      Display help text

   --help-web | --hw (boolean)

      Display HTML help in browser

 
exit code: 0
[2023/06/29 15:44:19.983] [INFO] [TestUtil.ts:180] Executing node --require ts-node/register C:\ourstuff\repos\dev\imperative\__tests__\src\packages\imperative\plugins\test_cli\TestCLI.ts --help
[2023/06/29 15:44:19.984] [DEBUG] [TestUtil.ts:182] [Object: null prototype] {} Executing node --require ts-node/register C:\ourstuff\repos\dev\imperative\__tests__\src\packages\imperative\plugins\test_cli\TestCLI.ts --help
[2023/06/29 15:44:21.771] [DEBUG] [TestUtil.ts:203] Command output: 
 
 DESCRIPTION
 -----------

   Sample command line interface

 USAGE
 -----

   C:\ourstuff\repos\dev\imperative\__tests__\src\packages\imperative\plugins\test_cli\TestCLI.ts <group>

   Where <group> is one of the following:

 GROUPS
 ------

   config   Manage JSON project and global configuration          
   plugins  Install and manage plug-ins.                          
   profiles Create and manage configuration profiles. (deprecated)

 OPTIONS
 -------

   --version | -V (boolean)

      Display the current version of Test CLI for Plugins

   --available-commands | --ac (boolean)

      Displays a list of available commands

 GLOBAL OPTIONS
 --------------

   --response-format-json | --rfj (boolean)

      Produce JSON formatted data from a command

   --help | -h (boolean)

      Display help text

   --help-web | --hw (boolean)

      Display HTML help in browser

 
exit code: 0
[2023/06/29 15:44:21.773] [INFO] [TestUtil.ts:180] Executing node --require ts-node/register C:\ourstuff\repos\dev\imperative\__tests__\src\packages\imperative\plugins\test_cli\TestCLI.ts plugins install C:\ourstuff\repos\dev\imperative\__tests__\src\packages\imperative\plugins\test_plugins\space in path plugin
[2023/06/29 15:44:21.774] [DEBUG] [TestUtil.ts:182] [Object: null prototype] {} Executing node --require ts-node/register C:\ourstuff\repos\dev\imperative\__tests__\src\packages\imperative\plugins\test_cli\TestCLI.ts plugins install C:\ourstuff\repos\dev\imperative\__tests__\src\packages\imperative\plugins\test_plugins\space in path plugin
[2023/06/29 15:44:32.209] [DEBUG] [TestUtil.ts:203] Command output: 
 Plug-ins within the Imperative CLI Framework can legitimately gain
control of the C:\ourstuff\repos\dev\imperative\__tests__\src\packages\imperative\plugins\test_cli\TestCLI.ts CLI application during the execution of every command.
Install 3rd party plug-ins at your own risk.

Registry = https://registry.npmjs.org/

_______________________________________________________________
Installed plugin name = 'space-in-path-plugin'

_____ Validation results for plugin 'space-in-path-plugin' _____
This plugin was successfully validated. Enjoy the plugin.


 
exit code: 0
[2023/06/29 15:44:32.210] [INFO] [TestUtil.ts:180] Executing node --require ts-node/register C:\ourstuff\repos\dev\imperative\__tests__\src\packages\imperative\plugins\test_cli\TestCLI.ts --help
[2023/06/29 15:44:32.210] [DEBUG] [TestUtil.ts:182] [Object: null prototype] {} Executing node --require ts-node/register C:\ourstuff\repos\dev\imperative\__tests__\src\packages\imperative\plugins\test_cli\TestCLI.ts --help
[2023/06/29 15:44:34.021] [DEBUG] [TestUtil.ts:203] Command output: 
 
 DESCRIPTION
 -----------

   Sample command line interface

 USAGE
 -----

   C:\ourstuff\repos\dev\imperative\__tests__\src\packages\imperative\plugins\test_cli\TestCLI.ts <group>

   Where <group> is one of the following:

 GROUPS
 ------

   config                              Manage JSON project and global           
                                       configuration                            
   plugins                             Install and manage plug-ins.             
   profiles                            Create and manage configuration profiles.
                                       (deprecated)                             
   space-in-path-plugin | np | normalp This summary is completely different from
                                       the description!                         

 OPTIONS
 -------

   --version | -V (boolean)

      Display the current version of Test CLI for Plugins

   --available-commands | --ac (boolean)

      Displays a list of available commands

 GLOBAL OPTIONS
 --------------

   --response-format-json | --rfj (boolean)

      Produce JSON formatted data from a command

   --help | -h (boolean)

      Display help text

   --help-web | --hw (boolean)

      Display HTML help in browser

 
exit code: 0
[2023/06/29 15:44:53.840] [INFO] [TestUtil.ts:180] Executing node --require ts-node/register C:\ourstuff\repos\dev\imperative\__tests__\src\packages\imperative\plugins\test_cli\TestCLI.ts --help
[2023/06/29 15:44:53.841] [DEBUG] [TestUtil.ts:182] [Object: null prototype] {} Executing node --require ts-node/register C:\ourstuff\repos\dev\imperative\__tests__\src\packages\imperative\plugins\test_cli\TestCLI.ts --help
[2023/06/29 15:44:55.581] [DEBUG] [TestUtil.ts:203] Command output: 
 
 DESCRIPTION
 -----------

   Sample command line interface

 USAGE
 -----

   C:\ourstuff\repos\dev\imperative\__tests__\src\packages\imperative\plugins\test_cli\TestCLI.ts <group>

   Where <group> is one of the following:

 GROUPS
 ------

   config   Manage JSON project and global configuration          
   plugins  Install and manage plug-ins.                          
   profiles Create and manage configuration profiles. (deprecated)

 OPTIONS
 -------

   --version | -V (boolean)

      Display the current version of Test CLI for Plugins

   --available-commands | --ac (boolean)

      Displays a list of available commands

 GLOBAL OPTIONS
 --------------

   --response-format-json | --rfj (boolean)

      Produce JSON formatted data from a command

   --help | -h (boolean)

      Display help text

   --help-web | --hw (boolean)

      Display HTML help in browser

 
exit code: 0
[2023/06/29 15:44:55.582] [INFO] [TestUtil.ts:180] Executing node --require ts-node/register C:\ourstuff\repos\dev\imperative\__tests__\src\packages\imperative\plugins\test_cli\TestCLI.ts plugins install --file C:\ourstuff\repos\dev\imperative\__tests__\src\packages\imperative\plugins\suites\sample-plugin.json
[2023/06/29 15:44:55.582] [DEBUG] [TestUtil.ts:182] [Object: null prototype] {} Executing node --require ts-node/register C:\ourstuff\repos\dev\imperative\__tests__\src\packages\imperative\plugins\test_cli\TestCLI.ts plugins install --file C:\ourstuff\repos\dev\imperative\__tests__\src\packages\imperative\plugins\suites\sample-plugin.json
[2023/06/29 15:45:12.405] [DEBUG] [TestUtil.ts:203] Command output: 
 Plug-ins within the Imperative CLI Framework can legitimately gain
control of the C:\ourstuff\repos\dev\imperative\__tests__\src\packages\imperative\plugins\test_cli\TestCLI.ts CLI application during the execution of every command.
Install 3rd party plug-ins at your own risk.

Registry = https://registry.npmjs.org/

_______________________________________________________________
Installed plugin name = 'normal-plugin'

_____ Validation results for plugin 'normal-plugin' _____
This plugin was successfully validated. Enjoy the plugin.



_______________________________________________________________
Installed plugin name = 'normal-plugin-2'

_____ Validation results for plugin 'normal-plugin-2' _____
This plugin was successfully validated. Enjoy the plugin.


 
exit code: 0
[2023/06/29 15:45:12.406] [INFO] [TestUtil.ts:180] Executing node --require ts-node/register C:\ourstuff\repos\dev\imperative\__tests__\src\packages\imperative\plugins\test_cli\TestCLI.ts --help
[2023/06/29 15:45:12.407] [DEBUG] [TestUtil.ts:182] [Object: null prototype] {} Executing node --require ts-node/register C:\ourstuff\repos\dev\imperative\__tests__\src\packages\imperative\plugins\test_cli\TestCLI.ts --help
[2023/06/29 15:45:14.265] [DEBUG] [TestUtil.ts:203] Command output: 
 
 DESCRIPTION
 -----------

   Sample command line interface

 USAGE
 -----

   C:\ourstuff\repos\dev\imperative\__tests__\src\packages\imperative\plugins\test_cli\TestCLI.ts <group>

   Where <group> is one of the following:

 GROUPS
 ------

   config                       Manage JSON project and global configuration 
   normal-plugin | np | normalp This summary is completely different from the
                                description!                                 
   normal-plugin-2              imperative working test plugin 2             
   plugins                      Install and manage plug-ins.                 
   profiles                     Create and manage configuration profiles.    
                                (deprecated)                                 

 OPTIONS
 -------

   --version | -V (boolean)

      Display the current version of Test CLI for Plugins

   --available-commands | --ac (boolean)

      Displays a list of available commands

 GLOBAL OPTIONS
 --------------

   --response-format-json | --rfj (boolean)

      Produce JSON formatted data from a command

   --help | -h (boolean)

      Display help text

   --help-web | --hw (boolean)

      Display HTML help in browser

 
exit code: 0
[2023/06/29 15:45:14.975] [INFO] [TestUtil.ts:180] Executing node --require ts-node/register C:\ourstuff\repos\dev\imperative\__tests__\src\packages\imperative\plugins\test_cli\TestCLI.ts --help
[2023/06/29 15:45:14.976] [DEBUG] [TestUtil.ts:182] [Object: null prototype] {} Executing node --require ts-node/register C:\ourstuff\repos\dev\imperative\__tests__\src\packages\imperative\plugins\test_cli\TestCLI.ts --help
[2023/06/29 15:45:16.916] [DEBUG] [TestUtil.ts:203] Command output: 
 
 DESCRIPTION
 -----------

   Sample command line interface

 USAGE
 -----

   C:\ourstuff\repos\dev\imperative\__tests__\src\packages\imperative\plugins\test_cli\TestCLI.ts <group>

   Where <group> is one of the following:

 GROUPS
 ------

   config   Manage JSON project and global configuration          
   plugins  Install and manage plug-ins.                          
   profiles Create and manage configuration profiles. (deprecated)

 OPTIONS
 -------

   --version | -V (boolean)

      Display the current version of Test CLI for Plugins

   --available-commands | --ac (boolean)

      Displays a list of available commands

 GLOBAL OPTIONS
 --------------

   --response-format-json | --rfj (boolean)

      Produce JSON formatted data from a command

   --help | -h (boolean)

      Display help text

   --help-web | --hw (boolean)

      Display HTML help in browser

 
exit code: 0
[2023/06/29 15:45:16.918] [INFO] [TestUtil.ts:180] Executing node --require ts-node/register C:\ourstuff\repos\dev\imperative\__tests__\src\packages\imperative\plugins\test_cli\TestCLI.ts plugins install C:\ourstuff\repos\dev\imperative\__tests__\src\packages\imperative\plugins\test_plugins\normal_plugin C:\ourstuff\repos\dev\imperative\__tests__\src\packages\imperative\plugins\test_plugins\normal_plugin_3 --registry http://imperative-npm-registry:4873
[2023/06/29 15:45:16.919] [DEBUG] [TestUtil.ts:182] [Object: null prototype] {} Executing node --require ts-node/register C:\ourstuff\repos\dev\imperative\__tests__\src\packages\imperative\plugins\test_cli\TestCLI.ts plugins install C:\ourstuff\repos\dev\imperative\__tests__\src\packages\imperative\plugins\test_plugins\normal_plugin C:\ourstuff\repos\dev\imperative\__tests__\src\packages\imperative\plugins\test_plugins\normal_plugin_3 --registry http://imperative-npm-registry:4873
[2023/06/29 15:45:31.230] [DEBUG] [TestUtil.ts:203] Command output: 
 Plug-ins within the Imperative CLI Framework can legitimately gain
control of the C:\ourstuff\repos\dev\imperative\__tests__\src\packages\imperative\plugins\test_cli\TestCLI.ts CLI application during the execution of every command.
Install 3rd party plug-ins at your own risk.

Registry = http://imperative-npm-registry:4873

_______________________________________________________________
Installed plugin name = 'normal-plugin'

_____ Validation results for plugin 'normal-plugin' _____
This plugin was successfully validated. Enjoy the plugin.



_______________________________________________________________
Installed plugin name = 'normal-plugin-3'

_____ Validation results for plugin 'normal-plugin-3' _____
This plugin was successfully validated. Enjoy the plugin.


 
exit code: 0
[2023/06/29 15:45:31.233] [INFO] [TestUtil.ts:180] Executing node --require ts-node/register C:\ourstuff\repos\dev\imperative\__tests__\src\packages\imperative\plugins\test_cli\TestCLI.ts --help
[2023/06/29 15:45:31.234] [DEBUG] [TestUtil.ts:182] [Object: null prototype] {} Executing node --require ts-node/register C:\ourstuff\repos\dev\imperative\__tests__\src\packages\imperative\plugins\test_cli\TestCLI.ts --help
[2023/06/29 15:45:33.142] [DEBUG] [TestUtil.ts:203] Command output: 
 
 DESCRIPTION
 -----------

   Sample command line interface

 USAGE
 -----

   C:\ourstuff\repos\dev\imperative\__tests__\src\packages\imperative\plugins\test_cli\TestCLI.ts <group>

   Where <group> is one of the following:

 GROUPS
 ------

   config                       Manage JSON project and global configuration 
   normal-plugin | np | normalp This summary is completely different from the
                                description!                                 
   normal-plugin-3              Test plugin with globs and profiles          
   plugins                      Install and manage plug-ins.                 
   profiles                     Create and manage configuration profiles.    
                                (deprecated)                                 

 OPTIONS
 -------

   --version | -V (boolean)

      Display the current version of Test CLI for Plugins

   --available-commands | --ac (boolean)

      Displays a list of available commands

 GLOBAL OPTIONS
 --------------

   --response-format-json | --rfj (boolean)

      Produce JSON formatted data from a command

   --help | -h (boolean)

      Display help text

   --help-web | --hw (boolean)

      Display HTML help in browser

 
exit code: 0
[2023/06/29 15:45:33.144] [INFO] [TestUtil.ts:180] Executing node --require ts-node/register C:\ourstuff\repos\dev\imperative\__tests__\src\packages\imperative\plugins\test_cli\TestCLI.ts plugins install --file C:\ourstuff\repos\dev\imperative\__tests__\src\packages\imperative\plugins\suites\sample-plugin.json
[2023/06/29 15:45:33.145] [DEBUG] [TestUtil.ts:182] [Object: null prototype] {} Executing node --require ts-node/register C:\ourstuff\repos\dev\imperative\__tests__\src\packages\imperative\plugins\test_cli\TestCLI.ts plugins install --file C:\ourstuff\repos\dev\imperative\__tests__\src\packages\imperative\plugins\suites\sample-plugin.json
[2023/06/29 15:45:49.298] [DEBUG] [TestUtil.ts:203] Command output: 
 Plug-ins within the Imperative CLI Framework can legitimately gain
control of the C:\ourstuff\repos\dev\imperative\__tests__\src\packages\imperative\plugins\test_cli\TestCLI.ts CLI application during the execution of every command.
Install 3rd party plug-ins at your own risk.

Registry = https://registry.npmjs.org/

_______________________________________________________________
Installed plugin name = 'normal-plugin'

_____ Validation results for plugin 'normal-plugin' _____
This plugin was successfully validated. Enjoy the plugin.



_______________________________________________________________
Installed plugin name = 'normal-plugin-2'

_____ Validation results for plugin 'normal-plugin-2' _____
This plugin was successfully validated. Enjoy the plugin.


 
exit code: 0
[2023/06/29 15:45:49.301] [INFO] [TestUtil.ts:180] Executing node --require ts-node/register C:\ourstuff\repos\dev\imperative\__tests__\src\packages\imperative\plugins\test_cli\TestCLI.ts --help
[2023/06/29 15:45:49.302] [DEBUG] [TestUtil.ts:182] [Object: null prototype] {} Executing node --require ts-node/register C:\ourstuff\repos\dev\imperative\__tests__\src\packages\imperative\plugins\test_cli\TestCLI.ts --help
[2023/06/29 15:45:51.803] [DEBUG] [TestUtil.ts:203] Command output: 
 
 DESCRIPTION
 -----------

   Sample command line interface

 USAGE
 -----

   C:\ourstuff\repos\dev\imperative\__tests__\src\packages\imperative\plugins\test_cli\TestCLI.ts <group>

   Where <group> is one of the following:

 GROUPS
 ------

   config                       Manage JSON project and global configuration 
   normal-plugin | np | normalp This summary is completely different from the
                                description!                                 
   normal-plugin-2              imperative working test plugin 2             
   normal-plugin-3              Test plugin with globs and profiles          
   plugins                      Install and manage plug-ins.                 
   profiles                     Create and manage configuration profiles.    
                                (deprecated)                                 

 OPTIONS
 -------

   --version | -V (boolean)

      Display the current version of Test CLI for Plugins

   --available-commands | --ac (boolean)

      Displays a list of available commands

 GLOBAL OPTIONS
 --------------

   --response-format-json | --rfj (boolean)

      Produce JSON formatted data from a command

   --help | -h (boolean)

      Display help text

   --help-web | --hw (boolean)

      Display HTML help in browser

 
exit code: 0
[2023/06/29 15:45:52.581] [INFO] [TestUtil.ts:180] Executing node --require ts-node/register C:\ourstuff\repos\dev\imperative\__tests__\src\packages\imperative\plugins\test_cli\TestCLI.ts plugins install imperative-sample-plugin --file C:\ourstuff\repos\dev\imperative\__tests__\src\packages\imperative\plugins\suites\sample-plugin.json
[2023/06/29 15:45:52.582] [DEBUG] [TestUtil.ts:182] [Object: null prototype] {} Executing node --require ts-node/register C:\ourstuff\repos\dev\imperative\__tests__\src\packages\imperative\plugins\test_cli\TestCLI.ts plugins install imperative-sample-plugin --file C:\ourstuff\repos\dev\imperative\__tests__\src\packages\imperative\plugins\suites\sample-plugin.json
[2023/06/29 15:45:54.956] [DEBUG] [TestUtil.ts:203] Command output: 
  Command Error:
Option --file can not be specified if positional package... is as well. They are mutually exclusive.

exit code: 1
[2023/06/29 15:45:55.626] [INFO] [TestUtil.ts:180] Executing node --require ts-node/register C:\ourstuff\repos\dev\imperative\__tests__\src\packages\imperative\plugins\test_cli\TestCLI.ts plugins install imperative-sample-plugin --file C:\ourstuff\repos\dev\imperative\__tests__\src\packages\imperative\plugins\suites\sample-plugin.json --registry http://imperative-npm-registry:4873
[2023/06/29 15:45:55.627] [DEBUG] [TestUtil.ts:182] [Object: null prototype] {} Executing node --require ts-node/register C:\ourstuff\repos\dev\imperative\__tests__\src\packages\imperative\plugins\test_cli\TestCLI.ts plugins install imperative-sample-plugin --file C:\ourstuff\repos\dev\imperative\__tests__\src\packages\imperative\plugins\suites\sample-plugin.json --registry http://imperative-npm-registry:4873
[2023/06/29 15:45:57.384] [DEBUG] [TestUtil.ts:203] Command output: 
  
Syntax Error:
The following options conflict (mutually exclusive):
--file
--registry

Example:

 - Install plug-ins saved in
 C:\ourstuff\repos\dev\imperative\__tests__\__results__\.pluginstest\plugins\plugins.json:

      $ C:\ourstuff\repos\dev\imperative\__tests__\src\packages\imperative\plugins\test_cli\TestCLI.ts plugins install 

Use "C:\ourstuff\repos\dev\imperative\__tests__\src\packages\imperative\plugins\test_cli\TestCLI.ts plugins install --help" to view command description, usage, and options.

exit code: 1
[2023/06/29 15:46:00.955] [INFO] [TestUtil.ts:180] Executing node --require ts-node/register C:\ourstuff\repos\dev\imperative\__tests__\src\packages\imperative\plugins\test_cli\TestCLI.ts plugins install C:\ourstuff\repos\dev\imperative\__tests__\src\packages\imperative\plugins\test_plugins\normal_plugin
[2023/06/29 15:46:00.956] [DEBUG] [TestUtil.ts:182] {} Executing node --require ts-node/register C:\ourstuff\repos\dev\imperative\__tests__\src\packages\imperative\plugins\test_cli\TestCLI.ts plugins install C:\ourstuff\repos\dev\imperative\__tests__\src\packages\imperative\plugins\test_plugins\normal_plugin
[2023/06/29 15:46:12.835] [DEBUG] [TestUtil.ts:203] Command output: 
 Plug-ins within the Imperative CLI Framework can legitimately gain
control of the C:\ourstuff\repos\dev\imperative\__tests__\src\packages\imperative\plugins\test_cli\TestCLI.ts CLI application during the execution of every command.
Install 3rd party plug-ins at your own risk.

Registry = https://registry.npmjs.org/

_______________________________________________________________
Installed plugin name = 'normal-plugin'

_____ Validation results for plugin 'normal-plugin' _____
This plugin was successfully validated. Enjoy the plugin.


 
exit code: 0
[2023/06/29 15:46:12.836] [INFO] [TestUtil.ts:180] Executing node --require ts-node/register C:\ourstuff\repos\dev\imperative\__tests__\src\packages\imperative\plugins\test_cli\TestCLI.ts plugins validate
[2023/06/29 15:46:12.837] [DEBUG] [TestUtil.ts:182] {} Executing node --require ts-node/register C:\ourstuff\repos\dev\imperative\__tests__\src\packages\imperative\plugins\test_cli\TestCLI.ts plugins validate
[2023/06/29 15:46:15.911] [DEBUG] [TestUtil.ts:203] Command output: 
 
_____ Validation results for plugin 'normal-plugin' _____
This plugin was successfully validated. Enjoy the plugin.
 
exit code: 0
[2023/06/29 15:46:16.173] [INFO] [TestUtil.ts:180] Executing node --require ts-node/register C:\ourstuff\repos\dev\imperative\__tests__\src\packages\imperative\plugins\test_cli\TestCLI.ts plugins install C:\ourstuff\repos\dev\imperative\__tests__\src\packages\imperative\plugins\test_plugins\space in path plugin
[2023/06/29 15:46:16.174] [DEBUG] [TestUtil.ts:182] {} Executing node --require ts-node/register C:\ourstuff\repos\dev\imperative\__tests__\src\packages\imperative\plugins\test_cli\TestCLI.ts plugins install C:\ourstuff\repos\dev\imperative\__tests__\src\packages\imperative\plugins\test_plugins\space in path plugin
[2023/06/29 15:46:26.973] [DEBUG] [TestUtil.ts:203] Command output: 
 Plug-ins within the Imperative CLI Framework can legitimately gain
control of the C:\ourstuff\repos\dev\imperative\__tests__\src\packages\imperative\plugins\test_cli\TestCLI.ts CLI application during the execution of every command.
Install 3rd party plug-ins at your own risk.

Registry = https://registry.npmjs.org/

_______________________________________________________________
Installed plugin name = 'space-in-path-plugin'

_____ Validation results for plugin 'space-in-path-plugin' _____
This plugin was successfully validated. Enjoy the plugin.


 
exit code: 0
[2023/06/29 15:46:26.974] [INFO] [TestUtil.ts:180] Executing node --require ts-node/register C:\ourstuff\repos\dev\imperative\__tests__\src\packages\imperative\plugins\test_cli\TestCLI.ts plugins validate
[2023/06/29 15:46:26.976] [DEBUG] [TestUtil.ts:182] {} Executing node --require ts-node/register C:\ourstuff\repos\dev\imperative\__tests__\src\packages\imperative\plugins\test_cli\TestCLI.ts plugins validate
[2023/06/29 15:46:28.788] [DEBUG] [TestUtil.ts:203] Command output: 
 
_____ Validation results for plugin 'space-in-path-plugin' _____
This plugin was successfully validated. Enjoy the plugin.
 
exit code: 0
[2023/06/29 15:46:29.017] [INFO] [TestUtil.ts:180] Executing node --require ts-node/register C:\ourstuff\repos\dev\imperative\__tests__\src\packages\imperative\plugins\test_cli\TestCLI.ts plugins install C:\ourstuff\repos\dev\imperative\__tests__\src\packages\imperative\plugins\test_plugins\normal_plugin
[2023/06/29 15:46:29.018] [DEBUG] [TestUtil.ts:182] {} Executing node --require ts-node/register C:\ourstuff\repos\dev\imperative\__tests__\src\packages\imperative\plugins\test_cli\TestCLI.ts plugins install C:\ourstuff\repos\dev\imperative\__tests__\src\packages\imperative\plugins\test_plugins\normal_plugin
[2023/06/29 15:46:39.313] [DEBUG] [TestUtil.ts:203] Command output: 
 Plug-ins within the Imperative CLI Framework can legitimately gain
control of the C:\ourstuff\repos\dev\imperative\__tests__\src\packages\imperative\plugins\test_cli\TestCLI.ts CLI application during the execution of every command.
Install 3rd party plug-ins at your own risk.

Registry = https://registry.npmjs.org/

_______________________________________________________________
Installed plugin name = 'normal-plugin'

_____ Validation results for plugin 'normal-plugin' _____
This plugin was successfully validated. Enjoy the plugin.


 
exit code: 0
[2023/06/29 15:46:39.314] [INFO] [TestUtil.ts:180] Executing node --require ts-node/register C:\ourstuff\repos\dev\imperative\__tests__\src\packages\imperative\plugins\test_cli\TestCLI.ts plugins validate normal-plugin
[2023/06/29 15:46:39.315] [DEBUG] [TestUtil.ts:182] {} Executing node --require ts-node/register C:\ourstuff\repos\dev\imperative\__tests__\src\packages\imperative\plugins\test_cli\TestCLI.ts plugins validate normal-plugin
[2023/06/29 15:46:41.134] [DEBUG] [TestUtil.ts:203] Command output: 
 
_____ Validation results for plugin 'normal-plugin' _____
This plugin was successfully validated. Enjoy the plugin.
 
exit code: 0
[2023/06/29 15:46:41.366] [INFO] [TestUtil.ts:180] Executing node --require ts-node/register C:\ourstuff\repos\dev\imperative\__tests__\src\packages\imperative\plugins\test_cli\TestCLI.ts plugins install C:\ourstuff\repos\dev\imperative\__tests__\src\packages\imperative\plugins\test_plugins\missing_name_plugin
[2023/06/29 15:46:41.367] [DEBUG] [TestUtil.ts:182] {} Executing node --require ts-node/register C:\ourstuff\repos\dev\imperative\__tests__\src\packages\imperative\plugins\test_cli\TestCLI.ts plugins install C:\ourstuff\repos\dev\imperative\__tests__\src\packages\imperative\plugins\test_plugins\missing_name_plugin
[2023/06/29 15:46:52.031] [DEBUG] [TestUtil.ts:203] Command output: 
 Plug-ins within the Imperative CLI Framework can legitimately gain
control of the C:\ourstuff\repos\dev\imperative\__tests__\src\packages\imperative\plugins\test_cli\TestCLI.ts CLI application during the execution of every command.
Install 3rd party plug-ins at your own risk.

Registry = https://registry.npmjs.org/

_______________________________________________________________
Installed plugin name = 'missing_name_plugin'

_____ Validation results for plugin 'missing_name_plugin' _____
This plugin was successfully validated. Enjoy the plugin.


 
exit code: 0
[2023/06/29 15:46:52.032] [INFO] [TestUtil.ts:180] Executing node --require ts-node/register C:\ourstuff\repos\dev\imperative\__tests__\src\packages\imperative\plugins\test_cli\TestCLI.ts plugins validate missing_name_plugin
[2023/06/29 15:46:52.033] [DEBUG] [TestUtil.ts:182] {} Executing node --require ts-node/register C:\ourstuff\repos\dev\imperative\__tests__\src\packages\imperative\plugins\test_cli\TestCLI.ts plugins validate missing_name_plugin
[2023/06/29 15:46:54.066] [DEBUG] [TestUtil.ts:203] Command output: 
 
_____ Validation results for plugin 'missing_name_plugin' _____
This plugin was successfully validated. Enjoy the plugin.
 
exit code: 0
[2023/06/29 15:46:54.314] [INFO] [TestUtil.ts:180] Executing node --require ts-node/register C:\ourstuff\repos\dev\imperative\__tests__\src\packages\imperative\plugins\test_cli\TestCLI.ts plugins install C:\ourstuff\repos\dev\imperative\__tests__\src\packages\imperative\plugins\test_plugins\chained_handler_plugin
[2023/06/29 15:46:54.315] [DEBUG] [TestUtil.ts:182] {} Executing node --require ts-node/register C:\ourstuff\repos\dev\imperative\__tests__\src\packages\imperative\plugins\test_cli\TestCLI.ts plugins install C:\ourstuff\repos\dev\imperative\__tests__\src\packages\imperative\plugins\test_plugins\chained_handler_plugin
[2023/06/29 15:47:06.020] [DEBUG] [TestUtil.ts:203] Command output: 
 Plug-ins within the Imperative CLI Framework can legitimately gain
control of the C:\ourstuff\repos\dev\imperative\__tests__\src\packages\imperative\plugins\test_cli\TestCLI.ts CLI application during the execution of every command.
Install 3rd party plug-ins at your own risk.

Registry = https://registry.npmjs.org/

_______________________________________________________________
Installed plugin name = 'chained-handler-plugin'

_____ Validation results for plugin 'chained-handler-plugin' _____
This plugin was successfully validated. Enjoy the plugin.


 
exit code: 0
[2023/06/29 15:47:06.021] [INFO] [TestUtil.ts:180] Executing node --require ts-node/register C:\ourstuff\repos\dev\imperative\__tests__\src\packages\imperative\plugins\test_cli\TestCLI.ts plugins validate chained-handler-plugin
[2023/06/29 15:47:06.023] [DEBUG] [TestUtil.ts:182] {} Executing node --require ts-node/register C:\ourstuff\repos\dev\imperative\__tests__\src\packages\imperative\plugins\test_cli\TestCLI.ts plugins validate chained-handler-plugin
[2023/06/29 15:47:07.792] [DEBUG] [TestUtil.ts:203] Command output: 
 
_____ Validation results for plugin 'chained-handler-plugin' _____
This plugin was successfully validated. Enjoy the plugin.
 
exit code: 0
[2023/06/29 15:47:08.019] [INFO] [TestUtil.ts:180] Executing node --require ts-node/register C:\ourstuff\repos\dev\imperative\__tests__\src\packages\imperative\plugins\test_cli\TestCLI.ts plugins validate
[2023/06/29 15:47:08.020] [DEBUG] [TestUtil.ts:182] {} Executing node --require ts-node/register C:\ourstuff\repos\dev\imperative\__tests__\src\packages\imperative\plugins\test_cli\TestCLI.ts plugins validate
[2023/06/29 15:47:09.795] [DEBUG] [TestUtil.ts:203] Command output: 
 No plugins have been installed into your CLI application.
 
exit code: 0
[2023/06/29 15:47:10.039] [INFO] [TestUtil.ts:180] Executing node --require ts-node/register C:\ourstuff\repos\dev\imperative\__tests__\src\packages\imperative\plugins\test_cli\TestCLI.ts plugins install C:\ourstuff\repos\dev\imperative\__tests__\src\packages\imperative\plugins\test_plugins\normal_plugin
[2023/06/29 15:47:10.040] [DEBUG] [TestUtil.ts:182] {} Executing node --require ts-node/register C:\ourstuff\repos\dev\imperative\__tests__\src\packages\imperative\plugins\test_cli\TestCLI.ts plugins install C:\ourstuff\repos\dev\imperative\__tests__\src\packages\imperative\plugins\test_plugins\normal_plugin
[2023/06/29 15:47:21.401] [DEBUG] [TestUtil.ts:203] Command output: 
 Plug-ins within the Imperative CLI Framework can legitimately gain
control of the C:\ourstuff\repos\dev\imperative\__tests__\src\packages\imperative\plugins\test_cli\TestCLI.ts CLI application during the execution of every command.
Install 3rd party plug-ins at your own risk.

Registry = https://registry.npmjs.org/

_______________________________________________________________
Installed plugin name = 'normal-plugin'

_____ Validation results for plugin 'normal-plugin' _____
This plugin was successfully validated. Enjoy the plugin.


 
exit code: 0
[2023/06/29 15:47:21.403] [INFO] [TestUtil.ts:180] Executing node --require ts-node/register C:\ourstuff\repos\dev\imperative\__tests__\src\packages\imperative\plugins\test_cli\TestCLI.ts plugins validate imperative-sample-plugin --no-fail-on-error
[2023/06/29 15:47:21.405] [DEBUG] [TestUtil.ts:182] {} Executing node --require ts-node/register C:\ourstuff\repos\dev\imperative\__tests__\src\packages\imperative\plugins\test_cli\TestCLI.ts plugins validate imperative-sample-plugin --no-fail-on-error
[2023/06/29 15:47:23.852] [DEBUG] [TestUtil.ts:203] Command output: 
 The specified plugin 'imperative-sample-plugin' has not been installed into your CLI application.
 
exit code: 0
[2023/06/29 15:47:24.085] [INFO] [TestUtil.ts:180] Executing node --require ts-node/register C:\ourstuff\repos\dev\imperative\__tests__\src\packages\imperative\plugins\test_cli\TestCLI.ts plugins install C:\ourstuff\repos\dev\imperative\__tests__\src\packages\imperative\plugins\test_plugins\normal_plugin
[2023/06/29 15:47:24.086] [DEBUG] [TestUtil.ts:182] {} Executing node --require ts-node/register C:\ourstuff\repos\dev\imperative\__tests__\src\packages\imperative\plugins\test_cli\TestCLI.ts plugins install C:\ourstuff\repos\dev\imperative\__tests__\src\packages\imperative\plugins\test_plugins\normal_plugin
[2023/06/29 15:47:34.655] [DEBUG] [TestUtil.ts:203] Command output: 
 Plug-ins within the Imperative CLI Framework can legitimately gain
control of the C:\ourstuff\repos\dev\imperative\__tests__\src\packages\imperative\plugins\test_cli\TestCLI.ts CLI application during the execution of every command.
Install 3rd party plug-ins at your own risk.

Registry = https://registry.npmjs.org/

_______________________________________________________________
Installed plugin name = 'normal-plugin'

_____ Validation results for plugin 'normal-plugin' _____
This plugin was successfully validated. Enjoy the plugin.


 
exit code: 0
[2023/06/29 15:47:34.657] [INFO] [TestUtil.ts:180] Executing node --require ts-node/register C:\ourstuff\repos\dev\imperative\__tests__\src\packages\imperative\plugins\test_cli\TestCLI.ts plugins validate imperative-sample-plugin
[2023/06/29 15:47:34.657] [DEBUG] [TestUtil.ts:182] {} Executing node --require ts-node/register C:\ourstuff\repos\dev\imperative\__tests__\src\packages\imperative\plugins\test_cli\TestCLI.ts plugins validate imperative-sample-plugin
[2023/06/29 15:47:36.441] [DEBUG] [TestUtil.ts:203] Command output: 
 The specified plugin 'imperative-sample-plugin' has not been installed into your CLI application.


 Problems detected during plugin validation. Please check above for more information.

exit code: 1
[2023/06/29 15:47:36.679] [INFO] [TestUtil.ts:180] Executing node --require ts-node/register C:\ourstuff\repos\dev\imperative\__tests__\src\packages\imperative\plugins\test_cli\TestCLI.ts plugins install C:\ourstuff\repos\dev\imperative\__tests__\src\packages\imperative\plugins\test_plugins\error_plugins\duplicated_base_cli_command
[2023/06/29 15:47:36.680] [DEBUG] [TestUtil.ts:182] {} Executing node --require ts-node/register C:\ourstuff\repos\dev\imperative\__tests__\src\packages\imperative\plugins\test_cli\TestCLI.ts plugins install C:\ourstuff\repos\dev\imperative\__tests__\src\packages\imperative\plugins\test_plugins\error_plugins\duplicated_base_cli_command
[2023/06/29 15:47:47.021] [DEBUG] [TestUtil.ts:203] Command output: 
 Plug-ins within the Imperative CLI Framework can legitimately gain
control of the C:\ourstuff\repos\dev\imperative\__tests__\src\packages\imperative\plugins\test_cli\TestCLI.ts CLI application during the execution of every command.
Install 3rd party plug-ins at your own risk.

Registry = https://registry.npmjs.org/

_______________________________________________________________
Installed plugin name = 'duplicated_base_cli_command'

_____ Validation results for plugin 'duplicated_base_cli_command' _____

*** CmdError: The plugin named 'plugins' attempted to add a group of commands with the name 'plugins'. Your base application already contains a group with the name 'plugins'.

This plugin has command errors. No plugin commands will be available.



 
exit code: 0
[2023/06/29 15:47:47.022] [INFO] [TestUtil.ts:180] Executing node --require ts-node/register C:\ourstuff\repos\dev\imperative\__tests__\src\packages\imperative\plugins\test_cli\TestCLI.ts plugins validate duplicated_base_cli_command --no-fail-on-error
[2023/06/29 15:47:47.023] [DEBUG] [TestUtil.ts:182] {} Executing node --require ts-node/register C:\ourstuff\repos\dev\imperative\__tests__\src\packages\imperative\plugins\test_cli\TestCLI.ts plugins validate duplicated_base_cli_command --no-fail-on-error
[2023/06/29 15:47:48.884] [DEBUG] [TestUtil.ts:203] Command output: 
 
_____ Validation results for plugin 'duplicated_base_cli_command' _____

*** CmdError: The plugin named 'plugins' attempted to add a group of commands with the name 'plugins'. Your base application already contains a group with the name 'plugins'.

This plugin has command errors. No plugin commands will be available.

 
exit code: 0
[2023/06/29 15:47:49.122] [INFO] [TestUtil.ts:180] Executing node --require ts-node/register C:\ourstuff\repos\dev\imperative\__tests__\src\packages\imperative\plugins\test_cli\TestCLI.ts plugins install C:\ourstuff\repos\dev\imperative\__tests__\src\packages\imperative\plugins\test_plugins\error_plugins\duplicated_base_cli_command
[2023/06/29 15:47:49.123] [DEBUG] [TestUtil.ts:182] {} Executing node --require ts-node/register C:\ourstuff\repos\dev\imperative\__tests__\src\packages\imperative\plugins\test_cli\TestCLI.ts plugins install C:\ourstuff\repos\dev\imperative\__tests__\src\packages\imperative\plugins\test_plugins\error_plugins\duplicated_base_cli_command
[2023/06/29 15:47:59.685] [DEBUG] [TestUtil.ts:203] Command output: 
 Plug-ins within the Imperative CLI Framework can legitimately gain
control of the C:\ourstuff\repos\dev\imperative\__tests__\src\packages\imperative\plugins\test_cli\TestCLI.ts CLI application during the execution of every command.
Install 3rd party plug-ins at your own risk.

Registry = https://registry.npmjs.org/

_______________________________________________________________
Installed plugin name = 'duplicated_base_cli_command'

_____ Validation results for plugin 'duplicated_base_cli_command' _____

*** CmdError: The plugin named 'plugins' attempted to add a group of commands with the name 'plugins'. Your base application already contains a group with the name 'plugins'.

This plugin has command errors. No plugin commands will be available.



 
exit code: 0
[2023/06/29 15:47:59.686] [INFO] [TestUtil.ts:180] Executing node --require ts-node/register C:\ourstuff\repos\dev\imperative\__tests__\src\packages\imperative\plugins\test_cli\TestCLI.ts plugins validate duplicated_base_cli_command
[2023/06/29 15:47:59.687] [DEBUG] [TestUtil.ts:182] {} Executing node --require ts-node/register C:\ourstuff\repos\dev\imperative\__tests__\src\packages\imperative\plugins\test_cli\TestCLI.ts plugins validate duplicated_base_cli_command
[2023/06/29 15:48:01.724] [DEBUG] [TestUtil.ts:203] Command output: 
 
_____ Validation results for plugin 'duplicated_base_cli_command' _____

*** CmdError: The plugin named 'plugins' attempted to add a group of commands with the name 'plugins'. Your base application already contains a group with the name 'plugins'.

This plugin has command errors. No plugin commands will be available.



 Problems detected during plugin validation. Please check above for more information.

exit code: 1
[2023/06/29 15:48:01.993] [INFO] [TestUtil.ts:180] Executing node --require ts-node/register C:\ourstuff\repos\dev\imperative\__tests__\src\packages\imperative\plugins\test_cli\TestCLI.ts plugins install C:\ourstuff\repos\dev\imperative\__tests__\src\packages\imperative\plugins\test_plugins\normal_plugin C:\ourstuff\repos\dev\imperative\__tests__\src\packages\imperative\plugins\test_plugins\error_plugins\duplicated_installed_plugin_command
[2023/06/29 15:48:01.994] [DEBUG] [TestUtil.ts:182] {} Executing node --require ts-node/register C:\ourstuff\repos\dev\imperative\__tests__\src\packages\imperative\plugins\test_cli\TestCLI.ts plugins install C:\ourstuff\repos\dev\imperative\__tests__\src\packages\imperative\plugins\test_plugins\normal_plugin C:\ourstuff\repos\dev\imperative\__tests__\src\packages\imperative\plugins\test_plugins\error_plugins\duplicated_installed_plugin_command
[2023/06/29 15:48:17.639] [DEBUG] [TestUtil.ts:203] Command output: 
 Plug-ins within the Imperative CLI Framework can legitimately gain
control of the C:\ourstuff\repos\dev\imperative\__tests__\src\packages\imperative\plugins\test_cli\TestCLI.ts CLI application during the execution of every command.
Install 3rd party plug-ins at your own risk.

Registry = https://registry.npmjs.org/

_______________________________________________________________
Installed plugin name = 'normal-plugin'

_____ Validation results for plugin 'normal-plugin' _____
This plugin was successfully validated. Enjoy the plugin.



_______________________________________________________________
Installed plugin name = 'duplicated_installed_plugin_command'

_____ Validation results for plugin 'duplicated_installed_plugin_command' _____

*** CmdError: The plugin named 'normal-plugin' attempted to add a group of commands with the name 'normal-plugin'. Your base application already contains a group with the name 'normal-plugin'.

This plugin has command errors. No plugin commands will be available.



 
exit code: 0
[2023/06/29 15:48:17.640] [INFO] [TestUtil.ts:180] Executing node --require ts-node/register C:\ourstuff\repos\dev\imperative\__tests__\src\packages\imperative\plugins\test_cli\TestCLI.ts plugins validate duplicated_installed_plugin_command --no-fail-on-error
[2023/06/29 15:48:17.641] [DEBUG] [TestUtil.ts:182] {} Executing node --require ts-node/register C:\ourstuff\repos\dev\imperative\__tests__\src\packages\imperative\plugins\test_cli\TestCLI.ts plugins validate duplicated_installed_plugin_command --no-fail-on-error
[2023/06/29 15:48:19.397] [DEBUG] [TestUtil.ts:203] Command output: 
 
_____ Validation results for plugin 'duplicated_installed_plugin_command' _____

*** CmdError: The plugin named 'normal-plugin' attempted to add a group of commands with the name 'normal-plugin'. Your base application already contains a group with the name 'normal-plugin'.

This plugin has command errors. No plugin commands will be available.

 
exit code: 0
[2023/06/29 15:48:19.634] [INFO] [TestUtil.ts:180] Executing node --require ts-node/register C:\ourstuff\repos\dev\imperative\__tests__\src\packages\imperative\plugins\test_cli\TestCLI.ts plugins install C:\ourstuff\repos\dev\imperative\__tests__\src\packages\imperative\plugins\test_plugins\normal_plugin C:\ourstuff\repos\dev\imperative\__tests__\src\packages\imperative\plugins\test_plugins\error_plugins\duplicated_installed_plugin_command
[2023/06/29 15:48:19.636] [DEBUG] [TestUtil.ts:182] {} Executing node --require ts-node/register C:\ourstuff\repos\dev\imperative\__tests__\src\packages\imperative\plugins\test_cli\TestCLI.ts plugins install C:\ourstuff\repos\dev\imperative\__tests__\src\packages\imperative\plugins\test_plugins\normal_plugin C:\ourstuff\repos\dev\imperative\__tests__\src\packages\imperative\plugins\test_plugins\error_plugins\duplicated_installed_plugin_command
[2023/06/29 15:48:35.207] [DEBUG] [TestUtil.ts:203] Command output: 
 Plug-ins within the Imperative CLI Framework can legitimately gain
control of the C:\ourstuff\repos\dev\imperative\__tests__\src\packages\imperative\plugins\test_cli\TestCLI.ts CLI application during the execution of every command.
Install 3rd party plug-ins at your own risk.

Registry = https://registry.npmjs.org/

_______________________________________________________________
Installed plugin name = 'normal-plugin'

_____ Validation results for plugin 'normal-plugin' _____
This plugin was successfully validated. Enjoy the plugin.



_______________________________________________________________
Installed plugin name = 'duplicated_installed_plugin_command'

_____ Validation results for plugin 'duplicated_installed_plugin_command' _____

*** CmdError: The plugin named 'normal-plugin' attempted to add a group of commands with the name 'normal-plugin'. Your base application already contains a group with the name 'normal-plugin'.

This plugin has command errors. No plugin commands will be available.



 
exit code: 0
[2023/06/29 15:48:35.208] [INFO] [TestUtil.ts:180] Executing node --require ts-node/register C:\ourstuff\repos\dev\imperative\__tests__\src\packages\imperative\plugins\test_cli\TestCLI.ts plugins validate duplicated_installed_plugin_command
[2023/06/29 15:48:35.210] [DEBUG] [TestUtil.ts:182] {} Executing node --require ts-node/register C:\ourstuff\repos\dev\imperative\__tests__\src\packages\imperative\plugins\test_cli\TestCLI.ts plugins validate duplicated_installed_plugin_command
[2023/06/29 15:48:37.752] [DEBUG] [TestUtil.ts:203] Command output: 
 
_____ Validation results for plugin 'duplicated_installed_plugin_command' _____

*** CmdError: The plugin named 'normal-plugin' attempted to add a group of commands with the name 'normal-plugin'. Your base application already contains a group with the name 'normal-plugin'.

This plugin has command errors. No plugin commands will be available.



 Problems detected during plugin validation. Please check above for more information.

exit code: 1
[2023/06/29 15:48:38.135] [INFO] [TestUtil.ts:180] Executing node --require ts-node/register C:\ourstuff\repos\dev\imperative\__tests__\src\packages\imperative\plugins\test_cli\TestCLI.ts plugins install C:\ourstuff\repos\dev\imperative\__tests__\src\packages\imperative\plugins\test_plugins\error_plugins\missing_pluginHealthCheck
[2023/06/29 15:48:38.137] [DEBUG] [TestUtil.ts:182] {} Executing node --require ts-node/register C:\ourstuff\repos\dev\imperative\__tests__\src\packages\imperative\plugins\test_cli\TestCLI.ts plugins install C:\ourstuff\repos\dev\imperative\__tests__\src\packages\imperative\plugins\test_plugins\error_plugins\missing_pluginHealthCheck
[2023/06/29 15:48:50.699] [DEBUG] [TestUtil.ts:203] Command output: 
 Plug-ins within the Imperative CLI Framework can legitimately gain
control of the C:\ourstuff\repos\dev\imperative\__tests__\src\packages\imperative\plugins\test_cli\TestCLI.ts CLI application during the execution of every command.
Install 3rd party plug-ins at your own risk.

Registry = https://registry.npmjs.org/

_______________________________________________________________
Installed plugin name = 'missing_pluginHealthCheck'

_____ Validation results for plugin 'missing_pluginHealthCheck' _____
This plugin was successfully validated. Enjoy the plugin.


 
exit code: 0
[2023/06/29 15:48:50.702] [INFO] [TestUtil.ts:180] Executing node --require ts-node/register C:\ourstuff\repos\dev\imperative\__tests__\src\packages\imperative\plugins\test_cli\TestCLI.ts plugins validate missing_pluginHealthCheck
[2023/06/29 15:48:50.702] [DEBUG] [TestUtil.ts:182] {} Executing node --require ts-node/register C:\ourstuff\repos\dev\imperative\__tests__\src\packages\imperative\plugins\test_cli\TestCLI.ts plugins validate missing_pluginHealthCheck
[2023/06/29 15:48:52.570] [DEBUG] [TestUtil.ts:203] Command output: 
 
_____ Validation results for plugin 'missing_pluginHealthCheck' _____
This plugin was successfully validated. Enjoy the plugin.
 
exit code: 0
[2023/06/29 15:48:52.829] [INFO] [TestUtil.ts:180] Executing node --require ts-node/register C:\ourstuff\repos\dev\imperative\__tests__\src\packages\imperative\plugins\test_cli\TestCLI.ts plugins install C:\ourstuff\repos\dev\imperative\__tests__\src\packages\imperative\plugins\test_plugins\error_plugins\missing_pluginHealthCheck
[2023/06/29 15:48:52.830] [DEBUG] [TestUtil.ts:182] {} Executing node --require ts-node/register C:\ourstuff\repos\dev\imperative\__tests__\src\packages\imperative\plugins\test_cli\TestCLI.ts plugins install C:\ourstuff\repos\dev\imperative\__tests__\src\packages\imperative\plugins\test_plugins\error_plugins\missing_pluginHealthCheck
[2023/06/29 15:49:03.852] [DEBUG] [TestUtil.ts:203] Command output: 
 Plug-ins within the Imperative CLI Framework can legitimately gain
control of the C:\ourstuff\repos\dev\imperative\__tests__\src\packages\imperative\plugins\test_cli\TestCLI.ts CLI application during the execution of every command.
Install 3rd party plug-ins at your own risk.

Registry = https://registry.npmjs.org/

_______________________________________________________________
Installed plugin name = 'missing_pluginHealthCheck'

_____ Validation results for plugin 'missing_pluginHealthCheck' _____
This plugin was successfully validated. Enjoy the plugin.


 
exit code: 0
[2023/06/29 15:49:03.854] [INFO] [TestUtil.ts:180] Executing node --require ts-node/register C:\ourstuff\repos\dev\imperative\__tests__\src\packages\imperative\plugins\test_cli\TestCLI.ts plugins validate missing_pluginHealthCheck --fail-on-warning
[2023/06/29 15:49:03.855] [DEBUG] [TestUtil.ts:182] {} Executing node --require ts-node/register C:\ourstuff\repos\dev\imperative\__tests__\src\packages\imperative\plugins\test_cli\TestCLI.ts plugins validate missing_pluginHealthCheck --fail-on-warning
[2023/06/29 15:49:05.648] [DEBUG] [TestUtil.ts:203] Command output: 
 
_____ Validation results for plugin 'missing_pluginHealthCheck' _____
This plugin was successfully validated. Enjoy the plugin.
 
exit code: 0
[2023/06/29 15:49:05.893] [INFO] [TestUtil.ts:180] Executing node --require ts-node/register C:\ourstuff\repos\dev\imperative\__tests__\src\packages\imperative\plugins\test_cli\TestCLI.ts plugins install C:\ourstuff\repos\dev\imperative\__tests__\src\packages\imperative\plugins\test_plugins\error_plugins\missing_healthcheck_handler
[2023/06/29 15:49:05.893] [DEBUG] [TestUtil.ts:182] {} Executing node --require ts-node/register C:\ourstuff\repos\dev\imperative\__tests__\src\packages\imperative\plugins\test_cli\TestCLI.ts plugins install C:\ourstuff\repos\dev\imperative\__tests__\src\packages\imperative\plugins\test_plugins\error_plugins\missing_healthcheck_handler
[2023/06/29 15:49:16.386] [DEBUG] [TestUtil.ts:203] Command output: 
 Plug-ins within the Imperative CLI Framework can legitimately gain
control of the C:\ourstuff\repos\dev\imperative\__tests__\src\packages\imperative\plugins\test_cli\TestCLI.ts CLI application during the execution of every command.
Install 3rd party plug-ins at your own risk.

Registry = https://registry.npmjs.org/

_______________________________________________________________
Installed plugin name = 'missing_healthcheck_handler'

_____ Validation results for plugin 'missing_healthcheck_handler' _____
This plugin was successfully validated. Enjoy the plugin.


 
exit code: 0
[2023/06/29 15:49:16.388] [INFO] [TestUtil.ts:180] Executing node --require ts-node/register C:\ourstuff\repos\dev\imperative\__tests__\src\packages\imperative\plugins\test_cli\TestCLI.ts plugins validate missing_healthcheck_handler --no-fail-on-error
[2023/06/29 15:49:16.389] [DEBUG] [TestUtil.ts:182] {} Executing node --require ts-node/register C:\ourstuff\repos\dev\imperative\__tests__\src\packages\imperative\plugins\test_cli\TestCLI.ts plugins validate missing_healthcheck_handler --no-fail-on-error
[2023/06/29 15:49:18.351] [DEBUG] [TestUtil.ts:203] Command output: 
 
_____ Validation results for plugin 'missing_healthcheck_handler' _____
This plugin was successfully validated. Enjoy the plugin.
 
exit code: 0
[2023/06/29 15:49:18.593] [INFO] [TestUtil.ts:180] Executing node --require ts-node/register C:\ourstuff\repos\dev\imperative\__tests__\src\packages\imperative\plugins\test_cli\TestCLI.ts plugins install C:\ourstuff\repos\dev\imperative\__tests__\src\packages\imperative\plugins\test_plugins\error_plugins\missing_healthcheck_handler
[2023/06/29 15:49:18.594] [DEBUG] [TestUtil.ts:182] {} Executing node --require ts-node/register C:\ourstuff\repos\dev\imperative\__tests__\src\packages\imperative\plugins\test_cli\TestCLI.ts plugins install C:\ourstuff\repos\dev\imperative\__tests__\src\packages\imperative\plugins\test_plugins\error_plugins\missing_healthcheck_handler
[2023/06/29 15:49:29.036] [DEBUG] [TestUtil.ts:203] Command output: 
 Plug-ins within the Imperative CLI Framework can legitimately gain
control of the C:\ourstuff\repos\dev\imperative\__tests__\src\packages\imperative\plugins\test_cli\TestCLI.ts CLI application during the execution of every command.
Install 3rd party plug-ins at your own risk.

Registry = https://registry.npmjs.org/

_______________________________________________________________
Installed plugin name = 'missing_healthcheck_handler'

_____ Validation results for plugin 'missing_healthcheck_handler' _____
This plugin was successfully validated. Enjoy the plugin.


 
exit code: 0
[2023/06/29 15:49:29.037] [INFO] [TestUtil.ts:180] Executing node --require ts-node/register C:\ourstuff\repos\dev\imperative\__tests__\src\packages\imperative\plugins\test_cli\TestCLI.ts plugins validate missing_healthcheck_handler
[2023/06/29 15:49:29.038] [DEBUG] [TestUtil.ts:182] {} Executing node --require ts-node/register C:\ourstuff\repos\dev\imperative\__tests__\src\packages\imperative\plugins\test_cli\TestCLI.ts plugins validate missing_healthcheck_handler
[2023/06/29 15:49:30.847] [DEBUG] [TestUtil.ts:203] Command output: 
 
_____ Validation results for plugin 'missing_healthcheck_handler' _____
This plugin was successfully validated. Enjoy the plugin.
 
exit code: 0
[2023/06/29 15:49:31.078] [INFO] [TestUtil.ts:180] Executing node --require ts-node/register C:\ourstuff\repos\dev\imperative\__tests__\src\packages\imperative\plugins\test_cli\TestCLI.ts plugins install C:\ourstuff\repos\dev\imperative\__tests__\src\packages\imperative\plugins\test_plugins\error_plugins\missing_dependencies
[2023/06/29 15:49:31.079] [DEBUG] [TestUtil.ts:182] {} Executing node --require ts-node/register C:\ourstuff\repos\dev\imperative\__tests__\src\packages\imperative\plugins\test_cli\TestCLI.ts plugins install C:\ourstuff\repos\dev\imperative\__tests__\src\packages\imperative\plugins\test_plugins\error_plugins\missing_dependencies
[2023/06/29 15:49:41.650] [DEBUG] [TestUtil.ts:203] Command output: 
 Plug-ins within the Imperative CLI Framework can legitimately gain
control of the C:\ourstuff\repos\dev\imperative\__tests__\src\packages\imperative\plugins\test_cli\TestCLI.ts CLI application during the execution of every command.
Install 3rd party plug-ins at your own risk.

Registry = https://registry.npmjs.org/

_______________________________________________________________
Installed plugin name = 'missing_dependencies'

_____ Validation results for plugin 'missing_dependencies' _____

*** Warning: Your '@zowe' dependencies must be contained within a 'peerDependencies' property. That property does not exist in the file 'C:\ourstuff\repos\dev\imperative\__tests__\__results__\.pluginstest\plugins\installed\node_modules\missing_dependencies\package.json'.

This plugin has warnings, but its commands and framework overrides will still be available.


 
exit code: 0
[2023/06/29 15:49:41.651] [INFO] [TestUtil.ts:180] Executing node --require ts-node/register C:\ourstuff\repos\dev\imperative\__tests__\src\packages\imperative\plugins\test_cli\TestCLI.ts plugins validate missing_dependencies
[2023/06/29 15:49:41.652] [DEBUG] [TestUtil.ts:182] {} Executing node --require ts-node/register C:\ourstuff\repos\dev\imperative\__tests__\src\packages\imperative\plugins\test_cli\TestCLI.ts plugins validate missing_dependencies
[2023/06/29 15:49:43.388] [DEBUG] [TestUtil.ts:203] Command output: 
 
_____ Validation results for plugin 'missing_dependencies' _____

*** Warning: Your '@zowe' dependencies must be contained within a 'peerDependencies' property. That property does not exist in the file 'C:\ourstuff\repos\dev\imperative\__tests__\__results__\.pluginstest\plugins\installed\node_modules\missing_dependencies\package.json'.

This plugin has warnings, but its commands and framework overrides will still be available.
 
exit code: 0
[2023/06/29 15:49:43.623] [INFO] [TestUtil.ts:180] Executing node --require ts-node/register C:\ourstuff\repos\dev\imperative\__tests__\src\packages\imperative\plugins\test_cli\TestCLI.ts plugins install C:\ourstuff\repos\dev\imperative\__tests__\src\packages\imperative\plugins\test_plugins\error_plugins\missing_dependencies
[2023/06/29 15:49:43.624] [DEBUG] [TestUtil.ts:182] {} Executing node --require ts-node/register C:\ourstuff\repos\dev\imperative\__tests__\src\packages\imperative\plugins\test_cli\TestCLI.ts plugins install C:\ourstuff\repos\dev\imperative\__tests__\src\packages\imperative\plugins\test_plugins\error_plugins\missing_dependencies
[2023/06/29 15:49:54.101] [DEBUG] [TestUtil.ts:203] Command output: 
 Plug-ins within the Imperative CLI Framework can legitimately gain
control of the C:\ourstuff\repos\dev\imperative\__tests__\src\packages\imperative\plugins\test_cli\TestCLI.ts CLI application during the execution of every command.
Install 3rd party plug-ins at your own risk.

Registry = https://registry.npmjs.org/

_______________________________________________________________
Installed plugin name = 'missing_dependencies'

_____ Validation results for plugin 'missing_dependencies' _____

*** Warning: Your '@zowe' dependencies must be contained within a 'peerDependencies' property. That property does not exist in the file 'C:\ourstuff\repos\dev\imperative\__tests__\__results__\.pluginstest\plugins\installed\node_modules\missing_dependencies\package.json'.

This plugin has warnings, but its commands and framework overrides will still be available.


 
exit code: 0
[2023/06/29 15:49:54.102] [INFO] [TestUtil.ts:180] Executing node --require ts-node/register C:\ourstuff\repos\dev\imperative\__tests__\src\packages\imperative\plugins\test_cli\TestCLI.ts plugins validate missing_dependencies --fail-on-warning
[2023/06/29 15:49:54.103] [DEBUG] [TestUtil.ts:182] {} Executing node --require ts-node/register C:\ourstuff\repos\dev\imperative\__tests__\src\packages\imperative\plugins\test_cli\TestCLI.ts plugins validate missing_dependencies --fail-on-warning
[2023/06/29 15:49:55.848] [DEBUG] [TestUtil.ts:203] Command output: 
 
_____ Validation results for plugin 'missing_dependencies' _____

*** Warning: Your '@zowe' dependencies must be contained within a 'peerDependencies' property. That property does not exist in the file 'C:\ourstuff\repos\dev\imperative\__tests__\__results__\.pluginstest\plugins\installed\node_modules\missing_dependencies\package.json'.

This plugin has warnings, but its commands and framework overrides will still be available.


 Problems detected during plugin validation. Please check above for more information.

exit code: 1
[2023/06/29 15:49:56.077] [INFO] [TestUtil.ts:180] Executing node --require ts-node/register C:\ourstuff\repos\dev\imperative\__tests__\src\packages\imperative\plugins\test_cli\TestCLI.ts plugins install C:\ourstuff\repos\dev\imperative\__tests__\src\packages\imperative\plugins\test_plugins\error_plugins\missing_rootCommandDescription
[2023/06/29 15:49:56.078] [DEBUG] [TestUtil.ts:182] {} Executing node --require ts-node/register C:\ourstuff\repos\dev\imperative\__tests__\src\packages\imperative\plugins\test_cli\TestCLI.ts plugins install C:\ourstuff\repos\dev\imperative\__tests__\src\packages\imperative\plugins\test_plugins\error_plugins\missing_rootCommandDescription
[2023/06/29 15:50:07.014] [DEBUG] [TestUtil.ts:203] Command output: 
 Plug-ins within the Imperative CLI Framework can legitimately gain
control of the C:\ourstuff\repos\dev\imperative\__tests__\src\packages\imperative\plugins\test_cli\TestCLI.ts CLI application during the execution of every command.
Install 3rd party plug-ins at your own risk.

Registry = https://registry.npmjs.org/

_______________________________________________________________
Installed plugin name = 'missing_rootCommandDescription'

_____ Validation results for plugin 'missing_rootCommandDescription' _____

*** CmdError: The plugin's configuration does not contain an 'imperative.rootCommandDescription' property.

This plugin has command errors. No plugin commands will be available.



 
exit code: 0
[2023/06/29 15:50:07.015] [INFO] [TestUtil.ts:180] Executing node --require ts-node/register C:\ourstuff\repos\dev\imperative\__tests__\src\packages\imperative\plugins\test_cli\TestCLI.ts plugins validate missing_rootCommandDescription --no-fail-on-error
[2023/06/29 15:50:07.017] [DEBUG] [TestUtil.ts:182] {} Executing node --require ts-node/register C:\ourstuff\repos\dev\imperative\__tests__\src\packages\imperative\plugins\test_cli\TestCLI.ts plugins validate missing_rootCommandDescription --no-fail-on-error
[2023/06/29 15:50:08.906] [DEBUG] [TestUtil.ts:203] Command output: 
 
_____ Validation results for plugin 'missing_rootCommandDescription' _____

*** CmdError: The plugin's configuration does not contain an 'imperative.rootCommandDescription' property.

This plugin has command errors. No plugin commands will be available.

 
exit code: 0
[2023/06/29 15:50:09.137] [INFO] [TestUtil.ts:180] Executing node --require ts-node/register C:\ourstuff\repos\dev\imperative\__tests__\src\packages\imperative\plugins\test_cli\TestCLI.ts plugins install C:\ourstuff\repos\dev\imperative\__tests__\src\packages\imperative\plugins\test_plugins\error_plugins\missing_rootCommandDescription
[2023/06/29 15:50:09.138] [DEBUG] [TestUtil.ts:182] {} Executing node --require ts-node/register C:\ourstuff\repos\dev\imperative\__tests__\src\packages\imperative\plugins\test_cli\TestCLI.ts plugins install C:\ourstuff\repos\dev\imperative\__tests__\src\packages\imperative\plugins\test_plugins\error_plugins\missing_rootCommandDescription
[2023/06/29 15:50:20.146] [DEBUG] [TestUtil.ts:203] Command output: 
 Plug-ins within the Imperative CLI Framework can legitimately gain
control of the C:\ourstuff\repos\dev\imperative\__tests__\src\packages\imperative\plugins\test_cli\TestCLI.ts CLI application during the execution of every command.
Install 3rd party plug-ins at your own risk.

Registry = https://registry.npmjs.org/

_______________________________________________________________
Installed plugin name = 'missing_rootCommandDescription'

_____ Validation results for plugin 'missing_rootCommandDescription' _____

*** CmdError: The plugin's configuration does not contain an 'imperative.rootCommandDescription' property.

This plugin has command errors. No plugin commands will be available.



 
exit code: 0
[2023/06/29 15:50:20.148] [INFO] [TestUtil.ts:180] Executing node --require ts-node/register C:\ourstuff\repos\dev\imperative\__tests__\src\packages\imperative\plugins\test_cli\TestCLI.ts plugins validate missing_rootCommandDescription
[2023/06/29 15:50:20.150] [DEBUG] [TestUtil.ts:182] {} Executing node --require ts-node/register C:\ourstuff\repos\dev\imperative\__tests__\src\packages\imperative\plugins\test_cli\TestCLI.ts plugins validate missing_rootCommandDescription
[2023/06/29 15:50:22.030] [DEBUG] [TestUtil.ts:203] Command output: 
 
_____ Validation results for plugin 'missing_rootCommandDescription' _____

*** CmdError: The plugin's configuration does not contain an 'imperative.rootCommandDescription' property.

This plugin has command errors. No plugin commands will be available.



 Problems detected during plugin validation. Please check above for more information.

exit code: 1
[2023/06/29 15:50:22.319] [INFO] [TestUtil.ts:180] Executing node --require ts-node/register C:\ourstuff\repos\dev\imperative\__tests__\src\packages\imperative\plugins\test_cli\TestCLI.ts plugins install C:\ourstuff\repos\dev\imperative\__tests__\src\packages\imperative\plugins\test_plugins\error_plugins\missing_definitions
[2023/06/29 15:50:22.323] [DEBUG] [TestUtil.ts:182] {} Executing node --require ts-node/register C:\ourstuff\repos\dev\imperative\__tests__\src\packages\imperative\plugins\test_cli\TestCLI.ts plugins install C:\ourstuff\repos\dev\imperative\__tests__\src\packages\imperative\plugins\test_plugins\error_plugins\missing_definitions
[2023/06/29 15:50:34.817] [DEBUG] [TestUtil.ts:203] Command output: 
 Plug-ins within the Imperative CLI Framework can legitimately gain
control of the C:\ourstuff\repos\dev\imperative\__tests__\src\packages\imperative\plugins\test_cli\TestCLI.ts CLI application during the execution of every command.
Install 3rd party plug-ins at your own risk.

Registry = https://registry.npmjs.org/

_______________________________________________________________
Installed plugin name = 'missing_definitions'

_____ Validation results for plugin 'missing_definitions' _____

*** CfgError: The plugin defines no commands and overrides no framework components.

This plugin has configuration errors. No component of the plugin will be available.


 
exit code: 0
[2023/06/29 15:50:34.820] [INFO] [TestUtil.ts:180] Executing node --require ts-node/register C:\ourstuff\repos\dev\imperative\__tests__\src\packages\imperative\plugins\test_cli\TestCLI.ts plugins validate missing_definitions --no-fail-on-error
[2023/06/29 15:50:34.822] [DEBUG] [TestUtil.ts:182] {} Executing node --require ts-node/register C:\ourstuff\repos\dev\imperative\__tests__\src\packages\imperative\plugins\test_cli\TestCLI.ts plugins validate missing_definitions --no-fail-on-error
[2023/06/29 15:50:36.828] [DEBUG] [TestUtil.ts:203] Command output: 
 
_____ Validation results for plugin 'missing_definitions' _____

*** CfgError: The plugin defines no commands and overrides no framework components.

This plugin has configuration errors. No component of the plugin will be available.
 
exit code: 0
[2023/06/29 15:50:37.069] [INFO] [TestUtil.ts:180] Executing node --require ts-node/register C:\ourstuff\repos\dev\imperative\__tests__\src\packages\imperative\plugins\test_cli\TestCLI.ts plugins install C:\ourstuff\repos\dev\imperative\__tests__\src\packages\imperative\plugins\test_plugins\error_plugins\missing_definitions
[2023/06/29 15:50:37.070] [DEBUG] [TestUtil.ts:182] {} Executing node --require ts-node/register C:\ourstuff\repos\dev\imperative\__tests__\src\packages\imperative\plugins\test_cli\TestCLI.ts plugins install C:\ourstuff\repos\dev\imperative\__tests__\src\packages\imperative\plugins\test_plugins\error_plugins\missing_definitions
[2023/06/29 15:50:47.823] [DEBUG] [TestUtil.ts:203] Command output: 
 Plug-ins within the Imperative CLI Framework can legitimately gain
control of the C:\ourstuff\repos\dev\imperative\__tests__\src\packages\imperative\plugins\test_cli\TestCLI.ts CLI application during the execution of every command.
Install 3rd party plug-ins at your own risk.

Registry = https://registry.npmjs.org/

_______________________________________________________________
Installed plugin name = 'missing_definitions'

_____ Validation results for plugin 'missing_definitions' _____

*** CfgError: The plugin defines no commands and overrides no framework components.

This plugin has configuration errors. No component of the plugin will be available.


 
exit code: 0
[2023/06/29 15:50:47.825] [INFO] [TestUtil.ts:180] Executing node --require ts-node/register C:\ourstuff\repos\dev\imperative\__tests__\src\packages\imperative\plugins\test_cli\TestCLI.ts plugins validate missing_definitions
[2023/06/29 15:50:47.826] [DEBUG] [TestUtil.ts:182] {} Executing node --require ts-node/register C:\ourstuff\repos\dev\imperative\__tests__\src\packages\imperative\plugins\test_cli\TestCLI.ts plugins validate missing_definitions
[2023/06/29 15:50:49.695] [DEBUG] [TestUtil.ts:203] Command output: 
 
_____ Validation results for plugin 'missing_definitions' _____

*** CfgError: The plugin defines no commands and overrides no framework components.

This plugin has configuration errors. No component of the plugin will be available.


 Problems detected during plugin validation. Please check above for more information.

exit code: 1
[2023/06/29 15:50:49.938] [INFO] [TestUtil.ts:180] Executing node --require ts-node/register C:\ourstuff\repos\dev\imperative\__tests__\src\packages\imperative\plugins\test_cli\TestCLI.ts plugins install C:\ourstuff\repos\dev\imperative\__tests__\src\packages\imperative\plugins\test_plugins\error_plugins\definition_empty_array
[2023/06/29 15:50:49.939] [DEBUG] [TestUtil.ts:182] {} Executing node --require ts-node/register C:\ourstuff\repos\dev\imperative\__tests__\src\packages\imperative\plugins\test_cli\TestCLI.ts plugins install C:\ourstuff\repos\dev\imperative\__tests__\src\packages\imperative\plugins\test_plugins\error_plugins\definition_empty_array
[2023/06/29 15:51:02.670] [DEBUG] [TestUtil.ts:203] Command output: 
 Plug-ins within the Imperative CLI Framework can legitimately gain
control of the C:\ourstuff\repos\dev\imperative\__tests__\src\packages\imperative\plugins\test_cli\TestCLI.ts CLI application during the execution of every command.
Install 3rd party plug-ins at your own risk.

Registry = https://registry.npmjs.org/

_______________________________________________________________
Installed plugin name = 'definition_empty_array'

_____ Validation results for plugin 'definition_empty_array' _____

*** CfgError: The plugin defines no commands and overrides no framework components.

This plugin has configuration errors. No component of the plugin will be available.


 
exit code: 0
[2023/06/29 15:51:02.672] [INFO] [TestUtil.ts:180] Executing node --require ts-node/register C:\ourstuff\repos\dev\imperative\__tests__\src\packages\imperative\plugins\test_cli\TestCLI.ts plugins validate definition_empty_array --no-fail-on-error
[2023/06/29 15:51:02.673] [DEBUG] [TestUtil.ts:182] {} Executing node --require ts-node/register C:\ourstuff\repos\dev\imperative\__tests__\src\packages\imperative\plugins\test_cli\TestCLI.ts plugins validate definition_empty_array --no-fail-on-error
[2023/06/29 15:51:04.625] [DEBUG] [TestUtil.ts:203] Command output: 
 
_____ Validation results for plugin 'definition_empty_array' _____

*** CfgError: The plugin defines no commands and overrides no framework components.

This plugin has configuration errors. No component of the plugin will be available.
 
exit code: 0
[2023/06/29 15:51:04.880] [INFO] [TestUtil.ts:180] Executing node --require ts-node/register C:\ourstuff\repos\dev\imperative\__tests__\src\packages\imperative\plugins\test_cli\TestCLI.ts plugins install C:\ourstuff\repos\dev\imperative\__tests__\src\packages\imperative\plugins\test_plugins\error_plugins\definition_empty_array
[2023/06/29 15:51:04.881] [DEBUG] [TestUtil.ts:182] {} Executing node --require ts-node/register C:\ourstuff\repos\dev\imperative\__tests__\src\packages\imperative\plugins\test_cli\TestCLI.ts plugins install C:\ourstuff\repos\dev\imperative\__tests__\src\packages\imperative\plugins\test_plugins\error_plugins\definition_empty_array
[2023/06/29 15:51:17.090] [DEBUG] [TestUtil.ts:203] Command output: 
 Plug-ins within the Imperative CLI Framework can legitimately gain
control of the C:\ourstuff\repos\dev\imperative\__tests__\src\packages\imperative\plugins\test_cli\TestCLI.ts CLI application during the execution of every command.
Install 3rd party plug-ins at your own risk.

Registry = https://registry.npmjs.org/

_______________________________________________________________
Installed plugin name = 'definition_empty_array'

_____ Validation results for plugin 'definition_empty_array' _____

*** CfgError: The plugin defines no commands and overrides no framework components.

This plugin has configuration errors. No component of the plugin will be available.


 
exit code: 0
[2023/06/29 15:51:17.091] [INFO] [TestUtil.ts:180] Executing node --require ts-node/register C:\ourstuff\repos\dev\imperative\__tests__\src\packages\imperative\plugins\test_cli\TestCLI.ts plugins validate definition_empty_array
[2023/06/29 15:51:17.092] [DEBUG] [TestUtil.ts:182] {} Executing node --require ts-node/register C:\ourstuff\repos\dev\imperative\__tests__\src\packages\imperative\plugins\test_cli\TestCLI.ts plugins validate definition_empty_array
[2023/06/29 15:51:19.104] [DEBUG] [TestUtil.ts:203] Command output: 
 
_____ Validation results for plugin 'definition_empty_array' _____

*** CfgError: The plugin defines no commands and overrides no framework components.

This plugin has configuration errors. No component of the plugin will be available.


 Problems detected during plugin validation. Please check above for more information.

exit code: 1
[2023/06/29 15:51:19.356] [INFO] [TestUtil.ts:180] Executing node --require ts-node/register C:\ourstuff\repos\dev\imperative\__tests__\src\packages\imperative\plugins\test_cli\TestCLI.ts plugins install C:\ourstuff\repos\dev\imperative\__tests__\src\packages\imperative\plugins\test_plugins\error_plugins\definition_missing_name
[2023/06/29 15:51:19.357] [DEBUG] [TestUtil.ts:182] {} Executing node --require ts-node/register C:\ourstuff\repos\dev\imperative\__tests__\src\packages\imperative\plugins\test_cli\TestCLI.ts plugins install C:\ourstuff\repos\dev\imperative\__tests__\src\packages\imperative\plugins\test_plugins\error_plugins\definition_missing_name
[2023/06/29 15:51:30.465] [DEBUG] [TestUtil.ts:203] Command output: 
 Plug-ins within the Imperative CLI Framework can legitimately gain
control of the C:\ourstuff\repos\dev\imperative\__tests__\src\packages\imperative\plugins\test_cli\TestCLI.ts CLI application during the execution of every command.
Install 3rd party plug-ins at your own risk.

Registry = https://registry.npmjs.org/

_______________________________________________________________
Installed plugin name = 'definition_missing_name'

_____ Validation results for plugin 'definition_missing_name' _____

*** CmdError: Command definition at depth 1 has no 'name' property

This plugin has command errors. No plugin commands will be available.



 
exit code: 0
[2023/06/29 15:51:30.466] [INFO] [TestUtil.ts:180] Executing node --require ts-node/register C:\ourstuff\repos\dev\imperative\__tests__\src\packages\imperative\plugins\test_cli\TestCLI.ts plugins validate definition_missing_name --no-fail-on-error
[2023/06/29 15:51:30.467] [DEBUG] [TestUtil.ts:182] {} Executing node --require ts-node/register C:\ourstuff\repos\dev\imperative\__tests__\src\packages\imperative\plugins\test_cli\TestCLI.ts plugins validate definition_missing_name --no-fail-on-error
[2023/06/29 15:51:32.437] [DEBUG] [TestUtil.ts:203] Command output: 
 
_____ Validation results for plugin 'definition_missing_name' _____

*** CmdError: Command definition at depth 1 has no 'name' property

This plugin has command errors. No plugin commands will be available.

 
exit code: 0
[2023/06/29 15:51:32.687] [INFO] [TestUtil.ts:180] Executing node --require ts-node/register C:\ourstuff\repos\dev\imperative\__tests__\src\packages\imperative\plugins\test_cli\TestCLI.ts plugins install C:\ourstuff\repos\dev\imperative\__tests__\src\packages\imperative\plugins\test_plugins\error_plugins\definition_missing_name
[2023/06/29 15:51:32.689] [DEBUG] [TestUtil.ts:182] {} Executing node --require ts-node/register C:\ourstuff\repos\dev\imperative\__tests__\src\packages\imperative\plugins\test_cli\TestCLI.ts plugins install C:\ourstuff\repos\dev\imperative\__tests__\src\packages\imperative\plugins\test_plugins\error_plugins\definition_missing_name
[2023/06/29 15:51:43.914] [DEBUG] [TestUtil.ts:203] Command output: 
 Plug-ins within the Imperative CLI Framework can legitimately gain
control of the C:\ourstuff\repos\dev\imperative\__tests__\src\packages\imperative\plugins\test_cli\TestCLI.ts CLI application during the execution of every command.
Install 3rd party plug-ins at your own risk.

Registry = https://registry.npmjs.org/

_______________________________________________________________
Installed plugin name = 'definition_missing_name'

_____ Validation results for plugin 'definition_missing_name' _____

*** CmdError: Command definition at depth 1 has no 'name' property

This plugin has command errors. No plugin commands will be available.



 
exit code: 0
[2023/06/29 15:51:43.917] [INFO] [TestUtil.ts:180] Executing node --require ts-node/register C:\ourstuff\repos\dev\imperative\__tests__\src\packages\imperative\plugins\test_cli\TestCLI.ts plugins validate definition_missing_name
[2023/06/29 15:51:43.918] [DEBUG] [TestUtil.ts:182] {} Executing node --require ts-node/register C:\ourstuff\repos\dev\imperative\__tests__\src\packages\imperative\plugins\test_cli\TestCLI.ts plugins validate definition_missing_name
[2023/06/29 15:51:46.040] [DEBUG] [TestUtil.ts:203] Command output: 
 
_____ Validation results for plugin 'definition_missing_name' _____

*** CmdError: Command definition at depth 1 has no 'name' property

This plugin has command errors. No plugin commands will be available.



 Problems detected during plugin validation. Please check above for more information.

exit code: 1
[2023/06/29 15:51:46.349] [INFO] [TestUtil.ts:180] Executing node --require ts-node/register C:\ourstuff\repos\dev\imperative\__tests__\src\packages\imperative\plugins\test_cli\TestCLI.ts plugins install C:\ourstuff\repos\dev\imperative\__tests__\src\packages\imperative\plugins\test_plugins\error_plugins\definition_missing_description
[2023/06/29 15:51:46.351] [DEBUG] [TestUtil.ts:182] {} Executing node --require ts-node/register C:\ourstuff\repos\dev\imperative\__tests__\src\packages\imperative\plugins\test_cli\TestCLI.ts plugins install C:\ourstuff\repos\dev\imperative\__tests__\src\packages\imperative\plugins\test_plugins\error_plugins\definition_missing_description
[2023/06/29 15:51:59.043] [DEBUG] [TestUtil.ts:203] Command output: 
 Plug-ins within the Imperative CLI Framework can legitimately gain
control of the C:\ourstuff\repos\dev\imperative\__tests__\src\packages\imperative\plugins\test_cli\TestCLI.ts CLI application during the execution of every command.
Install 3rd party plug-ins at your own risk.

Registry = https://registry.npmjs.org/

_______________________________________________________________
Installed plugin name = 'definition_missing_description'

_____ Validation results for plugin 'definition_missing_description' _____

*** CmdError: Name = 'foo (at depth = 1)' has no 'description' property

This plugin has command errors. No plugin commands will be available.



 
exit code: 0
[2023/06/29 15:51:59.044] [INFO] [TestUtil.ts:180] Executing node --require ts-node/register C:\ourstuff\repos\dev\imperative\__tests__\src\packages\imperative\plugins\test_cli\TestCLI.ts plugins validate definition_missing_description --no-fail-on-error
[2023/06/29 15:51:59.045] [DEBUG] [TestUtil.ts:182] {} Executing node --require ts-node/register C:\ourstuff\repos\dev\imperative\__tests__\src\packages\imperative\plugins\test_cli\TestCLI.ts plugins validate definition_missing_description --no-fail-on-error
[2023/06/29 15:52:00.949] [DEBUG] [TestUtil.ts:203] Command output: 
 
_____ Validation results for plugin 'definition_missing_description' _____

*** CmdError: Name = 'foo (at depth = 1)' has no 'description' property

This plugin has command errors. No plugin commands will be available.

 
exit code: 0
[2023/06/29 15:52:01.197] [INFO] [TestUtil.ts:180] Executing node --require ts-node/register C:\ourstuff\repos\dev\imperative\__tests__\src\packages\imperative\plugins\test_cli\TestCLI.ts plugins install C:\ourstuff\repos\dev\imperative\__tests__\src\packages\imperative\plugins\test_plugins\error_plugins\definition_missing_description
[2023/06/29 15:52:01.198] [DEBUG] [TestUtil.ts:182] {} Executing node --require ts-node/register C:\ourstuff\repos\dev\imperative\__tests__\src\packages\imperative\plugins\test_cli\TestCLI.ts plugins install C:\ourstuff\repos\dev\imperative\__tests__\src\packages\imperative\plugins\test_plugins\error_plugins\definition_missing_description
[2023/06/29 15:52:13.093] [DEBUG] [TestUtil.ts:203] Command output: 
 Plug-ins within the Imperative CLI Framework can legitimately gain
control of the C:\ourstuff\repos\dev\imperative\__tests__\src\packages\imperative\plugins\test_cli\TestCLI.ts CLI application during the execution of every command.
Install 3rd party plug-ins at your own risk.

Registry = https://registry.npmjs.org/

_______________________________________________________________
Installed plugin name = 'definition_missing_description'

_____ Validation results for plugin 'definition_missing_description' _____

*** CmdError: Name = 'foo (at depth = 1)' has no 'description' property

This plugin has command errors. No plugin commands will be available.



 
exit code: 0
[2023/06/29 15:52:13.094] [INFO] [TestUtil.ts:180] Executing node --require ts-node/register C:\ourstuff\repos\dev\imperative\__tests__\src\packages\imperative\plugins\test_cli\TestCLI.ts plugins validate definition_missing_description
[2023/06/29 15:52:13.094] [DEBUG] [TestUtil.ts:182] {} Executing node --require ts-node/register C:\ourstuff\repos\dev\imperative\__tests__\src\packages\imperative\plugins\test_cli\TestCLI.ts plugins validate definition_missing_description
[2023/06/29 15:52:15.050] [DEBUG] [TestUtil.ts:203] Command output: 
 
_____ Validation results for plugin 'definition_missing_description' _____

*** CmdError: Name = 'foo (at depth = 1)' has no 'description' property

This plugin has command errors. No plugin commands will be available.



 Problems detected during plugin validation. Please check above for more information.

exit code: 1
[2023/06/29 15:52:15.334] [INFO] [TestUtil.ts:180] Executing node --require ts-node/register C:\ourstuff\repos\dev\imperative\__tests__\src\packages\imperative\plugins\test_cli\TestCLI.ts plugins install C:\ourstuff\repos\dev\imperative\__tests__\src\packages\imperative\plugins\test_plugins\error_plugins\definition_missing_type
[2023/06/29 15:52:15.336] [DEBUG] [TestUtil.ts:182] {} Executing node --require ts-node/register C:\ourstuff\repos\dev\imperative\__tests__\src\packages\imperative\plugins\test_cli\TestCLI.ts plugins install C:\ourstuff\repos\dev\imperative\__tests__\src\packages\imperative\plugins\test_plugins\error_plugins\definition_missing_type
[2023/06/29 15:52:26.666] [DEBUG] [TestUtil.ts:203] Command output: 
 Plug-ins within the Imperative CLI Framework can legitimately gain
control of the C:\ourstuff\repos\dev\imperative\__tests__\src\packages\imperative\plugins\test_cli\TestCLI.ts CLI application during the execution of every command.
Install 3rd party plug-ins at your own risk.

Registry = https://registry.npmjs.org/

_______________________________________________________________
Installed plugin name = 'definition_missing_type'

_____ Validation results for plugin 'definition_missing_type' _____

*** CmdError: Name = 'foo (at depth = 1)' has no 'type' property

This plugin has command errors. No plugin commands will be available.



 
exit code: 0
[2023/06/29 15:52:26.667] [INFO] [TestUtil.ts:180] Executing node --require ts-node/register C:\ourstuff\repos\dev\imperative\__tests__\src\packages\imperative\plugins\test_cli\TestCLI.ts plugins validate definition_missing_type --no-fail-on-error
[2023/06/29 15:52:26.669] [DEBUG] [TestUtil.ts:182] {} Executing node --require ts-node/register C:\ourstuff\repos\dev\imperative\__tests__\src\packages\imperative\plugins\test_cli\TestCLI.ts plugins validate definition_missing_type --no-fail-on-error
[2023/06/29 15:52:28.542] [DEBUG] [TestUtil.ts:203] Command output: 
 
_____ Validation results for plugin 'definition_missing_type' _____

*** CmdError: Name = 'foo (at depth = 1)' has no 'type' property

This plugin has command errors. No plugin commands will be available.

 
exit code: 0
[2023/06/29 15:52:28.806] [INFO] [TestUtil.ts:180] Executing node --require ts-node/register C:\ourstuff\repos\dev\imperative\__tests__\src\packages\imperative\plugins\test_cli\TestCLI.ts plugins install C:\ourstuff\repos\dev\imperative\__tests__\src\packages\imperative\plugins\test_plugins\error_plugins\definition_missing_type
[2023/06/29 15:52:28.809] [DEBUG] [TestUtil.ts:182] {} Executing node --require ts-node/register C:\ourstuff\repos\dev\imperative\__tests__\src\packages\imperative\plugins\test_cli\TestCLI.ts plugins install C:\ourstuff\repos\dev\imperative\__tests__\src\packages\imperative\plugins\test_plugins\error_plugins\definition_missing_type
[2023/06/29 15:52:40.089] [DEBUG] [TestUtil.ts:203] Command output: 
 Plug-ins within the Imperative CLI Framework can legitimately gain
control of the C:\ourstuff\repos\dev\imperative\__tests__\src\packages\imperative\plugins\test_cli\TestCLI.ts CLI application during the execution of every command.
Install 3rd party plug-ins at your own risk.

Registry = https://registry.npmjs.org/

_______________________________________________________________
Installed plugin name = 'definition_missing_type'

_____ Validation results for plugin 'definition_missing_type' _____

*** CmdError: Name = 'foo (at depth = 1)' has no 'type' property

This plugin has command errors. No plugin commands will be available.



 
exit code: 0
[2023/06/29 15:52:40.091] [INFO] [TestUtil.ts:180] Executing node --require ts-node/register C:\ourstuff\repos\dev\imperative\__tests__\src\packages\imperative\plugins\test_cli\TestCLI.ts plugins validate definition_missing_type
[2023/06/29 15:52:40.093] [DEBUG] [TestUtil.ts:182] {} Executing node --require ts-node/register C:\ourstuff\repos\dev\imperative\__tests__\src\packages\imperative\plugins\test_cli\TestCLI.ts plugins validate definition_missing_type
[2023/06/29 15:52:42.123] [DEBUG] [TestUtil.ts:203] Command output: 
 
_____ Validation results for plugin 'definition_missing_type' _____

*** CmdError: Name = 'foo (at depth = 1)' has no 'type' property

This plugin has command errors. No plugin commands will be available.



 Problems detected during plugin validation. Please check above for more information.

exit code: 1
[2023/06/29 15:52:42.365] [INFO] [TestUtil.ts:180] Executing node --require ts-node/register C:\ourstuff\repos\dev\imperative\__tests__\src\packages\imperative\plugins\test_cli\TestCLI.ts plugins install C:\ourstuff\repos\dev\imperative\__tests__\src\packages\imperative\plugins\test_plugins\error_plugins\definition_missing_handler
[2023/06/29 15:52:42.366] [DEBUG] [TestUtil.ts:182] {} Executing node --require ts-node/register C:\ourstuff\repos\dev\imperative\__tests__\src\packages\imperative\plugins\test_cli\TestCLI.ts plugins install C:\ourstuff\repos\dev\imperative\__tests__\src\packages\imperative\plugins\test_plugins\error_plugins\definition_missing_handler
[2023/06/29 15:52:53.843] [DEBUG] [TestUtil.ts:203] Command output: 
 Plug-ins within the Imperative CLI Framework can legitimately gain
control of the C:\ourstuff\repos\dev\imperative\__tests__\src\packages\imperative\plugins\test_cli\TestCLI.ts CLI application during the execution of every command.
Install 3rd party plug-ins at your own risk.

Registry = https://registry.npmjs.org/

_______________________________________________________________
Installed plugin name = 'definition_missing_handler'

_____ Validation results for plugin 'definition_missing_handler' _____

*** CmdError: Command name = 'foo (at depth = 1)' has no 'handler' property

This plugin has command errors. No plugin commands will be available.



 
exit code: 0
[2023/06/29 15:52:53.844] [INFO] [TestUtil.ts:180] Executing node --require ts-node/register C:\ourstuff\repos\dev\imperative\__tests__\src\packages\imperative\plugins\test_cli\TestCLI.ts plugins validate definition_missing_handler --no-fail-on-error
[2023/06/29 15:52:53.845] [DEBUG] [TestUtil.ts:182] {} Executing node --require ts-node/register C:\ourstuff\repos\dev\imperative\__tests__\src\packages\imperative\plugins\test_cli\TestCLI.ts plugins validate definition_missing_handler --no-fail-on-error
[2023/06/29 15:52:55.671] [DEBUG] [TestUtil.ts:203] Command output: 
 
_____ Validation results for plugin 'definition_missing_handler' _____

*** CmdError: Command name = 'foo (at depth = 1)' has no 'handler' property

This plugin has command errors. No plugin commands will be available.

 
exit code: 0
[2023/06/29 15:52:55.917] [INFO] [TestUtil.ts:180] Executing node --require ts-node/register C:\ourstuff\repos\dev\imperative\__tests__\src\packages\imperative\plugins\test_cli\TestCLI.ts plugins install C:\ourstuff\repos\dev\imperative\__tests__\src\packages\imperative\plugins\test_plugins\error_plugins\definition_missing_handler
[2023/06/29 15:52:55.918] [DEBUG] [TestUtil.ts:182] {} Executing node --require ts-node/register C:\ourstuff\repos\dev\imperative\__tests__\src\packages\imperative\plugins\test_cli\TestCLI.ts plugins install C:\ourstuff\repos\dev\imperative\__tests__\src\packages\imperative\plugins\test_plugins\error_plugins\definition_missing_handler
[2023/06/29 15:53:08.313] [DEBUG] [TestUtil.ts:203] Command output: 
 Plug-ins within the Imperative CLI Framework can legitimately gain
control of the C:\ourstuff\repos\dev\imperative\__tests__\src\packages\imperative\plugins\test_cli\TestCLI.ts CLI application during the execution of every command.
Install 3rd party plug-ins at your own risk.

Registry = https://registry.npmjs.org/

_______________________________________________________________
Installed plugin name = 'definition_missing_handler'

_____ Validation results for plugin 'definition_missing_handler' _____

*** CmdError: Command name = 'foo (at depth = 1)' has no 'handler' property

This plugin has command errors. No plugin commands will be available.



 
exit code: 0
[2023/06/29 15:53:08.314] [INFO] [TestUtil.ts:180] Executing node --require ts-node/register C:\ourstuff\repos\dev\imperative\__tests__\src\packages\imperative\plugins\test_cli\TestCLI.ts plugins validate definition_missing_handler
[2023/06/29 15:53:08.315] [DEBUG] [TestUtil.ts:182] {} Executing node --require ts-node/register C:\ourstuff\repos\dev\imperative\__tests__\src\packages\imperative\plugins\test_cli\TestCLI.ts plugins validate definition_missing_handler
[2023/06/29 15:53:10.757] [DEBUG] [TestUtil.ts:203] Command output: 
 
_____ Validation results for plugin 'definition_missing_handler' _____

*** CmdError: Command name = 'foo (at depth = 1)' has no 'handler' property

This plugin has command errors. No plugin commands will be available.



 Problems detected during plugin validation. Please check above for more information.

exit code: 1
[2023/06/29 15:53:11.064] [INFO] [TestUtil.ts:180] Executing node --require ts-node/register C:\ourstuff\repos\dev\imperative\__tests__\src\packages\imperative\plugins\test_cli\TestCLI.ts plugins install C:\ourstuff\repos\dev\imperative\__tests__\src\packages\imperative\plugins\test_plugins\error_plugins\definition_missing_chained_handler
[2023/06/29 15:53:11.066] [DEBUG] [TestUtil.ts:182] {} Executing node --require ts-node/register C:\ourstuff\repos\dev\imperative\__tests__\src\packages\imperative\plugins\test_cli\TestCLI.ts plugins install C:\ourstuff\repos\dev\imperative\__tests__\src\packages\imperative\plugins\test_plugins\error_plugins\definition_missing_chained_handler
[2023/06/29 15:53:24.983] [DEBUG] [TestUtil.ts:203] Command output: 
 Plug-ins within the Imperative CLI Framework can legitimately gain
control of the C:\ourstuff\repos\dev\imperative\__tests__\src\packages\imperative\plugins\test_cli\TestCLI.ts CLI application during the execution of every command.
Install 3rd party plug-ins at your own risk.

Registry = https://registry.npmjs.org/

_______________________________________________________________
Installed plugin name = 'definition_missing_chained_handler'

_____ Validation results for plugin 'definition_missing_chained_handler' _____

*** CmdError: Command name = 'foo (at depth = 1)' has no 'handler' property in one of its chained handlers.

This plugin has command errors. No plugin commands will be available.



 
exit code: 0
[2023/06/29 15:53:24.985] [INFO] [TestUtil.ts:180] Executing node --require ts-node/register C:\ourstuff\repos\dev\imperative\__tests__\src\packages\imperative\plugins\test_cli\TestCLI.ts plugins validate definition_missing_chained_handler --no-fail-on-error
[2023/06/29 15:53:24.987] [DEBUG] [TestUtil.ts:182] {} Executing node --require ts-node/register C:\ourstuff\repos\dev\imperative\__tests__\src\packages\imperative\plugins\test_cli\TestCLI.ts plugins validate definition_missing_chained_handler --no-fail-on-error
[2023/06/29 15:53:27.313] [DEBUG] [TestUtil.ts:203] Command output: 
 
_____ Validation results for plugin 'definition_missing_chained_handler' _____

*** CmdError: Command name = 'foo (at depth = 1)' has no 'handler' property in one of its chained handlers.

This plugin has command errors. No plugin commands will be available.

 
exit code: 0
[2023/06/29 15:53:27.617] [INFO] [TestUtil.ts:180] Executing node --require ts-node/register C:\ourstuff\repos\dev\imperative\__tests__\src\packages\imperative\plugins\test_cli\TestCLI.ts plugins install C:\ourstuff\repos\dev\imperative\__tests__\src\packages\imperative\plugins\test_plugins\error_plugins\definition_missing_chained_handler
[2023/06/29 15:53:27.618] [DEBUG] [TestUtil.ts:182] {} Executing node --require ts-node/register C:\ourstuff\repos\dev\imperative\__tests__\src\packages\imperative\plugins\test_cli\TestCLI.ts plugins install C:\ourstuff\repos\dev\imperative\__tests__\src\packages\imperative\plugins\test_plugins\error_plugins\definition_missing_chained_handler
[2023/06/29 15:53:39.200] [DEBUG] [TestUtil.ts:203] Command output: 
 Plug-ins within the Imperative CLI Framework can legitimately gain
control of the C:\ourstuff\repos\dev\imperative\__tests__\src\packages\imperative\plugins\test_cli\TestCLI.ts CLI application during the execution of every command.
Install 3rd party plug-ins at your own risk.

Registry = https://registry.npmjs.org/

_______________________________________________________________
Installed plugin name = 'definition_missing_chained_handler'

_____ Validation results for plugin 'definition_missing_chained_handler' _____

*** CmdError: Command name = 'foo (at depth = 1)' has no 'handler' property in one of its chained handlers.

This plugin has command errors. No plugin commands will be available.



 
exit code: 0
[2023/06/29 15:53:39.202] [INFO] [TestUtil.ts:180] Executing node --require ts-node/register C:\ourstuff\repos\dev\imperative\__tests__\src\packages\imperative\plugins\test_cli\TestCLI.ts plugins validate definition_missing_chained_handler
[2023/06/29 15:53:39.202] [DEBUG] [TestUtil.ts:182] {} Executing node --require ts-node/register C:\ourstuff\repos\dev\imperative\__tests__\src\packages\imperative\plugins\test_cli\TestCLI.ts plugins validate definition_missing_chained_handler
[2023/06/29 15:53:41.086] [DEBUG] [TestUtil.ts:203] Command output: 
 
_____ Validation results for plugin 'definition_missing_chained_handler' _____

*** CmdError: Command name = 'foo (at depth = 1)' has no 'handler' property in one of its chained handlers.

This plugin has command errors. No plugin commands will be available.



 Problems detected during plugin validation. Please check above for more information.

exit code: 1
[2023/06/29 15:53:41.330] [INFO] [TestUtil.ts:180] Executing node --require ts-node/register C:\ourstuff\repos\dev\imperative\__tests__\src\packages\imperative\plugins\test_cli\TestCLI.ts plugins install C:\ourstuff\repos\dev\imperative\__tests__\src\packages\imperative\plugins\test_plugins\error_plugins\definition_empty_chained_handler
[2023/06/29 15:53:41.331] [DEBUG] [TestUtil.ts:182] {} Executing node --require ts-node/register C:\ourstuff\repos\dev\imperative\__tests__\src\packages\imperative\plugins\test_cli\TestCLI.ts plugins install C:\ourstuff\repos\dev\imperative\__tests__\src\packages\imperative\plugins\test_plugins\error_plugins\definition_empty_chained_handler
[2023/06/29 15:53:52.391] [DEBUG] [TestUtil.ts:203] Command output: 
 Plug-ins within the Imperative CLI Framework can legitimately gain
control of the C:\ourstuff\repos\dev\imperative\__tests__\src\packages\imperative\plugins\test_cli\TestCLI.ts CLI application during the execution of every command.
Install 3rd party plug-ins at your own risk.

Registry = https://registry.npmjs.org/

_______________________________________________________________
Installed plugin name = 'definition_empty_chained_handler'

_____ Validation results for plugin 'definition_empty_chained_handler' _____

*** CmdError: Command name = 'foo (at depth = 1)' has defined 'chainedHandler' property but contains no handlers.

This plugin has command errors. No plugin commands will be available.



 
exit code: 0
[2023/06/29 15:53:52.392] [INFO] [TestUtil.ts:180] Executing node --require ts-node/register C:\ourstuff\repos\dev\imperative\__tests__\src\packages\imperative\plugins\test_cli\TestCLI.ts plugins validate definition_empty_chained_handler --no-fail-on-error
[2023/06/29 15:53:52.393] [DEBUG] [TestUtil.ts:182] {} Executing node --require ts-node/register C:\ourstuff\repos\dev\imperative\__tests__\src\packages\imperative\plugins\test_cli\TestCLI.ts plugins validate definition_empty_chained_handler --no-fail-on-error
[2023/06/29 15:53:54.284] [DEBUG] [TestUtil.ts:203] Command output: 
 
_____ Validation results for plugin 'definition_empty_chained_handler' _____

*** CmdError: Command name = 'foo (at depth = 1)' has defined 'chainedHandler' property but contains no handlers.

This plugin has command errors. No plugin commands will be available.

 
exit code: 0
[2023/06/29 15:53:54.526] [INFO] [TestUtil.ts:180] Executing node --require ts-node/register C:\ourstuff\repos\dev\imperative\__tests__\src\packages\imperative\plugins\test_cli\TestCLI.ts plugins install C:\ourstuff\repos\dev\imperative\__tests__\src\packages\imperative\plugins\test_plugins\error_plugins\definition_empty_chained_handler
[2023/06/29 15:53:54.526] [DEBUG] [TestUtil.ts:182] {} Executing node --require ts-node/register C:\ourstuff\repos\dev\imperative\__tests__\src\packages\imperative\plugins\test_cli\TestCLI.ts plugins install C:\ourstuff\repos\dev\imperative\__tests__\src\packages\imperative\plugins\test_plugins\error_plugins\definition_empty_chained_handler
[2023/06/29 15:54:05.686] [DEBUG] [TestUtil.ts:203] Command output: 
 Plug-ins within the Imperative CLI Framework can legitimately gain
control of the C:\ourstuff\repos\dev\imperative\__tests__\src\packages\imperative\plugins\test_cli\TestCLI.ts CLI application during the execution of every command.
Install 3rd party plug-ins at your own risk.

Registry = https://registry.npmjs.org/

_______________________________________________________________
Installed plugin name = 'definition_empty_chained_handler'

_____ Validation results for plugin 'definition_empty_chained_handler' _____

*** CmdError: Command name = 'foo (at depth = 1)' has defined 'chainedHandler' property but contains no handlers.

This plugin has command errors. No plugin commands will be available.



 
exit code: 0
[2023/06/29 15:54:05.688] [INFO] [TestUtil.ts:180] Executing node --require ts-node/register C:\ourstuff\repos\dev\imperative\__tests__\src\packages\imperative\plugins\test_cli\TestCLI.ts plugins validate definition_empty_chained_handler
[2023/06/29 15:54:05.688] [DEBUG] [TestUtil.ts:182] {} Executing node --require ts-node/register C:\ourstuff\repos\dev\imperative\__tests__\src\packages\imperative\plugins\test_cli\TestCLI.ts plugins validate definition_empty_chained_handler
[2023/06/29 15:54:07.620] [DEBUG] [TestUtil.ts:203] Command output: 
 
_____ Validation results for plugin 'definition_empty_chained_handler' _____

*** CmdError: Command name = 'foo (at depth = 1)' has defined 'chainedHandler' property but contains no handlers.

This plugin has command errors. No plugin commands will be available.



 Problems detected during plugin validation. Please check above for more information.

exit code: 1
[2023/06/29 15:54:07.869] [INFO] [TestUtil.ts:180] Executing node --require ts-node/register C:\ourstuff\repos\dev\imperative\__tests__\src\packages\imperative\plugins\test_cli\TestCLI.ts plugins install C:\ourstuff\repos\dev\imperative\__tests__\src\packages\imperative\plugins\test_plugins\error_plugins\definition_bad_chained_handler
[2023/06/29 15:54:07.870] [DEBUG] [TestUtil.ts:182] {} Executing node --require ts-node/register C:\ourstuff\repos\dev\imperative\__tests__\src\packages\imperative\plugins\test_cli\TestCLI.ts plugins install C:\ourstuff\repos\dev\imperative\__tests__\src\packages\imperative\plugins\test_plugins\error_plugins\definition_bad_chained_handler
[2023/06/29 15:54:18.784] [DEBUG] [TestUtil.ts:203] Command output: 
 Plug-ins within the Imperative CLI Framework can legitimately gain
control of the C:\ourstuff\repos\dev\imperative\__tests__\src\packages\imperative\plugins\test_cli\TestCLI.ts CLI application during the execution of every command.
Install 3rd party plug-ins at your own risk.

Registry = https://registry.npmjs.org/

_______________________________________________________________
Installed plugin name = 'definition_bad_chained_handler'

_____ Validation results for plugin 'definition_bad_chained_handler' _____

*** CmdError: A chained handler for command = 'foo (at depth = 1)' does not exist: C:\ourstuff\repos\dev\imperative\__tests__\__results__\.pluginstest\plugins\installed\node_modules\definition_bad_chained_handler\bad.dummy.handler.js

*** CmdError: A chained handler for command = 'foo (at depth = 1)' does not exist: C:\ourstuff\repos\dev\imperative\__tests__\__results__\.pluginstest\plugins\installed\node_modules\definition_bad_chained_handler\bad.dummy.handler.js

This plugin has command errors. No plugin commands will be available.



 
exit code: 0
[2023/06/29 15:54:18.785] [INFO] [TestUtil.ts:180] Executing node --require ts-node/register C:\ourstuff\repos\dev\imperative\__tests__\src\packages\imperative\plugins\test_cli\TestCLI.ts plugins validate definition_bad_chained_handler --no-fail-on-error
[2023/06/29 15:54:18.788] [DEBUG] [TestUtil.ts:182] {} Executing node --require ts-node/register C:\ourstuff\repos\dev\imperative\__tests__\src\packages\imperative\plugins\test_cli\TestCLI.ts plugins validate definition_bad_chained_handler --no-fail-on-error
[2023/06/29 15:54:20.807] [DEBUG] [TestUtil.ts:203] Command output: 
 
_____ Validation results for plugin 'definition_bad_chained_handler' _____

*** CmdError: A chained handler for command = 'foo (at depth = 1)' does not exist: C:\ourstuff\repos\dev\imperative\__tests__\__results__\.pluginstest\plugins\installed\node_modules\definition_bad_chained_handler\bad.dummy.handler.js

*** CmdError: A chained handler for command = 'foo (at depth = 1)' does not exist: C:\ourstuff\repos\dev\imperative\__tests__\__results__\.pluginstest\plugins\installed\node_modules\definition_bad_chained_handler\bad.dummy.handler.js

This plugin has command errors. No plugin commands will be available.

 
exit code: 0
[2023/06/29 15:54:21.078] [INFO] [TestUtil.ts:180] Executing node --require ts-node/register C:\ourstuff\repos\dev\imperative\__tests__\src\packages\imperative\plugins\test_cli\TestCLI.ts plugins install C:\ourstuff\repos\dev\imperative\__tests__\src\packages\imperative\plugins\test_plugins\error_plugins\definition_bad_chained_handler
[2023/06/29 15:54:21.079] [DEBUG] [TestUtil.ts:182] {} Executing node --require ts-node/register C:\ourstuff\repos\dev\imperative\__tests__\src\packages\imperative\plugins\test_cli\TestCLI.ts plugins install C:\ourstuff\repos\dev\imperative\__tests__\src\packages\imperative\plugins\test_plugins\error_plugins\definition_bad_chained_handler
[2023/06/29 15:54:32.363] [DEBUG] [TestUtil.ts:203] Command output: 
 Plug-ins within the Imperative CLI Framework can legitimately gain
control of the C:\ourstuff\repos\dev\imperative\__tests__\src\packages\imperative\plugins\test_cli\TestCLI.ts CLI application during the execution of every command.
Install 3rd party plug-ins at your own risk.

Registry = https://registry.npmjs.org/

_______________________________________________________________
Installed plugin name = 'definition_bad_chained_handler'

_____ Validation results for plugin 'definition_bad_chained_handler' _____

*** CmdError: A chained handler for command = 'foo (at depth = 1)' does not exist: C:\ourstuff\repos\dev\imperative\__tests__\__results__\.pluginstest\plugins\installed\node_modules\definition_bad_chained_handler\bad.dummy.handler.js

*** CmdError: A chained handler for command = 'foo (at depth = 1)' does not exist: C:\ourstuff\repos\dev\imperative\__tests__\__results__\.pluginstest\plugins\installed\node_modules\definition_bad_chained_handler\bad.dummy.handler.js

This plugin has command errors. No plugin commands will be available.



 
exit code: 0
[2023/06/29 15:54:32.364] [INFO] [TestUtil.ts:180] Executing node --require ts-node/register C:\ourstuff\repos\dev\imperative\__tests__\src\packages\imperative\plugins\test_cli\TestCLI.ts plugins validate definition_bad_chained_handler
[2023/06/29 15:54:32.365] [DEBUG] [TestUtil.ts:182] {} Executing node --require ts-node/register C:\ourstuff\repos\dev\imperative\__tests__\src\packages\imperative\plugins\test_cli\TestCLI.ts plugins validate definition_bad_chained_handler
[2023/06/29 15:54:34.227] [DEBUG] [TestUtil.ts:203] Command output: 
 
_____ Validation results for plugin 'definition_bad_chained_handler' _____

*** CmdError: A chained handler for command = 'foo (at depth = 1)' does not exist: C:\ourstuff\repos\dev\imperative\__tests__\__results__\.pluginstest\plugins\installed\node_modules\definition_bad_chained_handler\bad.dummy.handler.js

*** CmdError: A chained handler for command = 'foo (at depth = 1)' does not exist: C:\ourstuff\repos\dev\imperative\__tests__\__results__\.pluginstest\plugins\installed\node_modules\definition_bad_chained_handler\bad.dummy.handler.js

This plugin has command errors. No plugin commands will be available.



 Problems detected during plugin validation. Please check above for more information.

exit code: 1
[2023/06/29 15:54:34.457] [INFO] [TestUtil.ts:180] Executing node --require ts-node/register C:\ourstuff\repos\dev\imperative\__tests__\src\packages\imperative\plugins\test_cli\TestCLI.ts plugins install C:\ourstuff\repos\dev\imperative\__tests__\src\packages\imperative\plugins\test_plugins\error_plugins\definition_type_group_without_children
[2023/06/29 15:54:34.457] [DEBUG] [TestUtil.ts:182] {} Executing node --require ts-node/register C:\ourstuff\repos\dev\imperative\__tests__\src\packages\imperative\plugins\test_cli\TestCLI.ts plugins install C:\ourstuff\repos\dev\imperative\__tests__\src\packages\imperative\plugins\test_plugins\error_plugins\definition_type_group_without_children
[2023/06/29 15:54:45.152] [DEBUG] [TestUtil.ts:203] Command output: 
 Plug-ins within the Imperative CLI Framework can legitimately gain
control of the C:\ourstuff\repos\dev\imperative\__tests__\src\packages\imperative\plugins\test_cli\TestCLI.ts CLI application during the execution of every command.
Install 3rd party plug-ins at your own risk.

Registry = https://registry.npmjs.org/

_______________________________________________________________
Installed plugin name = 'definition_type_group_without_children'

_____ Validation results for plugin 'definition_type_group_without_children' _____

*** CmdError: Group name = 'foo (at depth = 1)' has no 'children' property

This plugin has command errors. No plugin commands will be available.



 
exit code: 0
[2023/06/29 15:54:45.153] [INFO] [TestUtil.ts:180] Executing node --require ts-node/register C:\ourstuff\repos\dev\imperative\__tests__\src\packages\imperative\plugins\test_cli\TestCLI.ts plugins validate definition_type_group_without_children --no-fail-on-error
[2023/06/29 15:54:45.154] [DEBUG] [TestUtil.ts:182] {} Executing node --require ts-node/register C:\ourstuff\repos\dev\imperative\__tests__\src\packages\imperative\plugins\test_cli\TestCLI.ts plugins validate definition_type_group_without_children --no-fail-on-error
[2023/06/29 15:54:47.080] [DEBUG] [TestUtil.ts:203] Command output: 
 
_____ Validation results for plugin 'definition_type_group_without_children' _____

*** CmdError: Group name = 'foo (at depth = 1)' has no 'children' property

This plugin has command errors. No plugin commands will be available.

 
exit code: 0
[2023/06/29 15:54:47.328] [INFO] [TestUtil.ts:180] Executing node --require ts-node/register C:\ourstuff\repos\dev\imperative\__tests__\src\packages\imperative\plugins\test_cli\TestCLI.ts plugins install C:\ourstuff\repos\dev\imperative\__tests__\src\packages\imperative\plugins\test_plugins\error_plugins\definition_type_group_without_children
[2023/06/29 15:54:47.329] [DEBUG] [TestUtil.ts:182] {} Executing node --require ts-node/register C:\ourstuff\repos\dev\imperative\__tests__\src\packages\imperative\plugins\test_cli\TestCLI.ts plugins install C:\ourstuff\repos\dev\imperative\__tests__\src\packages\imperative\plugins\test_plugins\error_plugins\definition_type_group_without_children
[2023/06/29 15:54:58.423] [DEBUG] [TestUtil.ts:203] Command output: 
 Plug-ins within the Imperative CLI Framework can legitimately gain
control of the C:\ourstuff\repos\dev\imperative\__tests__\src\packages\imperative\plugins\test_cli\TestCLI.ts CLI application during the execution of every command.
Install 3rd party plug-ins at your own risk.

Registry = https://registry.npmjs.org/

_______________________________________________________________
Installed plugin name = 'definition_type_group_without_children'

_____ Validation results for plugin 'definition_type_group_without_children' _____

*** CmdError: Group name = 'foo (at depth = 1)' has no 'children' property

This plugin has command errors. No plugin commands will be available.



 
exit code: 0
[2023/06/29 15:54:58.424] [INFO] [TestUtil.ts:180] Executing node --require ts-node/register C:\ourstuff\repos\dev\imperative\__tests__\src\packages\imperative\plugins\test_cli\TestCLI.ts plugins validate definition_type_group_without_children
[2023/06/29 15:54:58.426] [DEBUG] [TestUtil.ts:182] {} Executing node --require ts-node/register C:\ourstuff\repos\dev\imperative\__tests__\src\packages\imperative\plugins\test_cli\TestCLI.ts plugins validate definition_type_group_without_children
[2023/06/29 15:55:00.448] [DEBUG] [TestUtil.ts:203] Command output: 
 
_____ Validation results for plugin 'definition_type_group_without_children' _____

*** CmdError: Group name = 'foo (at depth = 1)' has no 'children' property

This plugin has command errors. No plugin commands will be available.



 Problems detected during plugin validation. Please check above for more information.

exit code: 1
[2023/06/29 15:55:00.735] [INFO] [TestUtil.ts:180] Executing node --require ts-node/register C:\ourstuff\repos\dev\imperative\__tests__\src\packages\imperative\plugins\test_cli\TestCLI.ts plugins install C:\ourstuff\repos\dev\imperative\__tests__\src\packages\imperative\plugins\test_plugins\error_plugins\missing_command_handler
[2023/06/29 15:55:00.737] [DEBUG] [TestUtil.ts:182] {} Executing node --require ts-node/register C:\ourstuff\repos\dev\imperative\__tests__\src\packages\imperative\plugins\test_cli\TestCLI.ts plugins install C:\ourstuff\repos\dev\imperative\__tests__\src\packages\imperative\plugins\test_plugins\error_plugins\missing_command_handler
[2023/06/29 15:55:12.241] [DEBUG] [TestUtil.ts:203] Command output: 
 Plug-ins within the Imperative CLI Framework can legitimately gain
control of the C:\ourstuff\repos\dev\imperative\__tests__\src\packages\imperative\plugins\test_cli\TestCLI.ts CLI application during the execution of every command.
Install 3rd party plug-ins at your own risk.

Registry = https://registry.npmjs.org/

_______________________________________________________________
Installed plugin name = 'missing_command_handler'

_____ Validation results for plugin 'missing_command_handler' _____

*** CmdError: The handler for command = 'foo (at depth = 1)' does not exist: C:\ourstuff\repos\dev\imperative\__tests__\__results__\.pluginstest\plugins\installed\node_modules\missing_command_handler\invalid.command.handler.js

This plugin has command errors. No plugin commands will be available.



 
exit code: 0
[2023/06/29 15:55:12.243] [INFO] [TestUtil.ts:180] Executing node --require ts-node/register C:\ourstuff\repos\dev\imperative\__tests__\src\packages\imperative\plugins\test_cli\TestCLI.ts plugins validate missing_command_handler --no-fail-on-error
[2023/06/29 15:55:12.244] [DEBUG] [TestUtil.ts:182] {} Executing node --require ts-node/register C:\ourstuff\repos\dev\imperative\__tests__\src\packages\imperative\plugins\test_cli\TestCLI.ts plugins validate missing_command_handler --no-fail-on-error
[2023/06/29 15:55:14.138] [DEBUG] [TestUtil.ts:203] Command output: 
 
_____ Validation results for plugin 'missing_command_handler' _____

*** CmdError: The handler for command = 'foo (at depth = 1)' does not exist: C:\ourstuff\repos\dev\imperative\__tests__\__results__\.pluginstest\plugins\installed\node_modules\missing_command_handler\invalid.command.handler.js

This plugin has command errors. No plugin commands will be available.

 
exit code: 0
[2023/06/29 15:55:14.372] [INFO] [TestUtil.ts:180] Executing node --require ts-node/register C:\ourstuff\repos\dev\imperative\__tests__\src\packages\imperative\plugins\test_cli\TestCLI.ts plugins install C:\ourstuff\repos\dev\imperative\__tests__\src\packages\imperative\plugins\test_plugins\error_plugins\missing_command_handler
[2023/06/29 15:55:14.373] [DEBUG] [TestUtil.ts:182] {} Executing node --require ts-node/register C:\ourstuff\repos\dev\imperative\__tests__\src\packages\imperative\plugins\test_cli\TestCLI.ts plugins install C:\ourstuff\repos\dev\imperative\__tests__\src\packages\imperative\plugins\test_plugins\error_plugins\missing_command_handler
[2023/06/29 15:55:28.030] [DEBUG] [TestUtil.ts:203] Command output: 
 Plug-ins within the Imperative CLI Framework can legitimately gain
control of the C:\ourstuff\repos\dev\imperative\__tests__\src\packages\imperative\plugins\test_cli\TestCLI.ts CLI application during the execution of every command.
Install 3rd party plug-ins at your own risk.

Registry = https://registry.npmjs.org/

_______________________________________________________________
Installed plugin name = 'missing_command_handler'

_____ Validation results for plugin 'missing_command_handler' _____

*** CmdError: The handler for command = 'foo (at depth = 1)' does not exist: C:\ourstuff\repos\dev\imperative\__tests__\__results__\.pluginstest\plugins\installed\node_modules\missing_command_handler\invalid.command.handler.js

This plugin has command errors. No plugin commands will be available.



 
exit code: 0
[2023/06/29 15:55:28.032] [INFO] [TestUtil.ts:180] Executing node --require ts-node/register C:\ourstuff\repos\dev\imperative\__tests__\src\packages\imperative\plugins\test_cli\TestCLI.ts plugins validate missing_command_handler
[2023/06/29 15:55:28.034] [DEBUG] [TestUtil.ts:182] {} Executing node --require ts-node/register C:\ourstuff\repos\dev\imperative\__tests__\src\packages\imperative\plugins\test_cli\TestCLI.ts plugins validate missing_command_handler
[2023/06/29 15:55:30.204] [DEBUG] [TestUtil.ts:203] Command output: 
 
_____ Validation results for plugin 'missing_command_handler' _____

*** CmdError: The handler for command = 'foo (at depth = 1)' does not exist: C:\ourstuff\repos\dev\imperative\__tests__\__results__\.pluginstest\plugins\installed\node_modules\missing_command_handler\invalid.command.handler.js

This plugin has command errors. No plugin commands will be available.



 Problems detected during plugin validation. Please check above for more information.

exit code: 1
[2023/06/29 15:55:30.499] [INFO] [TestUtil.ts:180] Executing node --require ts-node/register C:\ourstuff\repos\dev\imperative\__tests__\src\packages\imperative\plugins\test_cli\TestCLI.ts plugins install C:\ourstuff\repos\dev\imperative\__tests__\src\packages\imperative\plugins\test_plugins\error_plugins\profile_dup_in_plugin
[2023/06/29 15:55:30.500] [DEBUG] [TestUtil.ts:182] {} Executing node --require ts-node/register C:\ourstuff\repos\dev\imperative\__tests__\src\packages\imperative\plugins\test_cli\TestCLI.ts plugins install C:\ourstuff\repos\dev\imperative\__tests__\src\packages\imperative\plugins\test_plugins\error_plugins\profile_dup_in_plugin
[2023/06/29 15:55:42.202] [DEBUG] [TestUtil.ts:203] Command output: 
 Plug-ins within the Imperative CLI Framework can legitimately gain
control of the C:\ourstuff\repos\dev\imperative\__tests__\src\packages\imperative\plugins\test_cli\TestCLI.ts CLI application during the execution of every command.
Install 3rd party plug-ins at your own risk.

Registry = https://registry.npmjs.org/

_______________________________________________________________
Installed plugin name = 'profile_dup_in_plugin'

_____ Validation results for plugin 'profile_dup_in_plugin' _____

*** CmdError: The plugin's profiles at indexes = '0' and '1' have the same 'type' property = 'DupProfile'.

This plugin has command errors. No plugin commands will be available.



 
exit code: 0
[2023/06/29 15:55:42.203] [INFO] [TestUtil.ts:180] Executing node --require ts-node/register C:\ourstuff\repos\dev\imperative\__tests__\src\packages\imperative\plugins\test_cli\TestCLI.ts plugins validate profile_dup_in_plugin --no-fail-on-error
[2023/06/29 15:55:42.204] [DEBUG] [TestUtil.ts:182] {} Executing node --require ts-node/register C:\ourstuff\repos\dev\imperative\__tests__\src\packages\imperative\plugins\test_cli\TestCLI.ts plugins validate profile_dup_in_plugin --no-fail-on-error
[2023/06/29 15:55:43.971] [DEBUG] [TestUtil.ts:203] Command output: 
 
_____ Validation results for plugin 'profile_dup_in_plugin' _____

*** CmdError: The plugin's profiles at indexes = '0' and '1' have the same 'type' property = 'DupProfile'.

This plugin has command errors. No plugin commands will be available.

 
exit code: 0
[2023/06/29 15:55:44.205] [INFO] [TestUtil.ts:180] Executing node --require ts-node/register C:\ourstuff\repos\dev\imperative\__tests__\src\packages\imperative\plugins\test_cli\TestCLI.ts plugins install C:\ourstuff\repos\dev\imperative\__tests__\src\packages\imperative\plugins\test_plugins\error_plugins\profile_dup_in_plugin
[2023/06/29 15:55:44.205] [DEBUG] [TestUtil.ts:182] {} Executing node --require ts-node/register C:\ourstuff\repos\dev\imperative\__tests__\src\packages\imperative\plugins\test_cli\TestCLI.ts plugins install C:\ourstuff\repos\dev\imperative\__tests__\src\packages\imperative\plugins\test_plugins\error_plugins\profile_dup_in_plugin
[2023/06/29 15:55:55.456] [DEBUG] [TestUtil.ts:203] Command output: 
 Plug-ins within the Imperative CLI Framework can legitimately gain
control of the C:\ourstuff\repos\dev\imperative\__tests__\src\packages\imperative\plugins\test_cli\TestCLI.ts CLI application during the execution of every command.
Install 3rd party plug-ins at your own risk.

Registry = https://registry.npmjs.org/

_______________________________________________________________
Installed plugin name = 'profile_dup_in_plugin'

_____ Validation results for plugin 'profile_dup_in_plugin' _____

*** CmdError: The plugin's profiles at indexes = '0' and '1' have the same 'type' property = 'DupProfile'.

This plugin has command errors. No plugin commands will be available.



 
exit code: 0
[2023/06/29 15:55:55.457] [INFO] [TestUtil.ts:180] Executing node --require ts-node/register C:\ourstuff\repos\dev\imperative\__tests__\src\packages\imperative\plugins\test_cli\TestCLI.ts plugins validate profile_dup_in_plugin
[2023/06/29 15:55:55.458] [DEBUG] [TestUtil.ts:182] {} Executing node --require ts-node/register C:\ourstuff\repos\dev\imperative\__tests__\src\packages\imperative\plugins\test_cli\TestCLI.ts plugins validate profile_dup_in_plugin
[2023/06/29 15:55:57.397] [DEBUG] [TestUtil.ts:203] Command output: 
 
_____ Validation results for plugin 'profile_dup_in_plugin' _____

*** CmdError: The plugin's profiles at indexes = '0' and '1' have the same 'type' property = 'DupProfile'.

This plugin has command errors. No plugin commands will be available.



 Problems detected during plugin validation. Please check above for more information.

exit code: 1
[2023/06/29 15:55:57.662] [INFO] [TestUtil.ts:180] Executing node --require ts-node/register C:\ourstuff\repos\dev\imperative\__tests__\src\packages\imperative\plugins\test_cli\TestCLI.ts plugins install C:\ourstuff\repos\dev\imperative\__tests__\src\packages\imperative\plugins\test_plugins\error_plugins\profile_dup_with_cli
[2023/06/29 15:55:57.663] [DEBUG] [TestUtil.ts:182] {} Executing node --require ts-node/register C:\ourstuff\repos\dev\imperative\__tests__\src\packages\imperative\plugins\test_cli\TestCLI.ts plugins install C:\ourstuff\repos\dev\imperative\__tests__\src\packages\imperative\plugins\test_plugins\error_plugins\profile_dup_with_cli
[2023/06/29 15:56:09.051] [DEBUG] [TestUtil.ts:203] Command output: 
 Plug-ins within the Imperative CLI Framework can legitimately gain
control of the C:\ourstuff\repos\dev\imperative\__tests__\src\packages\imperative\plugins\test_cli\TestCLI.ts CLI application during the execution of every command.
Install 3rd party plug-ins at your own risk.

Registry = https://registry.npmjs.org/

_______________________________________________________________
Installed plugin name = 'profile_dup_with_cli'

_____ Validation results for plugin 'profile_dup_with_cli' _____

*** CmdError: The plugin's profile type = 'TestProfile1' already exists within existing profiles.

This plugin has command errors. No plugin commands will be available.



 
exit code: 0
[2023/06/29 15:56:09.052] [INFO] [TestUtil.ts:180] Executing node --require ts-node/register C:\ourstuff\repos\dev\imperative\__tests__\src\packages\imperative\plugins\test_cli\TestCLI.ts plugins validate profile_dup_with_cli --no-fail-on-error
[2023/06/29 15:56:09.054] [DEBUG] [TestUtil.ts:182] {} Executing node --require ts-node/register C:\ourstuff\repos\dev\imperative\__tests__\src\packages\imperative\plugins\test_cli\TestCLI.ts plugins validate profile_dup_with_cli --no-fail-on-error
[2023/06/29 15:56:11.284] [DEBUG] [TestUtil.ts:203] Command output: 
 
_____ Validation results for plugin 'profile_dup_with_cli' _____

*** CmdError: The plugin's profile type = 'TestProfile1' already exists within existing profiles.

This plugin has command errors. No plugin commands will be available.

 
exit code: 0
[2023/06/29 15:56:11.552] [INFO] [TestUtil.ts:180] Executing node --require ts-node/register C:\ourstuff\repos\dev\imperative\__tests__\src\packages\imperative\plugins\test_cli\TestCLI.ts plugins install C:\ourstuff\repos\dev\imperative\__tests__\src\packages\imperative\plugins\test_plugins\error_plugins\profile_dup_with_cli
[2023/06/29 15:56:11.555] [DEBUG] [TestUtil.ts:182] {} Executing node --require ts-node/register C:\ourstuff\repos\dev\imperative\__tests__\src\packages\imperative\plugins\test_cli\TestCLI.ts plugins install C:\ourstuff\repos\dev\imperative\__tests__\src\packages\imperative\plugins\test_plugins\error_plugins\profile_dup_with_cli
[2023/06/29 15:56:22.167] [DEBUG] [TestUtil.ts:203] Command output: 
 Plug-ins within the Imperative CLI Framework can legitimately gain
control of the C:\ourstuff\repos\dev\imperative\__tests__\src\packages\imperative\plugins\test_cli\TestCLI.ts CLI application during the execution of every command.
Install 3rd party plug-ins at your own risk.

Registry = https://registry.npmjs.org/

_______________________________________________________________
Installed plugin name = 'profile_dup_with_cli'

_____ Validation results for plugin 'profile_dup_with_cli' _____

*** CmdError: The plugin's profile type = 'TestProfile1' already exists within existing profiles.

This plugin has command errors. No plugin commands will be available.



 
exit code: 0
[2023/06/29 15:56:22.169] [INFO] [TestUtil.ts:180] Executing node --require ts-node/register C:\ourstuff\repos\dev\imperative\__tests__\src\packages\imperative\plugins\test_cli\TestCLI.ts plugins validate profile_dup_with_cli
[2023/06/29 15:56:22.170] [DEBUG] [TestUtil.ts:182] {} Executing node --require ts-node/register C:\ourstuff\repos\dev\imperative\__tests__\src\packages\imperative\plugins\test_cli\TestCLI.ts plugins validate profile_dup_with_cli
[2023/06/29 15:56:24.010] [DEBUG] [TestUtil.ts:203] Command output: 
 
_____ Validation results for plugin 'profile_dup_with_cli' _____

*** CmdError: The plugin's profile type = 'TestProfile1' already exists within existing profiles.

This plugin has command errors. No plugin commands will be available.



 Problems detected during plugin validation. Please check above for more information.

exit code: 1
[2023/06/29 15:56:27.844] [INFO] [TestUtil.ts:180] Executing node --require ts-node/register C:\ourstuff\repos\dev\imperative\__tests__\src\packages\imperative\plugins\test_cli\TestCLI.ts plugins install C:\ourstuff\repos\dev\imperative\__tests__\src\packages\imperative\plugins\test_plugins\normal_plugin
[2023/06/29 15:56:27.845] [DEBUG] [TestUtil.ts:182] {} Executing node --require ts-node/register C:\ourstuff\repos\dev\imperative\__tests__\src\packages\imperative\plugins\test_cli\TestCLI.ts plugins install C:\ourstuff\repos\dev\imperative\__tests__\src\packages\imperative\plugins\test_plugins\normal_plugin
[2023/06/29 15:56:38.488] [DEBUG] [TestUtil.ts:203] Command output: 
 Plug-ins within the Imperative CLI Framework can legitimately gain
control of the C:\ourstuff\repos\dev\imperative\__tests__\src\packages\imperative\plugins\test_cli\TestCLI.ts CLI application during the execution of every command.
Install 3rd party plug-ins at your own risk.

Registry = https://registry.npmjs.org/

_______________________________________________________________
Installed plugin name = 'normal-plugin'

_____ Validation results for plugin 'normal-plugin' _____
This plugin was successfully validated. Enjoy the plugin.


 
exit code: 0
[2023/06/29 15:56:38.489] [INFO] [TestUtil.ts:180] Executing node --require ts-node/register C:\ourstuff\repos\dev\imperative\__tests__\src\packages\imperative\plugins\test_cli\TestCLI.ts 
[2023/06/29 15:56:38.490] [DEBUG] [TestUtil.ts:182] {} Executing node --require ts-node/register C:\ourstuff\repos\dev\imperative\__tests__\src\packages\imperative\plugins\test_cli\TestCLI.ts 
[2023/06/29 15:56:40.402] [DEBUG] [TestUtil.ts:203] Command output: 
 
 DESCRIPTION
 -----------

   Sample command line interface

 USAGE
 -----

   C:\ourstuff\repos\dev\imperative\__tests__\src\packages\imperative\plugins\test_cli\TestCLI.ts <group>

   Where <group> is one of the following:

 GROUPS
 ------

   config                       Manage JSON project and global configuration 
   normal-plugin | np | normalp This summary is completely different from the
                                description!                                 
   plugins                      Install and manage plug-ins.                 
   profiles                     Create and manage configuration profiles.    
                                (deprecated)                                 

 OPTIONS
 -------

   --version | -V (boolean)

      Display the current version of Test CLI for Plugins

   --available-commands | --ac (boolean)

      Displays a list of available commands

 GLOBAL OPTIONS
 --------------

   --response-format-json | --rfj (boolean)

      Produce JSON formatted data from a command

   --help | -h (boolean)

      Display help text

   --help-web | --hw (boolean)

      Display HTML help in browser

 
exit code: 0
[2023/06/29 15:56:40.404] [INFO] [TestUtil.ts:180] Executing node --require ts-node/register C:\ourstuff\repos\dev\imperative\__tests__\src\packages\imperative\plugins\test_cli\TestCLI.ts normal-plugin
[2023/06/29 15:56:40.405] [DEBUG] [TestUtil.ts:182] {} Executing node --require ts-node/register C:\ourstuff\repos\dev\imperative\__tests__\src\packages\imperative\plugins\test_cli\TestCLI.ts normal-plugin
[2023/06/29 15:56:42.215] [DEBUG] [TestUtil.ts:203] Command output: 
 
 DESCRIPTION
 -----------

   imperative working test plugin

 USAGE
 -----

   C:\ourstuff\repos\dev\imperative\__tests__\src\packages\imperative\plugins\test_cli\TestCLI.ts normal-plugin <command>

   Where <command> is one of the following:

 COMMANDS
 --------

   bar dummy bar command
   foo dummy foo command

 GLOBAL OPTIONS
 --------------

   --help-examples (boolean)

      Display examples for all the commands in a group

   --response-format-json | --rfj (boolean)

      Produce JSON formatted data from a command

   --help | -h (boolean)

      Display help text

   --help-web | --hw (boolean)

      Display HTML help in browser

 
exit code: 0
[2023/06/29 15:56:42.216] [INFO] [TestUtil.ts:180] Executing node --require ts-node/register C:\ourstuff\repos\dev\imperative\__tests__\src\packages\imperative\plugins\test_cli\TestCLI.ts np bar --help
[2023/06/29 15:56:42.218] [DEBUG] [TestUtil.ts:182] {} Executing node --require ts-node/register C:\ourstuff\repos\dev\imperative\__tests__\src\packages\imperative\plugins\test_cli\TestCLI.ts np bar --help
[2023/06/29 15:56:44.159] [DEBUG] [TestUtil.ts:203] Command output: 
 
 COMMAND NAME
 ------------

   bar

 DESCRIPTION
 -----------

   dummy bar command

 USAGE
 -----

   C:\ourstuff\repos\dev\imperative\__tests__\src\packages\imperative\plugins\test_cli\TestCLI.ts normal-plugin bar [options]

 GLOBAL OPTIONS
 --------------

   --show-inputs-only (boolean)

      Show command inputs and do not run the command

   --response-format-json | --rfj (boolean)

      Produce JSON formatted data from a command

   --help | -h (boolean)

      Display help text

   --help-web | --hw (boolean)

      Display HTML help in browser

 
exit code: 0
[2023/06/29 15:56:44.162] [INFO] [TestUtil.ts:180] Executing node --require ts-node/register C:\ourstuff\repos\dev\imperative\__tests__\src\packages\imperative\plugins\test_cli\TestCLI.ts normalp bar --help
[2023/06/29 15:56:44.163] [DEBUG] [TestUtil.ts:182] {} Executing node --require ts-node/register C:\ourstuff\repos\dev\imperative\__tests__\src\packages\imperative\plugins\test_cli\TestCLI.ts normalp bar --help
[2023/06/29 15:56:47.329] [DEBUG] [TestUtil.ts:203] Command output: 
 
 COMMAND NAME
 ------------

   bar

 DESCRIPTION
 -----------

   dummy bar command

 USAGE
 -----

   C:\ourstuff\repos\dev\imperative\__tests__\src\packages\imperative\plugins\test_cli\TestCLI.ts normal-plugin bar [options]

 GLOBAL OPTIONS
 --------------

   --show-inputs-only (boolean)

      Show command inputs and do not run the command

   --response-format-json | --rfj (boolean)

      Produce JSON formatted data from a command

   --help | -h (boolean)

      Display help text

   --help-web | --hw (boolean)

      Display HTML help in browser

 
exit code: 0
[2023/06/29 15:56:47.331] [INFO] [TestUtil.ts:180] Executing node --require ts-node/register C:\ourstuff\repos\dev\imperative\__tests__\src\packages\imperative\plugins\test_cli\TestCLI.ts normal-plugin foo
[2023/06/29 15:56:47.333] [DEBUG] [TestUtil.ts:182] {} Executing node --require ts-node/register C:\ourstuff\repos\dev\imperative\__tests__\src\packages\imperative\plugins\test_cli\TestCLI.ts normal-plugin foo
[2023/06/29 15:56:50.042] [DEBUG] [TestUtil.ts:203] Command output: 
 Invoked sample-plugin foo handler
 
exit code: 0
[2023/06/29 15:56:50.044] [INFO] [TestUtil.ts:180] Executing node --require ts-node/register C:\ourstuff\repos\dev\imperative\__tests__\src\packages\imperative\plugins\test_cli\TestCLI.ts normal-plugin bar
[2023/06/29 15:56:50.046] [DEBUG] [TestUtil.ts:182] {} Executing node --require ts-node/register C:\ourstuff\repos\dev\imperative\__tests__\src\packages\imperative\plugins\test_cli\TestCLI.ts normal-plugin bar
[2023/06/29 15:56:52.334] [DEBUG] [TestUtil.ts:203] Command output: 
 @TODO Complete this command: bar
 
exit code: 0
[2023/06/29 15:56:53.060] [INFO] [TestUtil.ts:180] Executing node --require ts-node/register C:\ourstuff\repos\dev\imperative\__tests__\src\packages\imperative\plugins\test_cli\TestCLI.ts plugins install C:\ourstuff\repos\dev\imperative\__tests__\src\packages\imperative\plugins\test_plugins\normal_plugin_3
[2023/06/29 15:56:53.061] [DEBUG] [TestUtil.ts:182] {} Executing node --require ts-node/register C:\ourstuff\repos\dev\imperative\__tests__\src\packages\imperative\plugins\test_cli\TestCLI.ts plugins install C:\ourstuff\repos\dev\imperative\__tests__\src\packages\imperative\plugins\test_plugins\normal_plugin_3
[2023/06/29 15:57:05.787] [DEBUG] [TestUtil.ts:203] Command output: 
 Plug-ins within the Imperative CLI Framework can legitimately gain
control of the C:\ourstuff\repos\dev\imperative\__tests__\src\packages\imperative\plugins\test_cli\TestCLI.ts CLI application during the execution of every command.
Install 3rd party plug-ins at your own risk.

Registry = https://registry.npmjs.org/

_______________________________________________________________
Installed plugin name = 'normal-plugin-3'

_____ Validation results for plugin 'normal-plugin-3' _____
This plugin was successfully validated. Enjoy the plugin.


 
exit code: 0
[2023/06/29 15:57:05.788] [INFO] [TestUtil.ts:180] Executing node --require ts-node/register C:\ourstuff\repos\dev\imperative\__tests__\src\packages\imperative\plugins\test_cli\TestCLI.ts 
[2023/06/29 15:57:05.790] [DEBUG] [TestUtil.ts:182] {} Executing node --require ts-node/register C:\ourstuff\repos\dev\imperative\__tests__\src\packages\imperative\plugins\test_cli\TestCLI.ts 
[2023/06/29 15:57:08.051] [DEBUG] [TestUtil.ts:203] Command output: 
 
 DESCRIPTION
 -----------

   Sample command line interface

 USAGE
 -----

   C:\ourstuff\repos\dev\imperative\__tests__\src\packages\imperative\plugins\test_cli\TestCLI.ts <group>

   Where <group> is one of the following:

 GROUPS
 ------

   config          Manage JSON project and global configuration          
   normal-plugin-3 Test plugin with globs and profiles                   
   plugins         Install and manage plug-ins.                          
   profiles        Create and manage configuration profiles. (deprecated)

 OPTIONS
 -------

   --version | -V (boolean)

      Display the current version of Test CLI for Plugins

   --available-commands | --ac (boolean)

      Displays a list of available commands

 GLOBAL OPTIONS
 --------------

   --response-format-json | --rfj (boolean)

      Produce JSON formatted data from a command

   --help | -h (boolean)

      Display help text

   --help-web | --hw (boolean)

      Display HTML help in browser

 
exit code: 0
[2023/06/29 15:57:08.054] [INFO] [TestUtil.ts:180] Executing node --require ts-node/register C:\ourstuff\repos\dev\imperative\__tests__\src\packages\imperative\plugins\test_cli\TestCLI.ts normal-plugin-3
[2023/06/29 15:57:08.055] [DEBUG] [TestUtil.ts:182] {} Executing node --require ts-node/register C:\ourstuff\repos\dev\imperative\__tests__\src\packages\imperative\plugins\test_cli\TestCLI.ts normal-plugin-3
[2023/06/29 15:57:10.516] [DEBUG] [TestUtil.ts:203] Command output: 
 
 DESCRIPTION
 -----------

   Test plugin with globs and profiles

 USAGE
 -----

   C:\ourstuff\repos\dev\imperative\__tests__\src\packages\imperative\plugins\test_cli\TestCLI.ts normal-plugin-3 <group|command>

   Where <group|command> is one of the following:

 COMMANDS
 --------

   bar dummy bar command
   foo dummy foo command

 GROUPS
 ------

   globgroup The command group definition of commands formed from globs

 GLOBAL OPTIONS
 --------------

   --help-examples (boolean)

      Display examples for all the commands in a group

   --response-format-json | --rfj (boolean)

      Produce JSON formatted data from a command

   --help | -h (boolean)

      Display help text

   --help-web | --hw (boolean)

      Display HTML help in browser

 
exit code: 0
[2023/06/29 15:57:10.517] [INFO] [TestUtil.ts:180] Executing node --require ts-node/register C:\ourstuff\repos\dev\imperative\__tests__\src\packages\imperative\plugins\test_cli\TestCLI.ts normal-plugin-3 globgroup
[2023/06/29 15:57:10.519] [DEBUG] [TestUtil.ts:182] {} Executing node --require ts-node/register C:\ourstuff\repos\dev\imperative\__tests__\src\packages\imperative\plugins\test_cli\TestCLI.ts normal-plugin-3 globgroup
[2023/06/29 15:57:12.523] [DEBUG] [TestUtil.ts:203] Command output: 
 
 DESCRIPTION
 -----------

   [actions] in Brightside are groups of commands.
   For this action ("globgroup") we include 2 simple commands formed from globs.

 USAGE
 -----

   C:\ourstuff\repos\dev\imperative\__tests__\src\packages\imperative\plugins\test_cli\TestCLI.ts normal-plugin-3 globgroup <command>

   Where <command> is one of the following:

 COMMANDS
 --------

   globcmd1 First command created by globs 
   globcmd2 Second command created by globs

 GLOBAL OPTIONS
 --------------

   --help-examples (boolean)

      Display examples for all the commands in a group

   --response-format-json | --rfj (boolean)

      Produce JSON formatted data from a command

   --help | -h (boolean)

      Display help text

   --help-web | --hw (boolean)

      Display HTML help in browser

 
exit code: 0
[2023/06/29 15:57:12.525] [INFO] [TestUtil.ts:180] Executing node --require ts-node/register C:\ourstuff\repos\dev\imperative\__tests__\src\packages\imperative\plugins\test_cli\TestCLI.ts profiles list
[2023/06/29 15:57:12.526] [DEBUG] [TestUtil.ts:182] {} Executing node --require ts-node/register C:\ourstuff\repos\dev\imperative\__tests__\src\packages\imperative\plugins\test_cli\TestCLI.ts profiles list
[2023/06/29 15:57:14.388] [DEBUG] [TestUtil.ts:203] Command output: 
 
 DESCRIPTION
 -----------

   List profiles of the type {{type}}.

   Warning: This group has been deprecated.
   Recommended replacement: The 'config list' command

 USAGE
 -----

   C:\ourstuff\repos\dev\imperative\__tests__\src\packages\imperative\plugins\test_cli\TestCLI.ts profiles list <command>

   Where <command> is one of the following:

 COMMANDS
 --------

   bar-profiles | bar                   List profiles of the type bar.         
                                        (deprecated)                           
   foo-profiles | foo                   List profiles of the type foo.         
                                        (deprecated)                           
   TestProfile1-profiles | TestProfile1 List profiles of the type TestProfile1.
                                        (deprecated)                           
   TestProfile2-profiles | TestProfile2 List profiles of the type TestProfile2.
                                        (deprecated)                           

 GLOBAL OPTIONS
 --------------

   --help-examples (boolean)

      Display examples for all the commands in a group

   --response-format-json | --rfj (boolean)

      Produce JSON formatted data from a command

   --help | -h (boolean)

      Display help text

   --help-web | --hw (boolean)

      Display HTML help in browser

 
exit code: 0
[2023/06/29 15:57:14.389] [INFO] [TestUtil.ts:180] Executing node --require ts-node/register C:\ourstuff\repos\dev\imperative\__tests__\src\packages\imperative\plugins\test_cli\TestCLI.ts normal-plugin-3 foo
[2023/06/29 15:57:14.390] [DEBUG] [TestUtil.ts:182] {} Executing node --require ts-node/register C:\ourstuff\repos\dev\imperative\__tests__\src\packages\imperative\plugins\test_cli\TestCLI.ts normal-plugin-3 foo
[2023/06/29 15:57:16.313] [DEBUG] [TestUtil.ts:203] Command output: 
  Command Preparation Failed:
No default profile set for type "foo".

exit code: 1
[2023/06/29 15:57:16.314] [INFO] [TestUtil.ts:180] Executing node --require ts-node/register C:\ourstuff\repos\dev\imperative\__tests__\src\packages\imperative\plugins\test_cli\TestCLI.ts profiles create foo myFooProfile --duration 5
[2023/06/29 15:57:16.314] [DEBUG] [TestUtil.ts:182] {} Executing node --require ts-node/register C:\ourstuff\repos\dev\imperative\__tests__\src\packages\imperative\plugins\test_cli\TestCLI.ts profiles create foo myFooProfile --duration 5
[2023/06/29 15:57:18.276] [DEBUG] [TestUtil.ts:203] Command output: 
 Profile created successfully! Path:
C:\ourstuff\repos\dev\imperative\__tests__\__results__\.pluginstest\profiles\foo\myFooProfile.yaml

size:     small
duration: 5

Review the created profile and edit if necessary using the profile update command.
 
Warning: The command 'profiles create' is deprecated.
Recommended replacement: The 'config init' command

exit code: 0
[2023/06/29 15:57:18.279] [INFO] [TestUtil.ts:180] Executing node --require ts-node/register C:\ourstuff\repos\dev\imperative\__tests__\src\packages\imperative\plugins\test_cli\TestCLI.ts profiles validate foo-profile
[2023/06/29 15:57:18.280] [DEBUG] [TestUtil.ts:182] {} Executing node --require ts-node/register C:\ourstuff\repos\dev\imperative\__tests__\src\packages\imperative\plugins\test_cli\TestCLI.ts profiles validate foo-profile
[2023/06/29 15:57:20.266] [DEBUG] [TestUtil.ts:203] Command output: 
  PROFILE SUMMARY
 ---------------

size:     small
duration: 5

 PROFILE VALIDATION RESULTS
 --------------------------


Task                     StatusDescription             

Check the size of the FooOK    We will be alright      

Repair in time           OK    We can complete on time.


Of 2 tests, 2 succeeded, 0 failed, and 0 had warnings or undetermined results.

   *~~ Perfect score! Wow! ~~*   

The foo profile named "myFooProfile" is valid and ready for use with Test CLI
for Plugins.
All profile validation tests succeeded.
 
Warning: The command 'profiles validate' is deprecated.
Recommended replacement: Edit your Zowe V2 configuration
    plugins_test.config.json

exit code: 0
[2023/06/29 15:57:20.267] [INFO] [TestUtil.ts:180] Executing node --require ts-node/register C:\ourstuff\repos\dev\imperative\__tests__\src\packages\imperative\plugins\test_cli\TestCLI.ts normal-plugin-3 foo
[2023/06/29 15:57:20.270] [DEBUG] [TestUtil.ts:182] {} Executing node --require ts-node/register C:\ourstuff\repos\dev\imperative\__tests__\src\packages\imperative\plugins\test_cli\TestCLI.ts normal-plugin-3 foo
[2023/06/29 15:57:22.191] [DEBUG] [TestUtil.ts:203] Command output: 
 You executed the Foo command with size = small and duration = 5
 
exit code: 0
[2023/06/29 15:57:22.956] [INFO] [TestUtil.ts:180] Executing node --require ts-node/register C:\ourstuff\repos\dev\imperative\__tests__\src\packages\imperative\plugins\test_cli\TestCLI.ts plugins install C:\ourstuff\repos\dev\imperative\__tests__\src\packages\imperative\plugins\test_plugins\normal_plugin_misc
[2023/06/29 15:57:22.957] [DEBUG] [TestUtil.ts:182] {} Executing node --require ts-node/register C:\ourstuff\repos\dev\imperative\__tests__\src\packages\imperative\plugins\test_cli\TestCLI.ts plugins install C:\ourstuff\repos\dev\imperative\__tests__\src\packages\imperative\plugins\test_plugins\normal_plugin_misc
[2023/06/29 15:57:34.725] [DEBUG] [TestUtil.ts:203] Command output: 
 Plug-ins within the Imperative CLI Framework can legitimately gain
control of the C:\ourstuff\repos\dev\imperative\__tests__\src\packages\imperative\plugins\test_cli\TestCLI.ts CLI application during the execution of every command.
Install 3rd party plug-ins at your own risk.

Registry = https://registry.npmjs.org/

_______________________________________________________________
Installed plugin name = 'normal-plugin-misc'

_____ Validation results for plugin 'normal-plugin-misc' _____
This plugin was successfully validated. Enjoy the plugin.


 
exit code: 0
[2023/06/29 15:57:34.726] [INFO] [TestUtil.ts:180] Executing node --require ts-node/register C:\ourstuff\repos\dev\imperative\__tests__\src\packages\imperative\plugins\test_cli\TestCLI.ts 
[2023/06/29 15:57:34.727] [DEBUG] [TestUtil.ts:182] {} Executing node --require ts-node/register C:\ourstuff\repos\dev\imperative\__tests__\src\packages\imperative\plugins\test_cli\TestCLI.ts 
[2023/06/29 15:57:36.661] [DEBUG] [TestUtil.ts:203] Command output: 
 
 DESCRIPTION
 -----------

   Sample command line interface

 USAGE
 -----

   C:\ourstuff\repos\dev\imperative\__tests__\src\packages\imperative\plugins\test_cli\TestCLI.ts <group>

   Where <group> is one of the following:

 GROUPS
 ------

   config                    Manage JSON project and global configuration      
   normal-plugin-misc | misc This plugin is intended to test various Imperative
                             features                                          
   plugins                   Install and manage plug-ins.                      
   profiles                  Create and manage configuration profiles.         
                             (deprecated)                                      

 OPTIONS
 -------

   --version | -V (boolean)

      Display the current version of Test CLI for Plugins

   --available-commands | --ac (boolean)

      Displays a list of available commands

 GLOBAL OPTIONS
 --------------

   --response-format-json | --rfj (boolean)

      Produce JSON formatted data from a command

   --help | -h (boolean)

      Display help text

   --help-web | --hw (boolean)

      Display HTML help in browser

 
exit code: 0
[2023/06/29 15:57:36.664] [INFO] [TestUtil.ts:180] Executing node --require ts-node/register C:\ourstuff\repos\dev\imperative\__tests__\src\packages\imperative\plugins\test_cli\TestCLI.ts misc --help
[2023/06/29 15:57:36.665] [DEBUG] [TestUtil.ts:182] {} Executing node --require ts-node/register C:\ourstuff\repos\dev\imperative\__tests__\src\packages\imperative\plugins\test_cli\TestCLI.ts misc --help
[2023/06/29 15:57:38.613] [DEBUG] [TestUtil.ts:203] Command output: 
 
 DESCRIPTION
 -----------

   imperative working test plugin

 USAGE
 -----

   C:\ourstuff\repos\dev\imperative\__tests__\src\packages\imperative\plugins\test_cli\TestCLI.ts normal-plugin-misc <command>

   Where <command> is one of the following:

 COMMANDS
 --------

   imperative-apis | ia    Test that the Imperative APIs are accessible       
   imperative-config | ic  Test that the Imperative Config is accessible and  
                           correct                                            
   imperative-error | ie   Test that Imperative can handle an Imperative error
                           from a plugin                                      
   imperative-logging | il Test that the Imperative Logging capabilities work 

 GLOBAL OPTIONS
 --------------

   --help-examples (boolean)

      Display examples for all the commands in a group

   --response-format-json | --rfj (boolean)

      Produce JSON formatted data from a command

   --help | -h (boolean)

      Display help text

   --help-web | --hw (boolean)

      Display HTML help in browser

 
exit code: 0
[2023/06/29 15:57:38.615] [INFO] [TestUtil.ts:180] Executing node --require ts-node/register C:\ourstuff\repos\dev\imperative\__tests__\src\packages\imperative\plugins\test_cli\TestCLI.ts normal-plugin-misc
[2023/06/29 15:57:38.616] [DEBUG] [TestUtil.ts:182] {} Executing node --require ts-node/register C:\ourstuff\repos\dev\imperative\__tests__\src\packages\imperative\plugins\test_cli\TestCLI.ts normal-plugin-misc
[2023/06/29 15:57:40.541] [DEBUG] [TestUtil.ts:203] Command output: 
 
 DESCRIPTION
 -----------

   imperative working test plugin

 USAGE
 -----

   C:\ourstuff\repos\dev\imperative\__tests__\src\packages\imperative\plugins\test_cli\TestCLI.ts normal-plugin-misc <command>

   Where <command> is one of the following:

 COMMANDS
 --------

   imperative-apis | ia    Test that the Imperative APIs are accessible       
   imperative-config | ic  Test that the Imperative Config is accessible and  
                           correct                                            
   imperative-error | ie   Test that Imperative can handle an Imperative error
                           from a plugin                                      
   imperative-logging | il Test that the Imperative Logging capabilities work 

 GLOBAL OPTIONS
 --------------

   --help-examples (boolean)

      Display examples for all the commands in a group

   --response-format-json | --rfj (boolean)

      Produce JSON formatted data from a command

   --help | -h (boolean)

      Display help text

   --help-web | --hw (boolean)

      Display HTML help in browser

 
exit code: 0
[2023/06/29 15:57:40.543] [INFO] [TestUtil.ts:180] Executing node --require ts-node/register C:\ourstuff\repos\dev\imperative\__tests__\src\packages\imperative\plugins\test_cli\TestCLI.ts normal-plugin-misc imperative-apis
[2023/06/29 15:57:40.545] [DEBUG] [TestUtil.ts:182] {} Executing node --require ts-node/register C:\ourstuff\repos\dev\imperative\__tests__\src\packages\imperative\plugins\test_cli\TestCLI.ts normal-plugin-misc imperative-apis
[2023/06/29 15:57:42.428] [DEBUG] [TestUtil.ts:203] Command output: 
 Imperative APIs are accessible from the test plugin
Imperative APIs imperativeLogger is accessible from the test plugin
Imperative APIs appLogger is accessible from the test plugin
 
exit code: 0
[2023/06/29 15:57:42.430] [INFO] [TestUtil.ts:180] Executing node --require ts-node/register C:\ourstuff\repos\dev\imperative\__tests__\src\packages\imperative\plugins\test_cli\TestCLI.ts normal-plugin-misc imperative-config
[2023/06/29 15:57:42.432] [DEBUG] [TestUtil.ts:182] {} Executing node --require ts-node/register C:\ourstuff\repos\dev\imperative\__tests__\src\packages\imperative\plugins\test_cli\TestCLI.ts normal-plugin-misc imperative-config
[2023/06/29 15:57:44.336] [DEBUG] [TestUtil.ts:203] Command output: 
 Imperative configuration is accessible from the test plugin
Imperative configuration does contain the expected rootCommandDescription
Imperative configuration does contain the expected defaultHome
Imperative configuration does contain the expected productDisplayName
Imperative configuration does contain the expected name
Imperative configuration does contain the expected profiles
 
exit code: 0
[2023/06/29 15:57:44.339] [INFO] [TestUtil.ts:180] Executing node --require ts-node/register C:\ourstuff\repos\dev\imperative\__tests__\src\packages\imperative\plugins\test_cli\TestCLI.ts normal-plugin-misc imperative-error
[2023/06/29 15:57:44.340] [DEBUG] [TestUtil.ts:182] {} Executing node --require ts-node/register C:\ourstuff\repos\dev\imperative\__tests__\src\packages\imperative\plugins\test_cli\TestCLI.ts normal-plugin-misc imperative-error
[2023/06/29 15:57:46.249] [DEBUG] [TestUtil.ts:203] Command output: 
 Command ERR called!
 Command Error:
Plugin threw an imperative error!
Error Details:
More details!

exit code: 1
[2023/06/29 15:57:46.250] [INFO] [TestUtil.ts:180] Executing node --require ts-node/register C:\ourstuff\repos\dev\imperative\__tests__\src\packages\imperative\plugins\test_cli\TestCLI.ts normal-plugin-misc imperative-logging --test 0.8177382052557984
[2023/06/29 15:57:46.253] [DEBUG] [TestUtil.ts:182] {} Executing node --require ts-node/register C:\ourstuff\repos\dev\imperative\__tests__\src\packages\imperative\plugins\test_cli\TestCLI.ts normal-plugin-misc imperative-logging --test 0.8177382052557984
[2023/06/29 15:57:48.149] [DEBUG] [TestUtil.ts:203] Command output: 
 0.8177382052557984: Messages logged successfully to the following locations
C:\ourstuff\repos\dev\imperative\__tests__\__results__\.pluginstest\imperative\logs\imperative.log
C:\ourstuff\repos\dev\imperative\__tests__\__results__\.pluginstest\plugins_test\logs\plugins_test.log
 
exit code: 0
[2023/06/29 15:57:48.949] [INFO] [TestUtil.ts:180] Executing node --require ts-node/register C:\ourstuff\repos\dev\imperative\__tests__\src\packages\imperative\plugins\test_cli\TestCLI.ts plugins install C:\ourstuff\repos\dev\imperative\__tests__\src\packages\imperative\plugins\test_plugins\override_plugin
[2023/06/29 15:57:48.950] [DEBUG] [TestUtil.ts:182] {} Executing node --require ts-node/register C:\ourstuff\repos\dev\imperative\__tests__\src\packages\imperative\plugins\test_cli\TestCLI.ts plugins install C:\ourstuff\repos\dev\imperative\__tests__\src\packages\imperative\plugins\test_plugins\override_plugin
[2023/06/29 15:58:01.096] [DEBUG] [TestUtil.ts:203] Command output: 
 Plug-ins within the Imperative CLI Framework can legitimately gain
control of the C:\ourstuff\repos\dev\imperative\__tests__\src\packages\imperative\plugins\test_cli\TestCLI.ts CLI application during the execution of every command.
Install 3rd party plug-ins at your own risk.

Registry = https://registry.npmjs.org/

_______________________________________________________________
Installed plugin name = '@zowe/secrets-for-kubernetes-for-zowe-cli'
 Command Error:
Install Failed
Error Details:
Unable to parse the JSON output of the 'plugins validate' command.
Reason = Unexpected token / in JSON at position 5
Text that was being parsed:
[2023/06/29 15:58:00.853] [INFO] [Logger.ts:218] CredentialManager in sample-plugin is loading:
    service = plugins_test
    account = secure_config_props
{
  "success": true,
  "exitCode": 0,
  "message": "",
  "stdout": "\n_____ Validation results for plugin '@zowe/secrets-for-kubernetes-for-zowe-cli' _____\nThis plugin was successfully validated. Enjoy the plugin.\n",
  "stderr": "",
  "data": {}
}

exit code: 1
[2023/06/29 15:58:01.097] [INFO] [TestUtil.ts:180] Executing node --require ts-node/register C:\ourstuff\repos\dev\imperative\__tests__\src\packages\imperative\plugins\test_cli\TestCLI.ts 
[2023/06/29 15:58:01.097] [DEBUG] [TestUtil.ts:182] {} Executing node --require ts-node/register C:\ourstuff\repos\dev\imperative\__tests__\src\packages\imperative\plugins\test_cli\TestCLI.ts 
[2023/06/29 15:58:02.959] [DEBUG] [TestUtil.ts:203] Command output: 
 [2023/06/29 15:58:02.733] [INFO] [Logger.ts:218] CredentialManager in sample-plugin is loading:
    service = plugins_test
    account = secure_config_props

 DESCRIPTION
 -----------

   Sample command line interface

 USAGE
 -----

   C:\ourstuff\repos\dev\imperative\__tests__\src\packages\imperative\plugins\test_cli\TestCLI.ts <group>

   Where <group> is one of the following:

 GROUPS
 ------

   config          Manage JSON project and global configuration          
   override-plugin imperative override plugin pluginSummary              
   plugins         Install and manage plug-ins.                          
   profiles        Create and manage configuration profiles. (deprecated)

 OPTIONS
 -------

   --version | -V (boolean)

      Display the current version of Test CLI for Plugins

   --available-commands | --ac (boolean)

      Displays a list of available commands

 GLOBAL OPTIONS
 --------------

   --response-format-json | --rfj (boolean)

      Produce JSON formatted data from a command

   --help | -h (boolean)

      Display help text

   --help-web | --hw (boolean)

      Display HTML help in browser

 
exit code: 0
[2023/06/29 15:58:02.960] [INFO] [TestUtil.ts:180] Executing node --require ts-node/register C:\ourstuff\repos\dev\imperative\__tests__\src\packages\imperative\plugins\test_cli\TestCLI.ts override-plugin
[2023/06/29 15:58:02.961] [DEBUG] [TestUtil.ts:182] {} Executing node --require ts-node/register C:\ourstuff\repos\dev\imperative\__tests__\src\packages\imperative\plugins\test_cli\TestCLI.ts override-plugin
[2023/06/29 15:58:04.771] [DEBUG] [TestUtil.ts:203] Command output: 
 [2023/06/29 15:58:04.594] [INFO] [Logger.ts:218] CredentialManager in sample-plugin is loading:
    service = plugins_test
    account = secure_config_props

 DESCRIPTION
 -----------

   imperative override plugin rootCommandDescription

 USAGE
 -----

   C:\ourstuff\repos\dev\imperative\__tests__\src\packages\imperative\plugins\test_cli\TestCLI.ts override-plugin <command>

   Where <command> is one of the following:

 COMMANDS
 --------

   bar dummy bar command
   foo dummy foo command

 GLOBAL OPTIONS
 --------------

   --help-examples (boolean)

      Display examples for all the commands in a group

   --response-format-json | --rfj (boolean)

      Produce JSON formatted data from a command

   --help | -h (boolean)

      Display help text

   --help-web | --hw (boolean)

      Display HTML help in browser

 
exit code: 0
[2023/06/29 15:58:04.774] [INFO] [TestUtil.ts:180] Executing node --require ts-node/register C:\ourstuff\repos\dev\imperative\__tests__\src\packages\imperative\plugins\test_cli\TestCLI.ts profiles create secure-pass-profile TestProfileName --password 'AnyPass' --overwrite
[2023/06/29 15:58:04.775] [DEBUG] [TestUtil.ts:182] {} Executing node --require ts-node/register C:\ourstuff\repos\dev\imperative\__tests__\src\packages\imperative\plugins\test_cli\TestCLI.ts profiles create secure-pass-profile TestProfileName --password 'AnyPass' --overwrite
[2023/06/29 15:58:06.632] [DEBUG] [TestUtil.ts:203] Command output: 
 [2023/06/29 15:58:06.393] [INFO] [Logger.ts:218] CredentialManager in sample-plugin is loading:
    service = plugins_test
    account = secure_config_props
[2023/06/29 15:58:06.601] [INFO] [Logger.ts:218] CredentialManager in sample-plugin is saving these creds:
    service     = plugins_test
    account     = secure-pass_TestProfileName_password
    credentials = 10.670269121028081
Overwrote existing profile for TestProfileName.
Profile created successfully! Path:
C:\ourstuff\repos\dev\imperative\__tests__\__results__\.pluginstest\profiles\secure-pass\TestProfileName.yaml

password: managed by Secrets for Kubernetes

Review the created profile and edit if necessary using the profile update command.
 
Warning: The command 'profiles create' is deprecated.
Recommended replacement: The 'config init' command

exit code: 0
[2023/06/29 15:58:06.876] [INFO] [TestUtil.ts:180] Executing node --require ts-node/register C:\ourstuff\repos\dev\imperative\__tests__\src\packages\imperative\plugins\test_cli\TestCLI.ts plugins install C:\ourstuff\repos\dev\imperative\__tests__\src\packages\imperative\plugins\test_plugins\normal_plugin
[2023/06/29 15:58:06.877] [DEBUG] [TestUtil.ts:182] {} Executing node --require ts-node/register C:\ourstuff\repos\dev\imperative\__tests__\src\packages\imperative\plugins\test_cli\TestCLI.ts plugins install C:\ourstuff\repos\dev\imperative\__tests__\src\packages\imperative\plugins\test_plugins\normal_plugin
[2023/06/29 15:58:17.345] [DEBUG] [TestUtil.ts:203] Command output: 
 Plug-ins within the Imperative CLI Framework can legitimately gain
control of the C:\ourstuff\repos\dev\imperative\__tests__\src\packages\imperative\plugins\test_cli\TestCLI.ts CLI application during the execution of every command.
Install 3rd party plug-ins at your own risk.

Registry = https://registry.npmjs.org/

_______________________________________________________________
Installed plugin name = 'normal-plugin'

_____ Validation results for plugin 'normal-plugin' _____
This plugin was successfully validated. Enjoy the plugin.


 
exit code: 0
[2023/06/29 15:58:17.346] [INFO] [TestUtil.ts:180] Executing node --require ts-node/register C:\ourstuff\repos\dev\imperative\__tests__\src\packages\imperative\plugins\test_cli\TestCLI.ts plugins uninstall normal-plugin
[2023/06/29 15:58:17.348] [DEBUG] [TestUtil.ts:182] {} Executing node --require ts-node/register C:\ourstuff\repos\dev\imperative\__tests__\src\packages\imperative\plugins\test_cli\TestCLI.ts plugins uninstall normal-plugin
[2023/06/29 15:58:23.062] [DEBUG] [TestUtil.ts:203] Command output: 
 Removal of the npm package(s) was successful.

 
exit code: 0
[2023/06/29 15:58:23.339] [INFO] [TestUtil.ts:180] Executing node --require ts-node/register C:\ourstuff\repos\dev\imperative\__tests__\src\packages\imperative\plugins\test_cli\TestCLI.ts plugins uninstall
[2023/06/29 15:58:23.340] [DEBUG] [TestUtil.ts:182] {} Executing node --require ts-node/register C:\ourstuff\repos\dev\imperative\__tests__\src\packages\imperative\plugins\test_cli\TestCLI.ts plugins uninstall
[2023/06/29 15:58:25.783] [DEBUG] [TestUtil.ts:203] Command output: 
  Command Error:
Package name is required.

exit code: 1
[2023/06/29 15:58:26.012] [INFO] [TestUtil.ts:180] Executing node --require ts-node/register C:\ourstuff\repos\dev\imperative\__tests__\src\packages\imperative\plugins\test_cli\TestCLI.ts plugins install C:\ourstuff\repos\dev\imperative\__tests__\src\packages\imperative\plugins\test_plugins\normal_plugin
[2023/06/29 15:58:26.012] [DEBUG] [TestUtil.ts:182] {} Executing node --require ts-node/register C:\ourstuff\repos\dev\imperative\__tests__\src\packages\imperative\plugins\test_cli\TestCLI.ts plugins install C:\ourstuff\repos\dev\imperative\__tests__\src\packages\imperative\plugins\test_plugins\normal_plugin
[2023/06/29 15:58:36.958] [DEBUG] [TestUtil.ts:203] Command output: 
 Plug-ins within the Imperative CLI Framework can legitimately gain
control of the C:\ourstuff\repos\dev\imperative\__tests__\src\packages\imperative\plugins\test_cli\TestCLI.ts CLI application during the execution of every command.
Install 3rd party plug-ins at your own risk.

Registry = https://registry.npmjs.org/

_______________________________________________________________
Installed plugin name = 'normal-plugin'

_____ Validation results for plugin 'normal-plugin' _____
This plugin was successfully validated. Enjoy the plugin.


 
exit code: 0
[2023/06/29 15:58:36.959] [INFO] [TestUtil.ts:180] Executing node --require ts-node/register C:\ourstuff\repos\dev\imperative\__tests__\src\packages\imperative\plugins\test_cli\TestCLI.ts plugins uninstall invalid-package
[2023/06/29 15:58:36.960] [DEBUG] [TestUtil.ts:182] {} Executing node --require ts-node/register C:\ourstuff\repos\dev\imperative\__tests__\src\packages\imperative\plugins\test_cli\TestCLI.ts plugins uninstall invalid-package
[2023/06/29 15:58:39.515] [DEBUG] [TestUtil.ts:203] Command output: 
 Unable to perform the 'preUninstall' action of plugin 'invalid-package'
Reason: C:\ourstuff\repos\dev\imperative\__tests__\__results__\.pluginstest\plugins\installed\node_modules\invalid-package\package.json: ENOENT: no such file or directory, open 'C:\ourstuff\repos\dev\imperative\__tests__\__results__\.pluginstest\plugins\installed\node_modules\invalid-package\package.json'
 Command Error:
Uninstall Failed
Error Details:
Plugin name 'invalid-package' is not installed.

exit code: 1
[2023/06/29 15:58:39.761] [INFO] [TestUtil.ts:180] Executing node --require ts-node/register C:\ourstuff\repos\dev\imperative\__tests__\src\packages\imperative\plugins\test_cli\TestCLI.ts plugins install C:\ourstuff\repos\dev\imperative\__tests__\src\packages\imperative\plugins\test_plugins\override_plugin
[2023/06/29 15:58:39.762] [DEBUG] [TestUtil.ts:182] [Object: null prototype] {} Executing node --require ts-node/register C:\ourstuff\repos\dev\imperative\__tests__\src\packages\imperative\plugins\test_cli\TestCLI.ts plugins install C:\ourstuff\repos\dev\imperative\__tests__\src\packages\imperative\plugins\test_plugins\override_plugin
[2023/06/29 15:58:52.678] [DEBUG] [TestUtil.ts:203] Command output: 
 Plug-ins within the Imperative CLI Framework can legitimately gain
control of the C:\ourstuff\repos\dev\imperative\__tests__\src\packages\imperative\plugins\test_cli\TestCLI.ts CLI application during the execution of every command.
Install 3rd party plug-ins at your own risk.

Registry = https://registry.npmjs.org/

_______________________________________________________________
Installed plugin name = '@zowe/secrets-for-kubernetes-for-zowe-cli'
 Command Error:
Install Failed
Error Details:
Unable to parse the JSON output of the 'plugins validate' command.
Reason = Unexpected token / in JSON at position 5
Text that was being parsed:
[2023/06/29 15:58:52.400] [INFO] [Logger.ts:218] CredentialManager in sample-plugin is loading:
    service = plugins_test
    account = secure_config_props
{
  "success": true,
  "exitCode": 0,
  "message": "",
  "stdout": "\n_____ Validation results for plugin '@zowe/secrets-for-kubernetes-for-zowe-cli' _____\nThis plugin was successfully validated. Enjoy the plugin.\n",
  "stderr": "",
  "data": {}
}

exit code: 1
[2023/06/29 15:58:52.681] [INFO] [TestUtil.ts:180] Executing node --require ts-node/register C:\ourstuff\repos\dev\imperative\__tests__\src\packages\imperative\plugins\test_cli\TestCLI.ts plugins uninstall @zowe/secrets-for-kubernetes-for-zowe-cli
[2023/06/29 15:58:52.682] [DEBUG] [TestUtil.ts:182] [Object: null prototype] {} Executing node --require ts-node/register C:\ourstuff\repos\dev\imperative\__tests__\src\packages\imperative\plugins\test_cli\TestCLI.ts plugins uninstall @zowe/secrets-for-kubernetes-for-zowe-cli
[2023/06/29 15:59:00.058] [DEBUG] [TestUtil.ts:203] Command output: 
 [2023/06/29 15:58:55.348] [INFO] [Logger.ts:218] CredentialManager in sample-plugin is loading:
    service = plugins_test
    account = secure_config_props
Unable to perform the 'preUninstall' action of plugin '@zowe/secrets-for-kubernetes-for-zowe-cli'
Reason: The plugin '@zowe/secrets-for-kubernetes-for-zowe-cli', which overrides the CLI Credential Manager, does not implement the 'pluginLifeCycle' class. The CLI default Credential Manager (@zowe/cli) was automatically reinstated.
Removal of the npm package(s) was successful.

 
exit code: 0
[2023/06/29 15:59:00.312] [INFO] [TestUtil.ts:180] Executing node --require ts-node/register C:\ourstuff\repos\dev\imperative\__tests__\src\packages\imperative\plugins\test_cli\TestCLI.ts plugins install C:\ourstuff\repos\dev\imperative\__tests__\src\packages\imperative\plugins\test_plugins\override_plugin
[2023/06/29 15:59:00.313] [DEBUG] [TestUtil.ts:182] [Object: null prototype] {} Executing node --require ts-node/register C:\ourstuff\repos\dev\imperative\__tests__\src\packages\imperative\plugins\test_cli\TestCLI.ts plugins install C:\ourstuff\repos\dev\imperative\__tests__\src\packages\imperative\plugins\test_plugins\override_plugin
[2023/06/29 15:59:12.326] [DEBUG] [TestUtil.ts:203] Command output: 
 Plug-ins within the Imperative CLI Framework can legitimately gain
control of the C:\ourstuff\repos\dev\imperative\__tests__\src\packages\imperative\plugins\test_cli\TestCLI.ts CLI application during the execution of every command.
Install 3rd party plug-ins at your own risk.

Registry = https://registry.npmjs.org/

_______________________________________________________________
Installed plugin name = '@zowe/secrets-for-kubernetes-for-zowe-cli'
 Command Error:
Install Failed
Error Details:
Unable to parse the JSON output of the 'plugins validate' command.
Reason = Unexpected token / in JSON at position 5
Text that was being parsed:
[2023/06/29 15:59:12.041] [INFO] [Logger.ts:218] CredentialManager in sample-plugin is loading:
    service = plugins_test
    account = secure_config_props
{
  "success": true,
  "exitCode": 0,
  "message": "",
  "stdout": "\n_____ Validation results for plugin '@zowe/secrets-for-kubernetes-for-zowe-cli' _____\nThis plugin was successfully validated. Enjoy the plugin.\n",
  "stderr": "",
  "data": {}
}

exit code: 1
[2023/06/29 15:59:12.327] [INFO] [TestUtil.ts:180] Executing node --require ts-node/register C:\ourstuff\repos\dev\imperative\__tests__\src\packages\imperative\plugins\test_cli\TestCLI.ts plugins uninstall @zowe/secrets-for-kubernetes-for-zowe-cli
[2023/06/29 15:59:12.328] [DEBUG] [TestUtil.ts:182] [Object: null prototype] {} Executing node --require ts-node/register C:\ourstuff\repos\dev\imperative\__tests__\src\packages\imperative\plugins\test_cli\TestCLI.ts plugins uninstall @zowe/secrets-for-kubernetes-for-zowe-cli
[2023/06/29 15:59:19.454] [DEBUG] [TestUtil.ts:203] Command output: 
 [2023/06/29 15:59:14.289] [INFO] [Logger.ts:218] CredentialManager in sample-plugin is loading:
    service = plugins_test
    account = secure_config_props
Removal of the npm package(s) was successful.

 
exit code: 0
[2023/06/29 15:59:19.708] [INFO] [TestUtil.ts:180] Executing node --require ts-node/register C:\ourstuff\repos\dev\imperative\__tests__\src\packages\imperative\plugins\test_cli\TestCLI.ts plugins install C:\ourstuff\repos\dev\imperative\__tests__\src\packages\imperative\plugins\test_plugins\normal_plugin
[2023/06/29 15:59:19.709] [DEBUG] [TestUtil.ts:182] {} Executing node --require ts-node/register C:\ourstuff\repos\dev\imperative\__tests__\src\packages\imperative\plugins\test_cli\TestCLI.ts plugins install C:\ourstuff\repos\dev\imperative\__tests__\src\packages\imperative\plugins\test_plugins\normal_plugin
[2023/06/29 15:59:30.937] [DEBUG] [TestUtil.ts:203] Command output: 
 Plug-ins within the Imperative CLI Framework can legitimately gain
control of the C:\ourstuff\repos\dev\imperative\__tests__\src\packages\imperative\plugins\test_cli\TestCLI.ts CLI application during the execution of every command.
Install 3rd party plug-ins at your own risk.

Registry = https://registry.npmjs.org/

_______________________________________________________________
Installed plugin name = 'normal-plugin'

_____ Validation results for plugin 'normal-plugin' _____
This plugin was successfully validated. Enjoy the plugin.


 
exit code: 0
[2023/06/29 15:59:30.938] [INFO] [TestUtil.ts:180] Executing node --require ts-node/register C:\ourstuff\repos\dev\imperative\__tests__\src\packages\imperative\plugins\test_cli\TestCLI.ts plugins list
[2023/06/29 15:59:30.939] [DEBUG] [TestUtil.ts:182] {} Executing node --require ts-node/register C:\ourstuff\repos\dev\imperative\__tests__\src\packages\imperative\plugins\test_cli\TestCLI.ts plugins list
[2023/06/29 15:59:32.773] [DEBUG] [TestUtil.ts:203] Command output: 
 
Installed plugins: 

 -- pluginName: normal-plugin 
 -- package: C:\ourstuff\repos\dev\imperative\__tests__\src\packages\imperative\plugins\test_plugins\normal_plugin 
 -- version: 1.0.1 
 -- registry: https://registry.npmjs.org/


 
exit code: 0
[2023/06/29 15:59:33.024] [INFO] [TestUtil.ts:180] Executing node --require ts-node/register C:\ourstuff\repos\dev\imperative\__tests__\src\packages\imperative\plugins\test_cli\TestCLI.ts plugins list
[2023/06/29 15:59:33.025] [DEBUG] [TestUtil.ts:182] {} Executing node --require ts-node/register C:\ourstuff\repos\dev\imperative\__tests__\src\packages\imperative\plugins\test_cli\TestCLI.ts plugins list
[2023/06/29 15:59:35.050] [DEBUG] [TestUtil.ts:203] Command output: 
 No plugins have been installed into your CLI application.
 
exit code: 0
[2023/06/29 15:59:35.302] [INFO] [TestUtil.ts:180] Executing node --require ts-node/register C:\ourstuff\repos\dev\imperative\__tests__\src\packages\imperative\plugins\test_cli\TestCLI.ts plugins install C:\ourstuff\repos\dev\imperative\__tests__\src\packages\imperative\plugins\test_plugins\normal_plugin
[2023/06/29 15:59:35.304] [DEBUG] [TestUtil.ts:182] {} Executing node --require ts-node/register C:\ourstuff\repos\dev\imperative\__tests__\src\packages\imperative\plugins\test_cli\TestCLI.ts plugins install C:\ourstuff\repos\dev\imperative\__tests__\src\packages\imperative\plugins\test_plugins\normal_plugin
[2023/06/29 15:59:47.139] [DEBUG] [TestUtil.ts:203] Command output: 
 Plug-ins within the Imperative CLI Framework can legitimately gain
control of the C:\ourstuff\repos\dev\imperative\__tests__\src\packages\imperative\plugins\test_cli\TestCLI.ts CLI application during the execution of every command.
Install 3rd party plug-ins at your own risk.

Registry = https://registry.npmjs.org/

_______________________________________________________________
Installed plugin name = 'normal-plugin'

_____ Validation results for plugin 'normal-plugin' _____
This plugin was successfully validated. Enjoy the plugin.


 
exit code: 0
[2023/06/29 15:59:47.140] [INFO] [TestUtil.ts:180] Executing node --require ts-node/register C:\ourstuff\repos\dev\imperative\__tests__\src\packages\imperative\plugins\test_cli\TestCLI.ts plugins update normal-plugin
[2023/06/29 15:59:47.142] [DEBUG] [TestUtil.ts:182] {} Executing node --require ts-node/register C:\ourstuff\repos\dev\imperative\__tests__\src\packages\imperative\plugins\test_cli\TestCLI.ts plugins update normal-plugin
[2023/06/29 15:59:53.138] [DEBUG] [TestUtil.ts:203] Command output: 
 Update of the npm package(C:\ourstuff\repos\dev\imperative\__tests__\src\packages\imperative\plugins\test_plugins\normal_plugin) was successful.

 
exit code: 0
[2023/06/29 16:00:05.759] [INFO] [TestUtil.ts:180] Executing node --require ts-node/register C:\ourstuff\repos\dev\imperative\__tests__\src\packages\imperative\plugins\test_cli\TestCLI.ts plugins update
[2023/06/29 16:00:05.760] [DEBUG] [TestUtil.ts:182] {} Executing node --require ts-node/register C:\ourstuff\repos\dev\imperative\__tests__\src\packages\imperative\plugins\test_cli\TestCLI.ts plugins update
[2023/06/29 16:00:08.592] [DEBUG] [TestUtil.ts:203] Command output: 
  Command Error:
Plugin name is required.

exit code: 1
